The following methods will be used: mie
Particle sizes have been specified (in microns)
Mean radius of spherical particles and log normal sigma:  1.0 0.1
Creating a csv file: command.csv
No plotting has been requested
The frequency increment is 0.20 cm-1
The default width factor (-sigma) has been set to 5.000000 cm-1
The permittivity of the medium (-dielectric) has been set to 2.0000
The density of the medium (-density) has been set to 2.2000 g/cc
Vmin is:   300.0 cm-1
Vmax is:   800.0 cm-1
All phonon modes will be considered
The number of processors has been set to 4 

Program used to perform the phonon calculation was: castep
The file containing the output is: phonon.castep
No projection of the dynamical matrix will be performed
The charge neutrality of the Born atomic charges will not be enforced
 
Shape depolarisation matrix: sphere   
            0.333333       0.000000       0.000000
            0.000000       0.333333       0.000000
            0.000000       0.000000       0.333333
 
Atomic masses will be defined using:  average
 
Old masses by atom types
  15.999400  24.305000
 
Old atomic mass list
  15.999400  24.305000
 
New masses by atom types
  15.999400  24.305000
 
New atomic mass list
  15.999400  24.305000

Volume of unit cell is    19.14979700 Angstrom^3
Total unit cell mass is:    40.30440000 g/mol
Crystal density is:   3.49492 g/cc


Concentration for unit volume fraction   86.7131 moles/Litre
Calculated Integrated IR band intensities (espilon_max assumes a fwhm line width)
Only IR active modes are shown

Mode Frequency Intensity         Integrated Molar Absorption Epsilon_max   FWHM  
     cm-1      Debye2/Angs2/amu   Coefficient L/mole/cm/cm    L/mole/cm    cm-1  
---- --------- ----------------  --------------------------- -----------   ----  
   3   388.28          9.290771                39259.082853   4998.6217      5.0
   4   388.28          9.290771                39259.082853   4998.6217      5.0
   5   388.28          9.290771                39259.082853   4998.6217      5.0
 
 
Permittivity contribution from ionic displacements
            6.863609       0.000000       0.000000
            0.000000       6.863609      -0.000000
            0.000000      -0.000000       6.863609
 
Optical permittivity at zero frequency
            3.139690       0.000000       0.000000
            0.000000       3.139690       0.000000
            0.000000       0.000000       3.139690
 
Total permittivity
           10.003299       0.000000       0.000000
            0.000000      10.003299      -0.000000
            0.000000      -0.000000      10.003299
