The following methods will be used: maxwell bruggeman ap
Creating a csv file: command1.csv
No plotting has been requested
The frequency increment is 0.20 cm-1
The default width factor (-sigma) has been set to 5.000000 cm-1
The permittivity of the medium (-dielectric) has been set to 2.0000
The density of the medium (-density) has been set to 2.2000 g/cc
Vmin is:     0.0 cm-1
Vmax is:   300.0 cm-1
All phonon modes will be considered

Program used to perform the phonon calculation was: castep
The file containing the output is: phonon.castep
No projection of the dynamical matrix will be performed
The charge neutrality of the Born atomic charges will not be enforced
 
Shape depolarisation matrix: needle [0,0,1] xyz=[-0.230678,-0.237479,0.943606]
            0.473394      -0.027391       0.108835
           -0.027391       0.471802       0.112043
            0.108835       0.112043       0.054804
 
Shape depolarisation matrix: ellipsoid [0,0,1] 0.5xyz=[-0.230678,-0.237479,0.943606]
            0.251874       0.015930      -0.063298
            0.015930       0.252800      -0.065164
           -0.063298      -0.065164       0.495326
 
Shape depolarisation matrix: plate (1,0,0) xyz=[0.956157,0.124489,0.265077]
            0.914237       0.119031       0.253455
            0.119031       0.015497       0.032999
            0.253455       0.032999       0.070266

Volume of unit cell is   151.88042800 Angstrom^3
Total unit cell mass is:   238.10674000 g/mol
Crystal density is:   2.60327 g/cc


Concentration for unit volume fraction   10.9332 moles/Litre
 
 
Transverse frequencies (cm-1)
    -41.00     -0.04     -0.03     -0.02     72.78     81.51    103.77    110.08
    121.84    125.47    165.35    188.60    192.57    199.83    210.70    216.39
    239.31    331.17    351.83    477.98    496.18    525.22    537.80    559.77
    577.76    613.07    687.16    712.11    985.91   1114.61   1154.22   1349.01
   1356.87   1417.59   1430.78   2506.58
 
 
Longitudinal frequencies (cm-1) q->0 q(cart)=[ 0.5164, 0.5138, 0.6851] (1,1,1)
    -40.08     -0.03     -0.02      1.61     73.63     81.51    103.77    110.08
    121.84    126.12    166.40    188.60    199.83    210.70    216.35    239.28
    239.31    331.17    351.84    478.36    496.18    529.10    541.86    559.77
    577.76    622.38    687.16    734.72    985.91   1123.65   1154.22   1356.87
   1382.18   1430.78   1435.13   2506.58
 
Calculated Integrated IR band intensities (espilon_max assumes a fwhm line width)
Only IR active modes are shown

Mode Frequency Intensity         Integrated Molar Absorption Epsilon_max   FWHM  
     cm-1      Debye2/Angs2/amu   Coefficient L/mole/cm/cm    L/mole/cm    cm-1  
---- --------- ----------------  --------------------------- -----------   ----  
   4    72.78          3.270815                13821.154954   1759.7641      5.0
   9   125.47          0.660838                 2792.438803    355.5444      5.0
  10   165.35          0.491887                 2078.516931    264.6450      5.0
  12   192.57          4.161260                17583.819288   2238.8414      5.0
  15   216.39          3.575798                15109.892000   1923.8512      5.0
  18   351.83          0.084267                  356.077343     45.3372      5.0
  19   477.98          0.138925                  587.040837     74.7444      5.0
  21   525.22          1.694487                 7160.223882    911.6680      5.0
  22   537.80          2.537072                10720.652489   1364.9959      5.0
  25   613.07          5.220632                22060.303092   2808.8050      5.0
  27   712.11         17.376541                73426.310297   9348.9282      5.0
  29  1114.61         10.746782                45411.602211   5781.9848      5.0
  31  1349.01         28.536341               120583.163567  15353.1252      5.0
  33  1417.59         26.935991               113820.721869  14492.1044      5.0
 
 
Permittivity contribution from ionic displacements
            6.694483      -2.255692      -2.896438
           -2.255692       3.240441       1.597174
           -2.896438       1.597174       3.661169
 
Optical permittivity at zero frequency
            2.261110      -0.041990      -0.106340
           -0.041990       2.203310       0.073450
           -0.106340       0.073450       2.345640
 
Total permittivity
            8.955593      -2.297682      -3.002778
           -2.297682       5.443751       1.670624
           -3.002778       1.670624       6.006809
The following methods will be used: maxwell
Creating a csv file: command2.csv
No plotting has been requested
The frequency increment is 0.20 cm-1
The default width factor (-sigma) has been set to 5.000000 cm-1
The permittivity of the medium (-dielectric) has been set to 2.0000
The density of the medium (-density) has been set to 2.2000 g/cc
Vmin is:     0.0 cm-1
Vmax is:   300.0 cm-1
All phonon modes will be considered

Program used to perform the phonon calculation was: castep
The file containing the output is: phonon.castep
No projection of the dynamical matrix will be performed
The charge neutrality of the Born atomic charges will not be enforced

Summary of information contained in the QM/MM Reader

Number of atoms:    12

Number of species:     3
 
Species:
 O         Na        S        
 
Number of atoms for each species:
         8         2         2
 
Mass of each species:
  15.999400  22.989770  32.066000
 
Atom type list:
         0         0         0         0         0         0         0         0
         1         1         2         2

Number of kpoints:   105

Kpoint grid      :     7     6     5

Energy cutoff (eV): 550.000000

 
Frequencies (cm-1):
    -41.00     -0.04     -0.03     -0.02     72.78     81.51    103.77    110.08
    121.84    125.47    165.35    188.60    192.57    199.83    210.70    216.39
    239.31    331.17    351.83    477.98    496.18    525.22    537.80    559.77
    577.76    613.07    687.16    712.11    985.91   1114.61   1154.22   1349.01
   1356.87   1417.59   1430.78   2506.58
 
Masses (amu):
  15.999400  15.999400  15.999400  15.999400  15.999400  15.999400  15.999400  15.999400
  22.989770  22.989770  32.066000  32.066000
 
Born Charges for Atom 0
           -0.534950       0.190220       0.299390
            0.236410      -0.827210      -0.382130
            0.317030      -0.353980      -0.765840
 
Born Charges for Atom 1
           -0.534950       0.190220       0.299390
            0.236410      -0.827210      -0.382130
            0.317030      -0.353980      -0.765840
 
Born Charges for Atom 2
           -1.239820      -0.469790       0.382300
           -0.264050      -1.159720       0.170500
            0.413950       0.377920      -1.182450
 
Born Charges for Atom 3
           -1.239820      -0.469790       0.382300
           -0.264050      -1.159720       0.170500
            0.413950       0.377920      -1.182450
 
Born Charges for Atom 4
           -1.373890      -0.161910      -0.270700
           -0.394290      -1.092570      -0.268390
           -0.572080      -0.447920      -1.339260
 
Born Charges for Atom 5
           -1.373890      -0.161910      -0.270700
           -0.394290      -1.092570      -0.268390
           -0.572080      -0.447920      -1.339260
 
Born Charges for Atom 6
           -1.140300       0.539460      -0.348690
            0.328700      -1.369300       0.407650
           -0.152070       0.133900      -1.166420
 
Born Charges for Atom 7
           -1.140300       0.539460      -0.348690
            0.328700      -1.369300       0.407650
           -0.152070       0.133900      -1.166420
 
Born Charges for Atom 8
            1.192730       0.045280       0.039190
            0.036010       1.193050      -0.036890
            0.038100      -0.038810       1.181650
 
Born Charges for Atom 9
            1.192730       0.045280       0.039190
            0.036010       1.193050      -0.036890
            0.038100      -0.038810       1.181650
 
Born Charges for Atom 10
            3.096230      -0.143270      -0.101490
            0.057210       3.255760       0.109260
           -0.044930       0.328900       3.272320
 
Born Charges for Atom 11
            3.096230      -0.143270      -0.101490
            0.057210       3.255760       0.109260
           -0.044930       0.328900       3.272320
 
Epsilon inf: 
            2.261110      -0.041990      -0.106340
           -0.041990       2.203310       0.073450
           -0.106340       0.073450       2.345640
 
Unit cell: 
            4.780000       0.000000       0.000000
           -0.719772       5.528341       0.000000
           -1.405061      -1.446482       5.747502
 
Volume of cell: 151.880428
Total mass is: 238.106740 g/mol
Density is: 2.603268 g/cc
 
 
Shape depolarisation matrix: sphere   
            0.333333       0.000000       0.000000
            0.000000       0.333333       0.000000
            0.000000       0.000000       0.333333
 
Atomic masses will be defined using:  isotope
 
Old masses by atom types
  15.999400  22.989770  32.066000
 
Old atomic mass list
  15.999400  15.999400  15.999400  15.999400  15.999400  15.999400  15.999400  15.999400
  22.989770  22.989770  32.066000  32.066000
 
New masses by atom types
  15.994915  22.989770  31.972071
 
New atomic mass list
  15.994915  15.994915  15.994915  15.994915  15.994915  15.994915  15.994915  15.994915
  22.989770  22.989770  31.972071  31.972071

Volume of unit cell is   151.88042800 Angstrom^3
Total unit cell mass is:   237.88299776 g/mol
Crystal density is:   2.60082 g/cc


Concentration for unit volume fraction   10.9332 moles/Litre
Calculated Integrated IR band intensities (espilon_max assumes a fwhm line width)
Only IR active modes are shown

Mode Frequency Intensity         Integrated Molar Absorption Epsilon_max   FWHM  
     cm-1      Debye2/Angs2/amu   Coefficient L/mole/cm/cm    L/mole/cm    cm-1  
---- --------- ----------------  --------------------------- -----------   ----  
   4    72.79          3.271633                13824.612585   1760.2043      5.0
   9   125.49          0.661058                 2793.368288    355.6627      5.0
  10   165.37          0.492103                 2079.428622    264.7611      5.0
  12   192.59          4.162358                17588.461655   2239.4325      5.0
  15   216.41          3.576856                15114.361936   1924.4203      5.0
  18   351.90          0.084026                  355.059632     45.2076      5.0
  19   478.05          0.138676                  585.991225     74.6107      5.0
  21   525.43          1.692251                 7150.775103    910.4650      5.0
  22   537.95          2.524835                10668.941037   1358.4118      5.0
  25   613.37          5.208643                22009.640915   2802.3545      5.0
  27   712.62         17.421896                73617.964476   9373.3304      5.0
  29  1114.89         10.778523                45545.726394   5799.0620      5.0
  31  1349.98         28.582115               120776.586643  15377.7526      5.0
  33  1418.66         26.982593               114017.644069  14517.1773      5.0
 
 
Permittivity contribution from ionic displacements
            6.694365      -2.255636      -2.896409
           -2.255636       3.240407       1.597160
           -2.896409       1.597160       3.661139
 
Optical permittivity at zero frequency
            2.261110      -0.041990      -0.106340
           -0.041990       2.203310       0.073450
           -0.106340       0.073450       2.345640
 
Total permittivity
            8.955475      -2.297626      -3.002749
           -2.297626       5.443717       1.670610
           -3.002749       1.670610       6.006779
