Creating a csv file: command.csv
Vmin is:     0.0 cm-1
Vmax is:  9000.0 cm-1
All phonon modes will be considered

Program used to perform the phonon calculation was: castep
The file containing the output is: phonon.castep
No projection of the dynamical matrix will be performed
The charge neutrality of the Born atomic charges will not be enforced
 
Atomic masses will be defined using:  average

Volume of unit cell is   710.49235400 Angstrom^3
Total unit cell mass is:   524.69168000 g/mol
Crystal density is:   1.22629 g/cc

 
Unit Cell a,b,c 
     9.672761     5.271751    13.981405
 
Unit Cell alpha,beta,gamma
    90.000000    94.754088    90.000000
 
lattice
     9.639482     0.000000    -0.801672
     0.000000     5.271751     0.000000
     0.000000     0.000000    13.981405
 
Element names
 H         N         H         H         C         C         C         H        
 H         C         C         H         H         H         O         O        
 H         H         C         H         H         H         H         N        
 H         H         C         H         C         C         H         C        
 C         H         H         C         H         H         H         H        
 H         H         O         O         H         N         H         C        
 H         C         H         C         H         C         C         H        
 H         C         H         H         H         H         H         H        
 O         O         H         N         H         H         C         H        
 C         C         C         H         C         H         H         H        
 H         C         H         H         H         H         O         O        
 
Fractional coords
     0.296252    -0.370100     0.396910
     0.367503    -0.229031     0.419278
     0.470347    -0.297428     0.414638
     0.355734    -0.191443     0.490806
     0.345312     0.011709     0.364445
     0.204503     0.122878     0.383661
     0.361151    -0.026362     0.257228
     0.426806     0.140321     0.392737
     0.445656    -0.163322     0.253093
     0.232187    -0.136503     0.204125
     0.407032     0.221140     0.213807
     0.252252    -0.196089     0.132008
     0.194753    -0.301295     0.241114
     0.148533     0.002967     0.197555
     0.117770    -0.023125     0.414478
     0.184154     0.351335     0.364444
     0.502581     0.282012     0.254504
     0.329620     0.365673     0.225670
     0.428877     0.210097     0.108273
     0.332401     0.173184     0.064559
     0.469247     0.390113     0.084090
     0.502622     0.062562     0.092162
     0.703748     0.129900     0.603090
     0.632497     0.270969     0.580722
     0.529653     0.202572     0.585362
     0.644266     0.308557     0.509194
     0.654688     0.511709     0.635555
     0.573194     0.640321     0.607263
     0.795497     0.622878     0.616339
     0.638849     0.473638     0.742772
     0.554344     0.336678     0.746907
     0.592968     0.721140     0.786193
     0.767813     0.363497     0.795875
     0.497419     0.782012     0.745496
     0.670380     0.865673     0.774330
     0.571123     0.710097     0.891727
     0.497378     0.562562     0.907838
     0.530753     0.890113     0.915910
     0.667599     0.673184     0.935441
     0.805247     0.198705     0.758886
     0.747748     0.303911     0.867992
     0.851467     0.502967     0.802445
     0.882230     0.476875     0.585522
     0.815846     0.851335     0.635556
     0.834497     0.227118     0.379826
     0.894953     0.390522     0.392229
     0.895028     0.428711     0.465827
     0.840536     0.611950     0.334517
     0.998596     0.354947     0.379497
     0.718276     0.731949     0.380963
     0.924616     0.750076     0.336273
     0.797507     0.532428     0.231203
     0.714546     0.392094     0.234911
     0.916460     0.407646     0.183948
     0.740343     0.756362     0.173324
     0.947751     0.234763     0.222915
     1.006666     0.532762     0.191605
     0.884568     0.343988     0.079059
     0.788535     0.235991     0.066413
     0.873990     0.513920     0.034737
     0.967494     0.230627     0.052457
     0.693569     0.696290     0.103561
     0.661852     0.858079     0.209342
     0.822644     0.890845     0.161095
     0.629861     0.580501     0.408853
     0.712203     0.965535     0.384757
     0.165503    -0.272882     0.620174
     0.105047    -0.109478     0.607771
     0.001404    -0.145053     0.620503
     0.104972    -0.071289     0.534173
     0.159464     0.111950     0.665483
     0.075384     0.250076     0.663727
     0.281724     0.231949     0.619037
     0.202493     0.032428     0.768797
     0.083540    -0.092354     0.816052
     0.285454    -0.107906     0.765089
     0.259657     0.256362     0.826676
     0.306431     0.196290     0.896439
     0.338148     0.358079     0.790658
     0.177356     0.390845     0.838905
     0.052249    -0.265237     0.777085
     0.115432    -0.156012     0.920941
    -0.006666     0.032762     0.808395
     0.032506    -0.269373     0.947543
     0.126010     0.013920     0.965263
     0.211465    -0.264009     0.933587
     0.370139     0.080501     0.591147
     0.287797     0.465535     0.615243
 
Cartesian coords
     2.855716    -1.951075     5.311863
     3.542539    -1.207394     5.567479
     4.533902    -1.567966     5.420158
     3.429092    -1.009240     6.576976
     3.328629     0.061727     4.818626
     1.971303     0.647782     5.200176
     3.481309    -0.138974     3.306884
     4.114189     0.739737     5.148857
     4.295893    -0.860993     3.181326
     2.238162    -0.719610     2.667817
     3.923578     1.165795     2.663016
     2.431579    -1.033732     1.643434
     1.877318    -1.588352     3.214984
     1.431781     0.015641     2.643022
     1.135242    -0.121909     5.700572
     1.775149     1.852151     4.947808
     4.844621     1.486697     3.155419
     3.177366     1.927737     2.890937
     4.134152     1.107579     1.169990
     3.204174     0.912983     0.636149
     4.523298     2.056579     0.799514
     4.845016     0.329811     0.885616
     6.783766     0.684800     7.867871
     6.096944     1.428481     7.612254
     5.105581     1.067909     7.759575
     6.210391     1.626636     6.602758
     6.310853     2.697602     8.361107
     5.525293     3.375613     8.030876
     7.668179     3.283658     7.979558
     6.158174     2.496902     9.872849
     5.343589     1.774883     9.998407
     5.715905     3.801670    10.516717
     7.401320     1.916266    10.511917
     4.794862     4.122572    10.024315
     6.462116     4.563612    10.288797
     5.505330     3.743454    12.009743
     4.794466     2.965687    12.294117
     5.116184     4.692454    12.380219
     6.435309     3.548858    12.543584
     7.762164     1.047523     9.964749
     7.207904     1.602143    11.536299
     8.207701     2.651517    10.536711
     8.504241     2.513966     7.479161
     7.864333     4.488026     8.231925
     8.044119     1.197310     4.641508
     8.626884     2.058735     4.766454
     8.627607     2.260058     5.795397
     8.102332     3.226048     4.003184
     9.625949     1.871192     4.505355
     6.923809     3.858653     4.750576
     8.912820     3.954214     3.960331
     7.687555     2.806828     2.593204
     6.887854     2.067022     2.711555
     8.834200     2.149008     1.837151
     7.136523     3.987352     1.829801
     9.135829     1.237612     2.356880
     9.703739     2.808589     1.871891
     8.526778     1.813419     0.396223
     7.601069     1.244086     0.296401
     8.424811     2.709258    -0.214981
     9.326141     1.215808    -0.042190
     6.685646     3.670667     0.891914
     6.379911     4.523579     2.396307
     7.929862     4.696313     1.592844
     6.071534     3.060257     5.211398
     6.865268     5.090060     4.808490
     1.595363    -1.438566     8.538225
     1.012599    -0.577141     8.413279
     0.013534    -0.764683     8.674378
     1.011876    -0.375818     7.384336
     1.537150     0.590173     9.176549
     0.726663     1.318338     9.219403
     2.715674     1.222777     8.429157
     1.951928     0.170952    10.586529
     0.805282    -0.486867    11.342582
     2.751629    -0.568854    10.468179
     2.502959     1.351477    11.349932
     2.953836     1.034792    12.287820
     3.259572     1.887703    10.783426
     1.709620     2.060437    11.586889
     0.503653    -1.398263    10.822853
     1.112705    -0.822456    12.783510
    -0.064257     0.172713    11.307842
     0.313341    -1.420067    13.221923
     1.214671     0.073383    13.394714
     2.038413    -1.391790    12.883332
     3.567948     0.424381     7.968336
     2.774214     2.454185     8.371243
 
Atoms in Molecule 0:
         0         1         2         3         4         5         6         7
         8         9        10        11        12        13        14        15
        16        17        18        19        20        21
 
Mass of Molecule 0:
   131.172920
 
Centre of Mass  (xyz) of Molecule 0:
     2.830151     0.272458     4.027644
 
Centre of Mass (frac) of Molecule 0:
     0.293600     0.051683     0.304906
 
Atoms in Molecule 1:
        22        23        24        25        26        27        28        29
        30        31        32        33        34        35        36        37
        38        39        40        41        42        43
 
Mass of Molecule 1:
   131.172920
 
Centre of Mass  (xyz) of Molecule 1:
     6.809331     2.908333     9.152090
 
Centre of Mass (frac) of Molecule 1:
     0.706400     0.551683     0.695094
 
Atoms in Molecule 2:
        44        45        46        47        48        49        50        51
        52        53        54        55        56        57        58        59
        60        61        62        63        64        65
 
Mass of Molecule 2:
   131.172920
 
Centre of Mass  (xyz) of Molecule 2:
     7.646334     3.104636     3.378506
 
Centre of Mass (frac) of Molecule 2:
     0.793231     0.588919     0.287125
 
Atoms in Molecule 3:
        66        67        68        69        70        71        72        73
        74        75        76        77        78        79        80        81
        82        83        84        85        86        87
 
Mass of Molecule 3:
   131.172920
 
Centre of Mass  (xyz) of Molecule 3:
     1.993148     0.468761     9.801227
 
Centre of Mass (frac) of Molecule 3:
     0.206769     0.088919     0.712875
 
Percentage energies in vibrational modes
 Freq(cm-1)   %mol-cme   %mol-rot       %vib     %mol-0     %mol-1     %mol-2     %mol-3
      -0.07      99.52       0.45       0.03      26.87      26.87      23.13      23.13
      -0.06      98.58       1.07       0.35      23.57      23.57      26.43      26.43
      -0.04      99.69       0.24       0.07      23.79      23.79      26.21      26.21
      32.81      91.99       5.93       2.08      26.76      26.76      23.24      23.24
      39.73      77.90      19.61       2.49      22.08      22.08      27.92      27.92
      49.42      10.41      81.92       7.67      18.98      18.98      31.02      31.02
      52.12      80.67      17.32       2.01      17.62      17.62      32.38      32.38
      54.15      73.44      19.05       7.51      21.20      21.20      28.80      28.80
      59.59      37.70      56.57       5.73      23.94      23.94      26.06      26.06
      62.05      77.28      17.19       5.53      23.45      23.45      26.55      26.55
      69.91       9.63      69.40      20.97      17.64      17.64      32.36      32.36
      73.19       7.28      61.11      31.61       6.57       6.57      43.43      43.43
      76.00      13.57      61.68      24.75      31.55      31.55      18.45      18.45
      76.25       3.20      48.08      48.72      10.55      10.55      39.45      39.45
      80.49      31.51      43.80      24.68      19.34      19.34      30.66      30.66
      87.54      37.85      35.43      26.72      26.81      26.81      23.19      23.19
      89.31      12.25      58.12      29.64      27.50      27.50      22.50      22.50
      90.49      16.87      53.93      29.20      22.36      22.36      27.64      27.64
      94.51      49.12      36.90      13.99      39.42      39.42      10.58      10.58
      94.79      47.00      16.87      36.13      22.99      22.99      27.01      27.01
     109.13       4.79      23.72      71.48      45.02      45.02       4.98       4.98
     109.95       3.04      31.05      65.91      46.86      46.86       3.14       3.14
     118.30      10.63      10.43      78.94       9.01       9.01      40.99      40.99
     120.56      19.55      24.47      55.98      36.40      36.40      13.60      13.60
     126.72      12.32      22.56      65.12      42.79      42.79       7.21       7.21
     132.78       1.82       9.42      88.77      17.82      17.82      32.18      32.18
     141.55       4.46       7.81      87.73      13.79      13.79      36.21      36.21
     143.30       3.06      12.05      84.89       5.88       5.88      44.12      44.12
     149.51      45.34      25.90      28.76      21.41      21.41      28.59      28.59
     152.38      14.22      20.17      65.62      36.24      36.24      13.76      13.76
     153.42       5.81      22.84      71.36      33.36      33.36      16.64      16.64
     162.53      16.08      49.64      34.28      23.78      23.78      26.22      26.22
     168.77       4.78      31.90      63.32      38.88      38.88      11.12      11.12
     175.74       5.93      33.31      60.76      40.27      40.27       9.73       9.73
     186.91       1.81       2.51      95.67      28.33      28.33      21.67      21.67
     191.99      10.01      48.56      41.43       5.42       5.42      44.58      44.58
     199.79       0.69       5.07      94.24      24.68      24.68      25.32      25.32
     207.28      17.82      15.50      66.68      10.41      10.41      39.59      39.59
     210.33       2.97       1.61      95.42      26.65      26.65      23.35      23.35
     217.33       2.92       8.35      88.73      10.26      10.26      39.74      39.74
     219.54       1.93       4.43      93.64      30.64      30.64      19.36      19.36
     221.90       0.82       2.81      96.36      41.79      41.79       8.21       8.21
     222.40       1.34       3.97      94.69      45.05      45.05       4.95       4.95
     222.93       9.86      20.64      69.50      25.40      25.40      24.60      24.60
     232.08       2.21       0.92      96.87      45.84      45.84       4.16       4.16
     235.14       2.28       8.21      89.51      28.01      28.01      21.99      21.99
     247.09       0.06       3.28      96.67       4.58       4.58      45.42      45.42
     249.35       0.37       4.00      95.63       4.43       4.43      45.57      45.57
     272.91       0.43       1.24      98.34      39.58      39.58      10.42      10.42
     274.31       0.35       0.75      98.90      46.31      46.31       3.69       3.69
     279.66       1.76       2.86      95.38       6.48       6.48      43.52      43.52
     287.77       3.32       3.91      92.78      15.12      15.12      34.88      34.88
     300.69       0.35       1.61      98.04      24.79      24.79      25.21      25.21
     301.91       0.43       0.94      98.63      44.96      44.96       5.04       5.04
     303.12       0.97       0.98      98.05      26.18      26.18      23.82      23.82
     303.13       0.98       1.11      97.91       7.48       7.48      42.52      42.52
     343.72       0.76       1.35      97.89      36.98      36.98      13.02      13.02
     344.55       1.71       1.83      96.45      12.67      12.67      37.33      37.33
     346.53       0.82       0.85      98.33      32.87      32.87      17.13      17.13
     347.53       0.46       1.83      97.71      10.11      10.11      39.89      39.89
     364.10       0.07       1.82      98.11      46.04      46.04       3.96       3.96
     370.72       1.48       3.56      94.96      46.04      46.04       3.96       3.96
     388.49       0.43       0.38      99.20       3.66       3.66      46.34      46.34
     393.69       0.55       1.20      98.25       4.91       4.91      45.09      45.09
     425.63       0.08       0.38      99.54       0.41       0.41      49.59      49.59
     425.93       0.09       0.70      99.20       0.66       0.66      49.34      49.34
     441.07       0.23       0.38      99.39       4.62       4.62      45.38      45.38
     442.33       0.35       0.54      99.11       6.79       6.79      43.21      43.21
     447.45       0.01       0.48      99.51      45.06      45.06       4.94       4.94
     449.35       0.16       0.63      99.22      43.54      43.54       6.46       6.46
     482.24       0.02       0.28      99.70      48.76      48.76       1.24       1.24
     483.09       0.00       0.18      99.82      49.69      49.69       0.31       0.31
     536.25       0.16       0.11      99.72      48.86      48.86       1.14       1.14
     536.45       0.05       0.08      99.87      47.30      47.30       2.70       2.70
     555.30       0.16       1.35      98.49      19.28      19.28      30.72      30.72
     558.58       0.01       1.40      98.59      15.33      15.33      34.67      34.67
     561.94       0.11       0.52      99.36      11.15      11.15      38.85      38.85
     565.65       0.17       0.70      99.13      10.71      10.71      39.29      39.29
     566.61       0.17       1.18      98.65      22.48      22.48      27.52      27.52
     566.98       0.41       1.33      98.26      25.22      25.22      24.78      24.78
     678.58       0.02       0.18      99.80      49.83      49.83       0.17       0.17
     680.70       0.03       0.21      99.76      49.48      49.48       0.52       0.52
     719.66       0.01       0.02      99.96       0.58       0.58      49.42      49.42
     721.35       0.01       0.04      99.94       0.63       0.63      49.37      49.37
     749.81       0.01       0.10      99.89       0.15       0.15      49.85      49.85
     749.82       0.00       0.08      99.92       0.19       0.19      49.81      49.81
     764.92       0.00       0.02      99.98      49.43      49.43       0.57       0.57
     765.74       0.01       0.02      99.97      49.77      49.77       0.23       0.23
     779.05       0.01       0.02      99.97       0.55       0.55      49.45      49.45
     779.52       0.01       0.04      99.95       0.68       0.68      49.32      49.32
     802.19       0.00       0.02      99.98      49.53      49.53       0.47       0.47
     802.71       0.00       0.02      99.97      49.14      49.14       0.86       0.86
     827.31       0.00       0.05      99.94      48.47      48.47       1.53       1.53
     828.64       0.00       0.05      99.94      49.74      49.74       0.26       0.26
     849.73       0.00       0.01      99.98       1.51       1.51      48.49      48.49
     850.43       0.00       0.01      99.98       0.25       0.25      49.75      49.75
     874.26       0.01       0.08      99.92      45.03      45.03       4.97       4.97
     874.31       0.01       0.07      99.92      49.58      49.58       0.42       0.42
     878.07       0.01       0.20      99.78       0.41       0.41      49.59      49.59
     878.81       0.02       0.19      99.80       5.12       5.12      44.88      44.88
     915.20       0.01       0.09      99.90      49.67      49.67       0.33       0.33
     915.87       0.02       0.08      99.89      49.39      49.39       0.61       0.61
     924.93       0.00       0.04      99.96       0.62       0.62      49.38      49.38
     925.32       0.00       0.06      99.94       0.28       0.28      49.72      49.72
     958.39       0.00       0.01      99.99      49.76      49.76       0.24       0.24
     959.90       0.00       0.01      99.99      49.39      49.39       0.61       0.61
     964.89       0.00       0.00      99.99       0.17       0.17      49.83      49.83
     966.47       0.00       0.00     100.00       0.73       0.73      49.27      49.27
     989.64       0.00       0.03      99.97      27.83      27.83      22.17      22.17
     990.35       0.00       0.03      99.97      22.01      22.01      27.99      27.99
     991.66       0.00       0.02      99.98      27.92      27.92      22.08      22.08
     991.82       0.00       0.01      99.99      21.86      21.86      28.14      28.14
    1021.21       0.01       0.05      99.94      49.63      49.63       0.37       0.37
    1021.48       0.00       0.04      99.96      49.82      49.82       0.18       0.18
    1034.12       0.01       0.03      99.96       0.10       0.10      49.90      49.90
    1034.42       0.01       0.03      99.96       0.09       0.09      49.91      49.91
    1040.47       0.00       0.02      99.97       0.83       0.83      49.17      49.17
    1040.65       0.00       0.02      99.97       0.34       0.34      49.66      49.66
    1050.31       0.00       0.03      99.97      48.99      48.99       1.01       1.01
    1050.88       0.00       0.02      99.97      49.76      49.76       0.24       0.24
    1070.40       0.01       0.08      99.92       0.56       0.56      49.44      49.44
    1071.87       0.01       0.08      99.92       0.72       0.72      49.28      49.28
    1089.79       0.00       0.04      99.96      49.61      49.61       0.39       0.39
    1090.20       0.00       0.04      99.95      49.56      49.56       0.44       0.44
    1092.69       0.00       0.01      99.98      49.92      49.92       0.08       0.08
    1094.65       0.00       0.01      99.99      49.74      49.74       0.26       0.26
    1138.96       0.00       0.02      99.98       0.46       0.46      49.54      49.54
    1140.25       0.00       0.01      99.99       0.42       0.42      49.58      49.58
    1150.16       0.01       0.14      99.85      44.56      44.56       5.44       5.44
    1152.05       0.01       0.12      99.87      35.13      35.13      14.87      14.87
    1153.65       0.00       0.02      99.98       4.23       4.23      45.77      45.77
    1154.14       0.01       0.05      99.94      13.20      13.20      36.80      36.80
    1166.63       0.01       0.05      99.94       3.40       3.40      46.60      46.60
    1167.07       0.01       0.06      99.92       2.11       2.11      47.89      47.89
    1173.52       0.00       0.00      99.99      47.67      47.67       2.33       2.33
    1173.62       0.00       0.01      99.99      49.44      49.44       0.56       0.56
    1191.07       0.00       0.01      99.99      49.63      49.63       0.37       0.37
    1191.13       0.00       0.02      99.98      48.48      48.48       1.52       1.52
    1200.82       0.01       0.04      99.95       0.83       0.83      49.17      49.17
    1204.08       0.01       0.04      99.95       0.51       0.51      49.49      49.49
    1251.58       0.00       0.03      99.97      47.34      47.34       2.66       2.66
    1253.22       0.00       0.01      99.99       2.56       2.56      47.44      47.44
    1253.31       0.00       0.01      99.98       2.76       2.76      47.24      47.24
    1254.36       0.00       0.02      99.98      47.58      47.58       2.42       2.42
    1276.33       0.00       0.01      99.99      49.72      49.72       0.28       0.28
    1276.75       0.00       0.00     100.00      49.65      49.65       0.35       0.35
    1291.41       0.00       0.02      99.98       0.26       0.26      49.74      49.74
    1291.60       0.00       0.02      99.98       0.25       0.25      49.75      49.75
    1307.56       0.00       0.00     100.00      49.33      49.33       0.67       0.67
    1308.97       0.00       0.00     100.00      49.11      49.11       0.89       0.89
    1325.19       0.00       0.01      99.99      10.07      10.07      39.93      39.93
    1325.77       0.00       0.01      99.99       4.77       4.77      45.23      45.23
    1330.10       0.00       0.01      99.99      44.40      44.40       5.60       5.60
    1330.74       0.00       0.00      99.99      37.48      37.48      12.52      12.52
    1341.80       0.00       0.00     100.00      10.42      10.42      39.58      39.58
    1342.28       0.00       0.00     100.00      11.72      11.72      38.28      38.28
    1343.93       0.00       0.00     100.00       4.49       4.49      45.51      45.51
    1344.41       0.00       0.01      99.99      18.83      18.83      31.17      31.17
    1348.47       0.00       0.00     100.00      35.69      35.69      14.31      14.31
    1349.93       0.00       0.00     100.00      23.45      23.45      26.55      26.55
    1355.45       0.00       0.01      99.99       0.46       0.46      49.54      49.54
    1355.75       0.00       0.01      99.99       1.85       1.85      48.15      48.15
    1363.63       0.00       0.00     100.00      48.18      48.18       1.82       1.82
    1364.40       0.00       0.01      99.99      47.42      47.42       2.58       2.58
    1372.01       0.00       0.00     100.00       1.21       1.21      48.79      48.79
    1373.74       0.00       0.00     100.00      25.28      25.28      24.72      24.72
    1377.28       0.00       0.00     100.00      45.18      45.18       4.82       4.82
    1379.40       0.00       0.00     100.00      11.60      11.60      38.40      38.40
    1380.18       0.00       0.01      99.99       5.89       5.89      44.11      44.11
    1381.74       0.00       0.02      99.98       6.35       6.35      43.65      43.65
    1383.97       0.00       0.02      99.98      10.54      10.54      39.46      39.46
    1385.13       0.00       0.00     100.00      14.82      14.82      35.18      35.18
    1386.41       0.00       0.00     100.00      43.48      43.48       6.52       6.52
    1387.22       0.00       0.00     100.00      40.64      40.64       9.36       9.36
    1400.29       0.00       0.02      99.98      49.11      49.11       0.89       0.89
    1400.95       0.00       0.01      99.99      47.83      47.83       2.17       2.17
    1444.17       0.00       0.00     100.00       3.34       3.34      46.66      46.66
    1444.39       0.00       0.00     100.00       1.81       1.81      48.19      48.19
    1449.52       0.00       0.00     100.00      14.81      14.81      35.19      35.19
    1450.92       0.00       0.01      99.99      47.33      47.33       2.67       2.67
    1452.27       0.00       0.00     100.00      30.88      30.88      19.12      19.12
    1454.38       0.00       0.00     100.00      40.64      40.64       9.36       9.36
    1456.24       0.00       0.00     100.00       6.38       6.38      43.62      43.62
    1458.97       0.00       0.00     100.00      29.20      29.20      20.80      20.80
    1463.67       0.00       0.00     100.00      23.33      23.33      26.67      26.67
    1464.07       0.00       0.00     100.00      32.65      32.65      17.35      17.35
    1466.39       0.00       0.00     100.00      27.98      27.98      22.02      22.02
    1468.56       0.00       0.00     100.00      13.05      13.05      36.95      36.95
    1470.14       0.00       0.00     100.00      28.84      28.84      21.16      21.16
    1473.27       0.00       0.00     100.00      36.68      36.68      13.32      13.32
    1473.94       0.00       0.00     100.00      37.41      37.41      12.59      12.59
    1474.69       0.00       0.00     100.00       8.60       8.60      41.40      41.40
    1475.79       0.00       0.00     100.00      40.71      40.71       9.29       9.29
    1478.36       0.00       0.00     100.00      29.96      29.96      20.04      20.04
    1482.83       0.00       0.00     100.00      34.14      34.14      15.86      15.86
    1484.06       0.00       0.00     100.00      12.23      12.23      37.77      37.77
    1505.41       0.01       0.06      99.93      27.64      27.64      22.36      22.36
    1511.53       0.01       0.05      99.94      29.99      29.99      20.01      20.01
    1520.15       0.01       0.02      99.97      27.31      27.31      22.69      22.69
    1521.13       0.01       0.03      99.96      28.09      28.09      21.91      21.91
    1565.93       0.01       0.01      99.98      27.24      27.24      22.76      22.76
    1568.07       0.00       0.01      99.99      16.71      16.71      33.29      33.29
    1568.43       0.01       0.01      99.99      22.23      22.23      27.77      27.77
    1597.41       0.00       0.01      99.99      23.88      23.88      26.12      26.12
    1617.96       0.01       0.01      99.98      27.41      27.41      22.59      22.59
    1629.18       0.01       0.02      99.97      19.90      19.90      30.10      30.10
    1632.50       0.02       0.02      99.96      19.69      19.69      30.31      30.31
    1634.44       0.01       0.02      99.97      29.84      29.84      20.16      20.16
    1645.37       0.00       0.03      99.97      28.08      28.08      21.92      21.92
    1650.93       0.02       0.00      99.98      10.96      10.96      39.04      39.04
    1667.58       0.03       0.02      99.95      24.38      24.38      25.62      25.62
    1668.95       0.02       0.00      99.98      37.54      37.54      12.46      12.46
    2688.20       0.01       0.02      99.98      49.58      49.58       0.42       0.42
    2715.52       0.00       0.01      99.99      49.07      49.07       0.93       0.93
    2927.71       0.00       0.01      99.99       0.52       0.52      49.48      49.48
    2948.85       0.00       0.00     100.00      48.49      48.49       1.51       1.51
    2948.99       0.00       0.00     100.00      49.87      49.87       0.13       0.13
    2952.09       0.00       0.01      99.99       0.29       0.29      49.71      49.71
    2952.23       0.00       0.00     100.00       0.08       0.08      49.92      49.92
    2954.64       0.00       0.01      99.99       3.65       3.65      46.35      46.35
    2967.64       0.00       0.01      99.99       3.13       3.13      46.87      46.87
    2971.64       0.00       0.00     100.00      42.37      42.37       7.63       7.63
    2972.58       0.00       0.00     100.00      49.16      49.16       0.84       0.84
    2973.42       0.00       0.00     100.00       5.38       5.38      44.62      44.62
    2974.18       0.00       0.00     100.00       0.11       0.11      49.89      49.89
    2976.66       0.00       0.00     100.00       7.15       7.15      42.85      42.85
    2978.49       0.00       0.00     100.00      47.43      47.43       2.57       2.57
    2978.64       0.00       0.00     100.00      46.51      46.51       3.49       3.49
    2980.04       0.00       0.00     100.00      45.29      45.29       4.71       4.71
    2980.09       0.00       0.00     100.00      49.68      49.68       0.32       0.32
    2980.97       0.00       0.00     100.00       2.72       2.72      47.28      47.28
    2982.27       0.00       0.00     100.00       3.29       3.29      46.71      46.71
    2989.01       0.00       0.01      99.99       1.66       1.66      48.34      48.34
    2990.43       0.00       0.01      99.99       2.24       2.24      47.76      47.76
    2994.75       0.00       0.00     100.00       0.16       0.16      49.84      49.84
    2994.75       0.00       0.00     100.00       0.09       0.09      49.91      49.91
    3017.00       0.00       0.00     100.00       0.21       0.21      49.79      49.79
    3017.10       0.00       0.00     100.00       0.25       0.25      49.75      49.75
    3024.13       0.00       0.00     100.00       3.51       3.51      46.49      46.49
    3024.37       0.00       0.00     100.00       1.72       1.72      48.28      48.28
    3024.47       0.00       0.00     100.00      47.56      47.56       2.44       2.44
    3024.76       0.00       0.00     100.00      49.82      49.82       0.18       0.18
    3030.19       0.00       0.00     100.00      48.15      48.15       1.85       1.85
    3030.24       0.00       0.00     100.00      47.53      47.53       2.47       2.47
    3042.07       0.00       0.00     100.00      49.97      49.97       0.03       0.03
    3043.67       0.00       0.00     100.00      42.72      42.72       7.28       7.28
    3044.93       0.00       0.00     100.00       9.03       9.03      40.97      40.97
    3045.68       0.00       0.00     100.00       0.39       0.39      49.61      49.61
    3049.01       0.00       0.00     100.00      49.89      49.89       0.11       0.11
    3049.03       0.00       0.00     100.00      48.59      48.59       1.41       1.41
    3051.32       0.00       0.00     100.00       7.93       7.93      42.07      42.07
    3051.92       0.00       0.00     100.00       8.24       8.24      41.76      41.76
    3052.09       0.00       0.00     100.00      41.71      41.71       8.29       8.29
    3052.22       0.00       0.00     100.00      41.29      41.29       8.71       8.71
    3058.31       0.00       0.00     100.00      47.72      47.72       2.28       2.28
    3059.07       0.00       0.00     100.00      46.37      46.37       3.63       3.63
    3067.42       0.00       0.00     100.00       9.17       9.17      40.83      40.83
    3067.53       0.00       0.00     100.00       1.64       1.64      48.36      48.36
    3067.96       0.00       0.00     100.00      48.29      48.29       1.71       1.71
    3068.13       0.00       0.00     100.00      40.76      40.76       9.24       9.24
    3081.22       0.00       0.00     100.00       0.03       0.03      49.97      49.97
    3081.31       0.00       0.00     100.00       0.08       0.08      49.92      49.92
    3210.67       0.00       0.00     100.00      49.81      49.81       0.19       0.19
    3221.30       0.00       0.00     100.00      49.64      49.64       0.36       0.36
