The following methods will be used: ap maxwell bruggeman_iter
Creating a csv file: command.csv
No plotting has been requested
The frequency increment is 0.20 cm-1
The default width factor (-sigma) has been set to 5.000000 cm-1
The permittivity of the medium (-dielectric) has been set to 2.0000
The density of the medium (-density) has been set to 2.2000 g/cc
Vmin is:     0.0 cm-1
Vmax is:  1000.0 cm-1
All phonon modes will be considered

Program used to perform the phonon calculation was: phonopy
The file containing the output is: VASP.Born/OUTCAR
No projection of the dynamical matrix will be performed
The charge neutrality of the Born atomic charges will not be enforced
 
Shape depolarisation matrix: sphere   
            0.333333       0.000000       0.000000
            0.000000       0.333333       0.000000
            0.000000       0.000000       0.333333
 
Shape depolarisation matrix: plate (0,0,1) xyz=[0.000000,0.000000,1.000000]
            0.000000       0.000000       0.000000
            0.000000       0.000000       0.000000
            0.000000       0.000000       1.000000
 
Shape depolarisation matrix: needle [0,0,1] xyz=[0.000000,0.000000,1.000000]
            0.500000       0.000000       0.000000
            0.000000       0.500000       0.000000
            0.000000       0.000000       0.000000

Volume of unit cell is    49.69000000 Angstrom^3
Total unit cell mass is:   162.78000000 g/mol
Crystal density is:   5.43978 g/cc

The density of the supporting matrix is    2.2000 g/cc
Converting the following mass fractions to volume fractions:
   The equivalent volume fraction for mass fraction  0.0100 is  0.004069

Concentration for unit volume fraction   33.4180 moles/Litre
Calculated Integrated IR band intensities (espilon_max assumes a fwhm line width)
Only IR active modes are shown

Mode Frequency Intensity         Integrated Molar Absorption Epsilon_max   FWHM  
     cm-1      Debye2/Angs2/amu   Coefficient L/mole/cm/cm    L/mole/cm    cm-1  
---- --------- ----------------  --------------------------- -----------   ----  
   4    91.29          0.000000                    0.000009      0.0000      5.0
   6   350.39         17.094314                72233.735241   9197.0848      5.0
   7   372.02         16.402293                69309.529478   8824.7634      5.0
   8   372.02         16.402080                69308.628104   8824.6486      5.0
  10   402.00          0.000000                    0.000010      0.0000      5.0
  11   509.33          0.000000                    0.000001      0.0000      5.0
 
 
Permittivity contribution from ionic displacements
            5.086907      -0.000000      -0.000107
           -0.000000       5.086978      -0.000082
           -0.000107      -0.000082       5.976225
 
Optical permittivity at zero frequency
            5.739330       0.000000       0.000000
            0.000000       5.739330      -0.000000
            0.000000       0.000000       5.673771
 
Total permittivity
           10.826237      -0.000000      -0.000107
           -0.000000      10.826308      -0.000082
           -0.000107      -0.000082      11.649996
