The following methods will be used: ap bruggeman
Particle sizes have been specified (in microns)
Radius of spherical particles:  0.0
Radius of spherical particles:  1.0
Radius of spherical particles:  3.0
Creating a csv file: command1.csv
No plotting has been requested
The frequency increment is 0.20 cm-1
The default width factor (-sigma) has been set to 5.000000 cm-1
The permittivity of the medium (-dielectric) has been set to 2.0000
The density of the medium (-density) has been set to 2.2000 g/cc
Vmin is:     0.0 cm-1
Vmax is:   300.0 cm-1
All phonon modes will be considered
The number of processors (4) has been determined automatically

Program used to perform the phonon calculation was: abinit
The file containing the output is: BaTiO3.out
No projection of the dynamical matrix will be performed
The charge neutrality of the Born atomic charges will not be enforced
 
Shape depolarisation matrix: ellipsoid [0,0,1] 0.5xyz=[0.000000,0.000000,1.000000]
            0.236400       0.000000       0.000000
            0.000000       0.236400       0.000000
            0.000000       0.000000       0.527200
 
Atomic masses will be defined using:  program
 
Masses by atom types
  15.999400 137.327000  47.880000
 
Atomic mass list
  15.999400  15.999400  15.999400 137.327000  47.880000

Volume of unit cell is    73.08489893 Angstrom^3
Total unit cell mass is:   233.20520000 g/mol
Crystal density is:   5.29858 g/cc


Concentration for unit volume fraction   22.7207 moles/Litre
Calculated Integrated IR band intensities (espilon_max assumes a fwhm line width)
Only IR active modes are shown

Mode Frequency Intensity         Integrated Molar Absorption Epsilon_max   FWHM  
     cm-1      Debye2/Angs2/amu   Coefficient L/mole/cm/cm    L/mole/cm    cm-1  
---- --------- ----------------  --------------------------- -----------   ----  
   0    65.74          1.935107                 8176.986979   1041.1263      5.0
   1    65.74          1.935136                 8177.109917   1041.1420      5.0
   2    65.75          1.934571                 8174.722771   1040.8380      5.0
   3   198.01         37.112257               156821.552337  19967.1402      5.0
   4   198.01         37.112515               156822.644626  19967.2793      5.0
   5   198.02         37.125602               156877.944975  19974.3203      5.0
   6   270.59          0.000000                    0.000141      0.0000      5.0
   7   270.59          0.000000                    0.000129      0.0000      5.0
   8   270.59          0.000000                    0.000000      0.0000      5.0
   9   279.35         33.055024               139677.308047  17784.2672      5.0
  10   279.35         33.063740               139714.140406  17788.9569      5.0
  11   279.35         33.063415               139712.768017  17788.7821      5.0
  12   493.63         20.513710                86682.731944  11036.7882      5.0
  13   493.63         20.515522                86690.388406  11037.7631      5.0
  14   493.63         20.515522                86690.388408  11037.7631      5.0
 
 
Permittivity contribution from ionic displacements
           55.513179      -0.000804      -0.000869
           -0.000804      55.513178      -0.000000
           -0.000869      -0.000000      55.507834
 
Optical permittivity at zero frequency
            7.734451       0.000018      -0.000000
            0.000018       7.734451       0.000000
           -0.000000       0.000000       7.734451
 
Total permittivity
           63.247629      -0.000787      -0.000869
           -0.000787      63.247629      -0.000000
           -0.000869      -0.000000      63.242285
The following methods will be used: ap bruggeman
Particle sizes have been specified (in microns)
Radius of spherical particles:  0.0
Radius of spherical particles:  1.0
Radius of spherical particles:  3.0
Creating a csv file: command2.csv
No plotting has been requested
The frequency increment is 0.20 cm-1
The default width factor (-sigma) has been set to 5.000000 cm-1
The permittivity of the medium (-dielectric) has been set to 2.0000
The density of the medium (-density) has been set to 2.2000 g/cc
Vmin is:     0.0 cm-1
Vmax is:   300.0 cm-1
All phonon modes will be considered
The number of processors (4) has been determined automatically

Program used to perform the phonon calculation was: abinit
The file containing the output is: BaTiO3.out
No projection of the dynamical matrix will be performed
The charge neutrality of the Born atomic charges will not be enforced

Summary of information contained in the QM/MM Reader

Number of atoms:     5

Number of species:     3
 
Species:
 O         Ba        Ti       
 
Number of atoms for each species:
         1         1         3
 
Mass of each species:
  15.999400 137.327000  47.880000
 
Atom type list:
         0         0         0         1         2

Number of kpoints:     1

Kpoint grid      :     4     4     4

Energy cutoff (eV): 1088.400000

 
Frequencies (cm-1):
     65.74     65.74     65.75    198.01    198.01    198.02    270.59    270.59
    270.59    279.35    279.35    279.35    493.63    493.63    493.63
 
Masses (amu):
  15.999400  15.999400  15.999400 137.327000  47.880000
 
Born Charges for Atom 0
           -2.188066      -0.000047       0.000024
            0.000000      -2.188066       0.000000
            0.000000       0.000000      -5.914729
 
Born Charges for Atom 1
           -2.188062       0.000021      -0.000047
            0.000000      -5.914596       0.000000
            0.000000       0.000000      -2.188066
 
Born Charges for Atom 2
           -5.914596       0.000159       0.000168
            0.000000      -2.188062       0.000000
            0.000000       0.000000      -2.188066
 
Born Charges for Atom 3
            2.665412      -0.000000      -0.000002
            0.000000       2.665412       0.000000
            0.000000       0.000000       2.665412
 
Born Charges for Atom 4
            7.510793      -0.000093      -0.000113
            0.000000       7.510793       0.000000
            0.000000       0.000000       7.510793
 
Epsilon inf: 
            7.734451       0.000018      -0.000000
            0.000018       7.734451       0.000000
           -0.000000       0.000000       7.734451
 
Unit cell: 
            4.180959       0.000000       0.000000
            0.000000       4.180959       0.000000
            0.000000       0.000000       4.180959
 
Volume of cell: 73.084899
Total mass is: 233.205200 g/mol
Density is: 5.298581 g/cc
 
 
Shape depolarisation matrix: plate (1,0,0) xyz=[1.000000,0.000000,0.000000]
            1.000000       0.000000       0.000000
            0.000000       0.000000       0.000000
            0.000000       0.000000       0.000000
 
Atomic masses will be defined using:  average
 
Old masses by atom types
  15.999400 137.327000  47.880000
 
Old atomic mass list
  15.999400  15.999400  15.999400 137.327000  47.880000
 
New masses by atom types
  15.999400 137.327000  47.867000
 
New atomic mass list
  15.999400  15.999400  15.999400 137.327000  47.867000

Volume of unit cell is    73.08489893 Angstrom^3
Total unit cell mass is:   233.19220000 g/mol
Crystal density is:   5.29829 g/cc


Concentration for unit volume fraction   22.7207 moles/Litre
Calculated Integrated IR band intensities (espilon_max assumes a fwhm line width)
Only IR active modes are shown

Mode Frequency Intensity         Integrated Molar Absorption Epsilon_max   FWHM  
     cm-1      Debye2/Angs2/amu   Coefficient L/mole/cm/cm    L/mole/cm    cm-1  
---- --------- ----------------  --------------------------- -----------   ----  
   0    65.74          1.935172                 8177.261588   1041.1613      5.0
   1    65.74          1.935184                 8177.314389   1041.1680      5.0
   2    65.75          1.934628                 8174.962293   1040.8685      5.0
   3   198.01         37.114200               156829.762540  19968.1855      5.0
   4   198.01         37.114403               156830.622240  19968.2950      5.0
   5   198.02         37.127515               156886.027562  19975.3494      5.0
   6   270.59          0.000000                    0.000141      0.0000      5.0
   7   270.59          0.000000                    0.000090      0.0000      5.0
   8   270.59          0.000000                    0.000039      0.0000      5.0
   9   279.39         33.058636               139692.572034  17786.2107      5.0
  10   279.39         33.067223               139728.859072  17790.8309      5.0
  11   279.39         33.067149               139728.543367  17790.7907      5.0
  12   493.63         20.515510                86690.340140  11037.7569      5.0
  13   493.63         20.517324                86698.002241  11038.7325      5.0
  14   493.63         20.517324                86698.002243  11038.7325      5.0
 
 
Permittivity contribution from ionic displacements
           55.513179      -0.000804      -0.000869
           -0.000804      55.513178       0.000000
           -0.000869       0.000000      55.507834
 
Optical permittivity at zero frequency
            7.734451       0.000018      -0.000000
            0.000018       7.734451       0.000000
           -0.000000       0.000000       7.734451
 
Total permittivity
           63.247629      -0.000787      -0.000869
           -0.000787      63.247629       0.000000
           -0.000869       0.000000      63.242285
