The following methods will be used: maxwell
Creating a csv file: command.csv
No plotting has been requested
The frequency increment is 0.20 cm-1
The default width factor (-sigma) has been set to 5.000000 cm-1
The permittivity of the medium (-dielectric) has been set to 2.0000
The density of the medium (-density) has been set to 2.2000 g/cc
Vmin is:     0.0 cm-1
Vmax is:   300.0 cm-1
All phonon modes will be considered

Program used to perform the phonon calculation was: qe
The file containing the output is: phonon.dynG
No projection of the dynamical matrix will be performed
The charge neutrality of the Born atomic charges will not be enforced
 
Shape depolarisation matrix: needle [0,0,1] xyz=[0.000000,0.000000,1.000000]
            0.500000       0.000000       0.000000
            0.000000       0.500000       0.000000
            0.000000       0.000000       0.000000
 
Shape depolarisation matrix: ellipsoid [0,0,1] 0.5xyz=[0.000000,0.000000,1.000000]
            0.236400       0.000000       0.000000
            0.000000       0.236400       0.000000
            0.000000       0.000000       0.527200
 
Shape depolarisation matrix: plate (1,0,0) xyz=[1.000000,0.000000,0.000000]
            1.000000       0.000000       0.000000
            0.000000       0.000000       0.000000
            0.000000       0.000000       0.000000

Volume of unit cell is  1679.78973777 Angstrom^3
Total unit cell mass is:  1221.47543914 g/mol
Crystal density is:   1.20748 g/cc


Concentration for unit volume fraction    0.9885 moles/Litre
 
 
Transverse frequencies (cm-1)
   -106.01    -43.15    -31.64    -17.27     -6.66      5.95      8.19     22.74
     31.04     35.31     41.26     41.27     43.13     46.19     47.74     50.12
     56.14     57.10     61.14     62.60     64.16     69.38     69.68     73.53
     75.27     75.74     77.83     80.76     81.18     81.55     83.62     86.40
     86.55     88.64     89.37     93.95     94.10     94.16    100.77    100.93
    112.82    115.65    118.09    118.51    125.52    126.26    126.48    127.02
    136.85    139.37    144.47    146.96    149.22    149.39    149.99    151.19
    161.04    161.20    161.24    162.47    171.40    173.75    174.38    175.34
    192.58    195.56    196.05    196.78    208.66    209.18    210.21    210.32
    217.92    218.24    220.32    222.57    229.47    229.59    229.69    231.06
    263.59    264.46    264.87    266.22    272.87    273.58    273.92    274.08
    289.95    290.68    291.02    291.83    304.63    305.47    306.09    309.61
    324.38    324.38    330.98    332.42    356.09    357.11    357.89    358.94
    377.84    377.90    377.99    378.43    381.13    381.18    382.52    382.55
    410.63    410.77    411.46    412.06    414.69    415.61    415.80    416.69
    443.69    443.78    443.82    444.32    460.89    462.67    477.87    479.16
    484.83    485.95    489.31    495.05    538.09    538.19    538.41    538.95
    554.04    554.68    555.10    555.36    565.43    566.02    572.03    572.52
    606.67    608.35    609.57    610.41    612.09    620.91    623.19    625.64
    627.20    627.47    630.43    637.44    672.22    672.47    673.47    674.02
    690.96    690.96    691.47    691.54    714.19    715.44    715.68    716.80
    717.56    718.34    719.34    719.97    731.77    732.28    739.28    740.22
    763.19    763.22    765.05    765.27    769.06    769.31    769.56    769.85
    792.19    794.46    800.45    800.52    801.81    802.24    803.96    804.06
    817.91    818.74    819.13    819.94    822.29    822.78    833.51    833.99
    843.36    844.76    852.45    853.64    854.05    855.07    863.48    869.00
    870.62    873.54    888.97    889.86    890.19    890.22    891.12    895.69
    912.22    912.46    913.89    914.39    938.50    938.66    939.71    940.01
    946.46    946.60    949.55    949.73    966.09    966.91    968.63    968.80
    977.54    977.73    979.24    979.95    989.59    990.24    990.39    991.19
    993.51    993.72    993.89    994.15    996.78    998.21    999.25    999.47
   1003.22   1003.58   1004.03   1004.05   1011.93   1012.30   1012.94   1013.17
   1014.52   1014.53   1015.76   1017.55   1017.75   1017.82   1018.16   1019.84
   1043.37   1043.84   1044.54   1044.82   1060.23   1060.57   1060.90   1061.76
   1062.72   1062.74   1062.87   1062.97   1067.22   1067.33   1069.41   1069.68
   1089.85   1090.85   1092.52   1092.93   1112.50   1112.65   1114.48   1114.89
   1117.17   1118.51   1120.96   1121.39   1123.81   1123.83   1124.26   1124.35
   1134.14   1134.15   1135.79   1136.51   1150.34   1151.17   1153.11   1153.26
   1153.38   1153.54   1155.28   1156.04   1157.76   1157.92   1158.35   1158.40
   1158.95   1159.30   1160.21   1160.33   1187.02   1188.92   1189.21   1190.37
   1192.48   1193.22   1197.67   1198.98   1203.15   1203.24   1208.57   1210.55
   1216.61   1216.92   1218.18   1218.54   1223.25   1224.75   1225.81   1226.59
   1239.76   1241.53   1242.59   1242.74   1254.07   1254.71   1254.79   1255.74
   1278.79   1278.99   1280.05   1280.19   1281.43   1281.70   1281.73   1281.83
   1293.79   1294.02   1294.17   1294.53   1296.27   1296.64   1296.73   1297.08
   1310.88   1311.39   1312.22   1312.25   1316.05   1316.05   1317.50   1317.57
   1337.18   1337.19   1337.27   1337.40   1344.61   1344.70   1344.82   1344.96
   1356.25   1356.30   1357.36   1357.38   1363.65   1363.80   1363.86   1363.99
   1370.24   1370.25   1370.49   1370.58   1398.28   1398.61   1398.68   1399.04
   1409.08   1409.15   1410.83   1410.96   1416.29   1416.65   1420.62   1420.73
   1422.37   1422.49   1423.22   1423.22   1432.77   1434.05   1435.22   1435.66
   1438.40   1438.67   1440.71   1441.17   1443.83   1444.11   1444.50   1444.91
   1449.36   1449.46   1452.87   1452.87   1463.56   1463.58   1464.44   1464.46
   1468.37   1469.06   1469.76   1469.86   1473.35   1473.57   1475.01   1475.51
   1475.91   1476.04   1476.04   1476.63   1576.74   1576.97   1577.12   1577.19
   1593.28   1593.33   1594.37   1594.38   1679.34   1681.40   1682.89   1683.23
   1702.90   1703.11   1707.75   1708.44   2704.28   2704.29   2717.16   2724.89
   2917.28   2917.30   2917.52   2917.55   2960.87   2961.00   2961.02   2961.03
   2965.81   2965.82   2967.00   2967.25   2975.28   2975.28   2975.53   2975.82
   2996.43   2996.52   2996.53   2996.73   3000.19   3000.22   3000.34   3000.35
   3000.88   3000.96   3000.98   3001.00   3027.81   3027.88   3027.92   3028.02
   3034.04   3034.06   3034.33   3034.38   3045.02   3045.08   3045.22   3045.26
   3057.78   3057.79   3057.83   3057.83   3068.12   3068.33   3068.47   3068.53
   3069.87   3069.89   3070.49   3070.54   3071.78   3071.82   3071.83   3071.85
   3078.30   3078.32   3078.65   3078.67   3089.83   3090.04   3090.09   3090.31
   3098.23   3098.24   3098.28   3098.30   3104.84   3104.85   3104.86   3104.91
   3109.18   3109.34   3109.41   3109.59   3124.55   3124.78   3125.35   3125.38
   3135.58   3136.21   3137.10   3137.37
 
 
Longitudinal frequencies (cm-1) q->0 q(cart)=[ 0.7725, 0.5725, 0.2748] (1,1,1)
   -106.01    -43.14    -31.62    -17.17     -6.66      5.95      8.19     22.77
     31.29     35.31     41.27     41.28     43.18     46.19     47.74     50.91
     56.14     57.10     61.18     62.60     64.17     69.38     69.81     73.54
     75.27     76.24     77.85     80.77     81.25     81.55     83.62     86.40
     86.67     88.69     89.50     93.98     94.13     94.43    100.77    100.95
    112.84    115.65    118.14    118.51    125.67    126.26    126.48    128.41
    136.85    139.42    144.52    146.96    149.23    149.39    150.00    151.19
    161.04    161.21    161.24    162.47    171.44    173.75    174.39    175.35
    192.58    195.58    196.14    196.78    209.15    209.18    210.31    210.38
    217.93    218.24    220.43    222.58    229.51    229.69    229.87    231.06
    263.60    264.46    264.87    266.27    272.87    273.60    273.93    274.18
    289.96    290.68    291.02    291.90    304.66    305.48    306.09    310.09
    324.38    324.44    330.99    332.42    356.09    357.11    357.89    359.25
    377.84    377.92    377.99    378.43    381.13    381.18    382.53    382.63
    410.63    410.77    411.46    412.06    414.70    415.75    415.87    416.69
    443.78    443.82    443.86    444.32    461.02    462.67    477.96    481.06
    484.83    486.06    489.42    513.06    538.12    538.19    538.75    539.16
    554.10    554.69    555.10    555.52    565.44    566.05    572.17    572.52
    606.67    608.53    609.66    610.43    613.72    620.91    623.68    626.17
    627.21    627.47    630.57    642.96    672.22    672.47    673.47    674.11
    690.96    690.96    691.47    691.57    714.23    715.44    715.71    716.83
    717.60    719.07    719.97    720.42    732.28    734.78    739.67    740.23
    763.20    763.25    765.27    767.83    769.06    769.55    769.65    770.59
    792.19    796.82    800.46    800.63    801.90    802.24    803.97    804.08
    818.66    818.88    819.13    819.97    822.78    827.35    833.54    834.03
    844.76    846.22    852.50    854.05    855.07    856.08    863.75    869.03
    870.62    874.71    889.25    889.91    890.19    890.24    891.69    895.71
    912.22    913.29    914.22    914.42    938.50    938.66    939.72    940.01
    946.46    946.67    949.55    949.73    966.12    966.93    968.64    968.80
    977.54    977.74    979.24    980.13    989.59    990.32    990.45    991.20
    993.51    993.72    993.89    994.15    996.78    998.22    999.28    999.47
   1003.29   1003.65   1004.03   1004.09   1012.04   1012.30   1013.04   1013.17
   1014.53   1014.55   1015.76   1017.75   1017.82   1018.09   1018.82   1019.90
   1043.38   1043.88   1044.55   1044.82   1060.29   1060.63   1060.90   1061.99
   1062.74   1062.74   1062.87   1062.97   1067.22   1067.41   1069.41   1070.96
   1089.85   1092.08   1092.71   1094.13   1112.50   1112.71   1114.58   1114.92
   1117.25   1118.55   1121.04   1121.39   1123.82   1123.85   1124.26   1124.36
   1134.15   1134.22   1135.83   1136.51   1150.34   1151.29   1153.11   1153.30
   1153.40   1153.79   1155.28   1156.05   1157.78   1157.92   1158.35   1158.42
   1159.30   1159.34   1160.23   1160.34   1187.22   1188.96   1189.21   1190.38
   1192.48   1193.23   1197.77   1198.99   1203.15   1203.29   1208.72   1210.55
   1216.61   1216.96   1218.18   1218.54   1223.25   1224.75   1225.85   1227.48
   1239.86   1241.53   1242.70   1245.69   1254.11   1254.71   1254.80   1257.47
   1278.85   1278.99   1280.06   1280.19   1281.43   1281.72   1281.73   1281.94
   1293.79   1294.02   1294.17   1294.61   1296.34   1296.65   1296.73   1297.08
   1310.92   1311.39   1312.22   1312.30   1316.05   1316.09   1317.50   1317.85
   1337.19   1337.19   1337.27   1337.41   1344.65   1344.70   1344.82   1344.97
   1356.25   1356.38   1357.36   1357.38   1363.65   1363.86   1363.99   1364.22
   1370.25   1370.28   1370.58   1370.88   1398.28   1398.63   1398.68   1399.35
   1409.08   1409.18   1410.83   1410.96   1416.42   1416.66   1420.62   1420.85
   1422.37   1422.49   1423.22   1423.50   1432.80   1434.05   1435.43   1435.66
   1438.40   1438.77   1440.72   1441.30   1443.95   1444.11   1444.51   1444.91
   1449.36   1449.47   1452.87   1452.87   1463.56   1463.59   1464.46   1464.53
   1468.43   1469.09   1469.76   1469.87   1473.36   1473.57   1475.05   1475.51
   1475.91   1476.04   1476.04   1476.63   1576.74   1576.99   1577.12   1577.19
   1593.28   1593.47   1594.37   1594.52   1679.43   1682.36   1683.10   1683.23
   1702.90   1704.27   1707.75   1711.22   2704.29   2706.63   2717.85   2725.09
   2917.30   2917.38   2917.55   2917.69   2960.87   2961.02   2961.03   2961.03
   2965.81   2965.89   2967.01   2967.40   2975.28   2975.28   2975.54   2976.00
   2996.44   2996.52   2996.53   2996.80   3000.22   3000.22   3000.34   3000.37
   3000.88   3000.96   3000.98   3001.01   3027.81   3027.88   3027.92   3028.02
   3034.05   3034.06   3034.33   3034.38   3045.02   3045.08   3045.22   3045.27
   3057.78   3057.79   3057.83   3057.84   3068.13   3068.33   3068.47   3068.60
   3069.87   3069.92   3070.54   3070.64   3071.79   3071.82   3071.85   3071.85
   3078.32   3078.34   3078.65   3078.67   3089.83   3090.04   3090.09   3090.31
   3098.23   3098.24   3098.30   3098.32   3104.84   3104.85   3104.86   3104.91
   3109.18   3109.34   3109.41   3109.59   3124.57   3124.78   3125.35   3125.39
   3135.58   3136.21   3137.10   3137.38
 
Calculated Integrated IR band intensities (espilon_max assumes a fwhm line width)
Only IR active modes are shown

Mode Frequency Intensity         Integrated Molar Absorption Epsilon_max   FWHM  
     cm-1      Debye2/Angs2/amu   Coefficient L/mole/cm/cm    L/mole/cm    cm-1  
---- --------- ----------------  --------------------------- -----------   ----  
   5     5.95          0.000022                    0.091902      0.0117      5.0
   6     8.19          0.000004                    0.014796      0.0019      5.0
   7    22.74          0.063484                  268.260014     34.1559      5.0
   8    31.04          0.079469                  335.802979     42.7558      5.0
  10    41.26          0.068226                  288.297545     36.7072      5.0
  12    43.13          0.038238                  161.578841     20.5729      5.0
  14    47.74          0.000310                    1.310788      0.1669      5.0
  15    50.12          0.377252                 1594.115338    202.9691      5.0
  16    56.14          0.008123                   34.323639      4.3702      5.0
  18    61.14          0.020196                   85.341928     10.8661      5.0
  19    62.60          0.002476                   10.462012      1.3321      5.0
  20    64.16          0.012587                   53.187916      6.7721      5.0
  22    69.68          0.093677                  395.840857     50.4000      5.0
  23    73.53          0.008016                   33.873992      4.3130      5.0
  25    75.74          0.353558                 1493.993002    190.2211      5.0
  26    77.83          0.077458                  327.304708     41.6737      5.0
  27    80.76          0.007907                   33.412786      4.2542      5.0
  28    81.18          0.365978                 1546.477420    196.9036      5.0
  29    81.55          0.000024                    0.103386      0.0132      5.0
  32    86.55          0.184677                  780.371922     99.3600      5.0
  33    88.64          0.357080                 1508.876073    192.1161      5.0
  34    89.37          0.092890                  392.516931     49.9768      5.0
  35    93.95          0.418376                 1767.889323    225.0947      5.0
  36    94.10          0.165676                  700.078692     89.1368      5.0
  37    94.16          0.107699                  455.091772     57.9441      5.0
  39   100.93          0.038332                  161.977123     20.6236      5.0
  40   112.82          0.037871                  160.028032     20.3754      5.0
  42   118.09          0.429685                 1815.678564    231.1794      5.0
  43   118.51          0.000116                    0.488473      0.0622      5.0
  44   125.52          0.578289                 2443.616785    311.1310      5.0
  46   126.48          0.002044                    8.636337      1.0996      5.0
  47   127.02          1.382340                 5841.217193    743.7269      5.0
  49   139.37          0.058324                  246.452470     31.3793      5.0
  50   144.47          0.101354                  428.279409     54.5302      5.0
  51   146.96          0.003391                   14.327063      1.8242      5.0
  52   149.22          0.026513                  112.033865     14.2646      5.0
  54   149.99          0.011224                   47.429282      6.0389      5.0
  55   151.19          0.001597                    6.748407      0.8592      5.0
  56   161.04          0.007626                   32.223568      4.1028      5.0
  57   161.20          0.098204                  414.972668     52.8360      5.0
  59   162.47          0.002407                   10.172765      1.2952      5.0
  60   171.40          0.059361                  250.836780     31.9375      5.0
  62   174.38          0.070416                  297.550332     37.8853      5.0
  63   175.34          0.024348                  102.883176     13.0995      5.0
  65   195.56          0.039930                  168.729801     21.4833      5.0
  66   196.05          0.289841                 1224.753401    155.9404      5.0
  67   196.78          0.014368                   60.711310      7.7300      5.0
  68   208.66          1.019505                 4308.019945    548.5141      5.0
  70   210.21          0.383575                 1620.833850    206.3710      5.0
  71   210.32          0.040081                  169.365461     21.5643      5.0
  72   217.92          0.017824                   75.318316      9.5898      5.0
  74   220.32          0.210565                  889.762433    113.2881      5.0
  75   222.57          0.159415                  673.622440     85.7683      5.0
  76   229.47          0.240555                 1016.490682    129.4236      5.0
  77   229.59          0.696171                 2941.738711    374.5538      5.0
  79   231.06          0.023464                   99.151411     12.6243      5.0
  80   263.59          0.006134                   25.920450      3.3003      5.0
  81   264.46          0.030093                  127.159166     16.1904      5.0
  83   266.22          0.209462                  885.101960    112.6947      5.0
  85   273.58          0.518315                 2190.191308    278.8638      5.0
  86   273.92          0.052727                  222.805321     28.3685      5.0
  87   274.08          0.220757                  932.829762    118.7716      5.0
  88   289.95          0.037649                  159.089748     20.2559      5.0
  89   290.68          0.047919                  202.487577     25.7815      5.0
  91   291.83          0.188255                  795.490354    101.2850      5.0
  92   304.63          0.767241                 3242.054447    412.7912      5.0
  93   305.47          0.030460                  128.713887     16.3884      5.0
  95   309.61          1.330212                 5620.945043    715.6810      5.0
  97   324.38          0.285426                 1206.094723    153.5647      5.0
  98   330.98          0.389601                 1646.296555    209.6130      5.0
  99   332.42          0.027565                  116.477088     14.8303      5.0
 100   356.09          0.000880                    3.718104      0.4734      5.0
 101   357.11          0.000082                    0.348488      0.0444      5.0
 103   358.94          1.044870                 4415.200749    562.1608      5.0
 104   377.84          0.016236                   68.605355      8.7351      5.0
 105   377.90          0.089802                  379.467801     48.3153      5.0
 106   377.99          0.161967                  684.406939     87.1414      5.0
 109   381.18          0.010678                   45.122634      5.7452      5.0
 110   382.52          0.218792                  924.528681    117.7146      5.0
 111   382.55          0.294135                 1242.894988    158.2503      5.0
 112   410.63          0.000078                    0.329245      0.0419      5.0
 113   410.77          0.027733                  117.190192     14.9211      5.0
 115   412.06          0.024834                  104.938557     13.3612      5.0
 116   414.69          0.741973                 3135.282514    399.1966      5.0
 117   415.61          0.779540                 3294.024355    419.4082      5.0
 118   415.80          0.155320                  656.319895     83.5652      5.0
 120   443.69          0.866147                 3659.992437    466.0047      5.0
 121   443.78          0.135872                  574.139798     73.1017      5.0
 123   444.32          0.014381                   60.766480      7.7370      5.0
 124   460.89          1.598890                 6756.267660    860.2347      5.0
 126   477.87         14.276140                60325.255857   7680.8501      5.0
 127   479.16         16.040273                67779.776510   8629.9892      5.0
 129   485.95          1.731326                 7315.889219    931.4879      5.0
 130   489.31         12.096022                51112.951560   6507.9031      5.0
 131   495.05         66.912326               282744.724550  36000.1764      5.0
 132   538.09          1.461884                 6177.335247    786.5228      5.0
 134   538.41          1.224175                 5172.875168    658.6309      5.0
 135   538.95          0.398725                 1684.852056    214.5220      5.0
 136   554.04          0.247319                 1045.070342    133.0625      5.0
 137   554.68          0.051951                  219.522314     27.9504      5.0
 139   555.36          0.945225                 3994.144720    508.5503      5.0
 140   565.43          0.048837                  206.363880     26.2751      5.0
 141   566.02          0.852792                 3603.557750    458.8192      5.0
 142   572.03          1.001062                 4230.089315    538.5917      5.0
 145   608.35          1.547511                 6539.164359    832.5923      5.0
 146   609.57          1.330370                 5621.609515    715.7656      5.0
 147   610.41          1.416577                 5985.887946    762.1469      5.0
 148   612.09         68.422309               289125.308275  36812.5776      5.0
 150   623.19          5.863065                24774.967580   3154.4468      5.0
 151   625.64          2.590192                10945.115990   1393.5755      5.0
 152   627.20          0.045707                  193.137817     24.5911      5.0
 154   630.43          6.974712                29472.342759   3752.5352      5.0
 155   637.44         22.711232                95968.583152  12219.0995      5.0
 156   672.22          0.037428                  158.156506     20.1371      5.0
 158   673.47          0.025852                  109.238514     13.9087      5.0
 159   674.02          0.738385                 3120.117597    397.2657      5.0
 160   690.96          0.091343                  385.977107     49.1441      5.0
 161   690.96          0.000002                    0.007328      0.0009      5.0
 163   691.54          0.151686                  640.965588     81.6103      5.0
 164   714.19          2.850552                12045.293079   1533.6543      5.0
 166   715.68          0.595886                 2517.977831    320.5989      5.0
 167   716.80          0.526510                 2224.819592    283.2728      5.0
 168   717.56          7.328784                30968.511417   3943.0333      5.0
 169   718.34          9.490566                40103.336511   5106.1154      5.0
 170   719.34          3.660699                15468.648534   1969.5295      5.0
 172   731.77         30.371792               128339.045512  16340.6348      5.0
 174   739.28          1.389484                 5871.402935    747.5702      5.0
 175   740.22          0.085023                  359.274160     45.7442      5.0
 176   763.19          0.403291                 1704.145847    216.9786      5.0
 177   763.22          3.181228                13442.597072   1711.5646      5.0
 178   765.05         35.224784               148845.847983  18951.6420      5.0
 181   769.31          2.986864                12621.292679   1606.9929      5.0
 182   769.56          0.105678                  446.553585     56.8570      5.0
 183   769.85          0.709723                 2999.005745    381.8453      5.0
 185   794.46         26.942292               113847.348631  14495.4946      5.0
 186   800.45          1.086289                 4590.223565    584.4454      5.0
 187   800.52          0.413075                 1745.489588    222.2426      5.0
 188   801.81          0.391802                 1655.598832    210.7974      5.0
 190   803.96          0.648446                 2740.072899    348.8769      5.0
 191   804.06          0.235491                  995.090371    126.6988      5.0
 192   817.91         18.992426                80254.397316  10218.3072      5.0
 193   818.74          1.513192                 6394.144192    814.1277      5.0
 195   819.94          0.256779                 1085.045270    138.1523      5.0
 196   822.29         42.568012               179875.391495  22902.4462      5.0
 198   833.51          0.099359                  419.851417     53.4571      5.0
 199   833.99          0.978323                 4134.002557    526.3576      5.0
 200   843.36         25.975884               109763.696356  13975.5479      5.0
 202   852.45          3.695413                15615.337733   1988.2066      5.0
 203   853.64         14.823648                62638.805385   7975.4204      5.0
 204   854.05          0.056408                  238.358771     30.3488      5.0
 206   863.48          7.498822                31687.020355   4034.5167      5.0
 207   869.00          0.138473                  585.129690     74.5010      5.0
 209   873.54          8.783863                37117.092658   4725.8950      5.0
 210   888.97         13.241540                55953.449758   7124.2145      5.0
 211   889.86          0.216097                  913.140283    116.2646      5.0
 213   890.22          0.197890                  836.202473    106.4686      5.0
 214   891.12         16.917089                71484.852796   9101.7341      5.0
 215   895.69          0.079580                  336.274588     42.8158      5.0
 217   912.46          9.245090                39066.054263   4974.0445      5.0
 218   913.89          5.624494                23766.863331   3026.0910      5.0
 219   914.39          0.027606                  116.650465     14.8524      5.0
 221   938.66          0.039467                  166.772113     21.2341      5.0
 222   939.71          0.558475                 2359.893438    300.4710      5.0
 223   940.01          0.008419                   35.575927      4.5297      5.0
 225   946.60          0.433343                 1831.132690    233.1471      5.0
 226   949.55          0.000841                    3.555544      0.4527      5.0
 227   949.73          0.000014                    0.057306      0.0073      5.0
 228   966.09          1.568453                 6627.653528    843.8591      5.0
 229   966.91          0.078915                  333.463054     42.4578      5.0
 230   968.63          0.068977                  291.470046     37.1111      5.0
 233   977.73          0.102621                  433.634120     55.2120      5.0
 234   979.24          0.116502                  492.290093     62.6803      5.0
 235   979.95          1.186229                 5012.529552    638.2151      5.0
 237   990.24          0.671603                 2837.926417    361.3360      5.0
 238   990.39          0.353212                 1492.531076    190.0350      5.0
 239   991.19          0.297237                 1256.004044    159.9194      5.0
 240   993.51          0.019218                   81.209355     10.3399      5.0
 242   993.89          0.040372                  170.593822     21.7207      5.0
 243   994.15          0.006598                   27.879435      3.5497      5.0
 245   998.21          0.011468                   48.458275      6.1699      5.0
 246   999.25          0.445278                 1881.568184    239.5687      5.0
 247   999.47          0.417597                 1764.597905    224.6756      5.0
 248  1003.22          4.752350                20081.528211   2556.8596      5.0
 249  1003.58          0.839294                 3546.522723    451.5573      5.0
 251  1004.05          0.255393                 1079.187442    137.4064      5.0
 252  1011.93          1.719789                 7267.141899    925.2812      5.0
 254  1012.94          0.797559                 3370.166071    429.1029      5.0
 255  1013.17          0.179787                  759.707882     96.7290      5.0
 256  1014.52          0.560063                 2366.601254    301.3250      5.0
 257  1014.53          0.150787                  637.165249     81.1264      5.0
 259  1017.55          7.365541                31123.829382   3962.8090      5.0
 260  1017.75          0.007822                   33.051901      4.2083      5.0
 262  1018.16          0.839482                 3547.316971    451.6584      5.0
 263  1019.84          1.503085                 6351.435126    808.6898      5.0
 264  1043.37          0.475601                 2009.700792    255.8831      5.0
 265  1043.84          0.240267                 1015.270849    129.2683      5.0
 266  1044.54          0.107380                  453.745925     57.7727      5.0
 268  1060.23          6.066371                25634.055881   3263.8294      5.0
 269  1060.57          0.866289                 3660.589638    466.0807      5.0
 271  1061.76          1.876935                 7931.176862   1009.8288      5.0
 272  1062.72          0.279146                 1179.560320    150.1863      5.0
 273  1062.74          0.002941                   12.428601      1.5825      5.0
 275  1062.97          0.041934                  177.198211     22.5616      5.0
 276  1067.22          0.038601                  163.111884     20.7681      5.0
 277  1067.33          6.479296                27378.912458   3485.9914      5.0
 279  1069.68          9.021624                38121.774996   4853.8151      5.0
 281  1090.85         14.478015                61178.300082   7789.4631      5.0
 282  1092.52         10.765310                45489.893143   5791.9531      5.0
 283  1092.93          3.157277                13341.388168   1698.6783      5.0
 285  1112.65          0.787275                 3326.711307    423.5700      5.0
 286  1114.48          5.503660                23256.265055   2961.0796      5.0
 287  1114.89          0.113049                  477.701440     60.8228      5.0
 288  1117.17          3.838205                16218.718594   2065.0314      5.0
 289  1118.51          0.251709                 1063.623045    135.4247      5.0
 290  1120.96          0.912918                 3857.626124    491.1682      5.0
 292  1123.81          0.101395                  428.454943     54.5526      5.0
 293  1123.83          0.535620                 2263.316291    288.1744      5.0
 295  1124.35          0.099715                  421.354780     53.6486      5.0
 296  1134.14          1.086497                 4591.100556    584.5571      5.0
 298  1135.79          2.049230                 8659.224956   1102.5268      5.0
 299  1136.51          0.011839                   50.025957      6.3695      5.0
 301  1151.17          1.047030                 4424.331644    563.3234      5.0
 302  1153.11          0.119318                  504.188232     64.1952      5.0
 303  1153.26          0.590509                 2495.254462    317.7057      5.0
 304  1153.38          1.998846                 8446.323222   1075.4193      5.0
 305  1153.54          2.719255                11490.483798   1463.0138      5.0
 307  1156.04          0.095293                  402.670429     51.2696      5.0
 308  1157.76          0.290736                 1228.532951    156.4217      5.0
 310  1158.35          0.171007                  722.605745     92.0050      5.0
 311  1158.40          0.210268                  888.509957    113.1286      5.0
 312  1158.95          2.630739                11116.451770   1415.3906      5.0
 314  1160.21          0.181975                  768.952117     97.9060      5.0
 315  1160.33          0.235751                  996.187754    126.8386      5.0
 316  1187.02         12.983415                54862.716766   6985.3381      5.0
 317  1188.92          0.556373                 2351.007678    299.3396      5.0
 319  1190.37          0.017606                   74.396250      9.4724      5.0
 321  1193.22          0.164537                  695.268481     88.5243      5.0
 322  1197.67          7.074247                29892.939931   3806.0873      5.0
 323  1198.98          0.060250                  254.591253     32.4156      5.0
 325  1203.24          0.752432                 3179.475963    404.8235      5.0
 326  1208.57         10.047967                42458.689967   5406.0083      5.0
 327  1210.55          0.001811                    7.654573      0.9746      5.0
 329  1216.92          0.607919                 2568.821444    327.0725      5.0
 330  1218.18          0.052773                  222.999526     28.3932      5.0
 331  1218.54          0.177580                  750.381730     95.5416      5.0
 333  1224.75          0.022875                   96.662548     12.3075      5.0
 334  1225.81          6.669614                28183.120035   3588.3863      5.0
 335  1226.59          8.060926                34062.247738   4336.9401      5.0
 336  1239.76         14.059161                59408.391143   7564.1113      5.0
 338  1242.59         18.750281                79231.188267  10088.0282      5.0
 339  1242.74         10.963274                46326.409371   5898.4616      5.0
 340  1254.07          0.848569                 3585.713296    456.5472      5.0
 342  1254.79          0.867193                 3664.412201    466.5675      5.0
 343  1255.74          9.980690                42174.405737   5369.8121      5.0
 344  1278.79          0.776089                 3279.439755    417.5512      5.0
 346  1280.05          0.461256                 1949.083843    248.1651      5.0
 347  1280.19          0.024965                  105.490377     13.4315      5.0
 348  1281.43          0.001451                    6.131244      0.7807      5.0
 349  1281.70          0.166904                  705.268534     89.7976      5.0
 351  1281.83          1.211469                 5119.185033    651.7949      5.0
 353  1294.02          0.239575                 1012.348101    128.8962      5.0
 354  1294.17          0.001444                    6.102446      0.7770      5.0
 355  1294.53          0.589920                 2492.764584    317.3886      5.0
 356  1296.27          0.546916                 2311.050291    294.2521      5.0
 357  1296.64          0.008748                   36.964210      4.7064      5.0
 358  1296.73          0.098493                  416.190994     52.9911      5.0
 360  1310.88          0.666887                 2817.996630    358.7985      5.0
 362  1312.22          0.015949                   67.395751      8.5811      5.0
 363  1312.25          0.394720                 1667.928206    212.3672      5.0
 364  1316.05          0.636750                 2690.649395    342.5841      5.0
 366  1317.50          0.158185                  668.426940     85.1068      5.0
 367  1317.57          2.147255                 9073.440209   1155.2663      5.0
 368  1337.18          0.311594                 1316.671874    167.6439      5.0
 370  1337.27          0.014297                   60.412089      7.6919      5.0
 371  1337.40          0.100200                  423.403432     53.9094      5.0
 372  1344.61          0.643323                 2718.425785    346.1207      5.0
 374  1344.82          0.041216                  174.163461     22.1752      5.0
 375  1344.96          0.310277                 1311.105697    166.9352      5.0
 376  1356.25          0.153771                  649.776849     82.7322      5.0
 377  1356.30          1.313669                 5551.040945    706.7805      5.0
 378  1357.36          0.001623                    6.856780      0.8730      5.0
 381  1363.80          3.715006                15698.129861   1998.7480      5.0
 382  1363.86          0.072427                  306.046050     38.9670      5.0
 383  1363.99          0.011347                   47.949656      6.1051      5.0
 384  1370.24          0.742317                 3136.733998    399.3814      5.0
 385  1370.25          0.313685                 1325.508545    168.7690      5.0
 386  1370.49          4.938640                20868.718726   2657.0878      5.0
 388  1398.28          0.006091                   25.740052      3.2773      5.0
 389  1398.61          2.271525                 9598.556924   1222.1262      5.0
 391  1399.04          2.584832                10922.466581   1390.6916      5.0
 393  1409.15          0.580141                 2451.445411    312.1277      5.0
 394  1410.83          0.036038                  152.280477     19.3890      5.0
 395  1410.96          0.010470                   44.242045      5.6331      5.0
 396  1416.29          1.227790                 5188.149963    660.5758      5.0
 397  1416.65          0.188773                  797.680425    101.5638      5.0
 399  1420.73          2.080242                 8790.271875   1119.2122      5.0
 401  1422.49          0.004610                   19.481012      2.4804      5.0
 402  1423.22          0.096272                  406.805293     51.7961      5.0
 403  1423.22          2.339746                 9886.830782   1258.8304      5.0
 404  1432.77          2.705716                11433.273551   1455.7296      5.0
 405  1434.05          0.054380                  229.787141     29.2574      5.0
 406  1435.22          1.964166                 8299.780778   1056.7609      5.0
 409  1438.67          1.619679                 6844.117655    871.4201      5.0
 410  1440.71          0.398235                 1682.783884    214.2587      5.0
 411  1441.17          1.132885                 4787.119637    609.5150      5.0
 412  1443.83          1.817063                 7678.179731    977.6162      5.0
 414  1444.50          0.385216                 1627.769353    207.2540      5.0
 415  1444.91          0.003169                   13.389322      1.7048      5.0
 416  1449.36          0.000008                    0.032282      0.0041      5.0
 417  1449.46          0.381300                 1611.221233    205.1471      5.0
 419  1452.87          0.000408                    1.724390      0.2196      5.0
 421  1463.58          0.270584                 1143.381562    145.5799      5.0
 422  1464.44          0.799862                 3379.898340    430.3420      5.0
 423  1464.46          0.056051                  236.851037     30.1568      5.0
 424  1468.37          4.491994                18981.370718   2416.7832      5.0
 425  1469.06          0.217652                  919.711649    117.1013      5.0
 427  1469.86          0.074149                  313.325805     39.8939      5.0
 428  1473.35          0.091283                  385.727104     49.1123      5.0
 430  1475.01          3.218540                13600.263763   1731.6394      5.0
 431  1475.51          0.018751                   79.233310     10.0883      5.0
 433  1476.04          0.004342                   18.346072      2.3359      5.0
 434  1476.04          0.009538                   40.302117      5.1314      5.0
 435  1476.63          0.000030                    0.126671      0.0161      5.0
 436  1576.74          0.246097                 1039.908004    132.4052      5.0
 437  1576.97          0.307285                 1298.465192    165.3257      5.0
 438  1577.12          0.000919                    3.882253      0.4943      5.0
 440  1593.28          0.053236                  224.954285     28.6421      5.0
 441  1593.33          2.949067                12461.578566   1586.6575      5.0
 443  1594.38          1.254340                 5300.339918    674.8602      5.0
 444  1679.34         14.441063                61022.154402   7769.5820      5.0
 445  1681.40         24.191919               102225.371584  13015.7386      5.0
 446  1682.89          0.918402                 3880.798331    494.1186      5.0
 449  1703.11         33.433581               141276.941697  17987.9389      5.0
 450  1707.75          0.848159                 3583.979797    456.3265      5.0
 451  1708.44         22.956905                97006.697472  12351.2763      5.0
 452  2704.28         83.498071               352829.449918  44923.6408      5.0
 454  2717.16         84.940035               358922.611487  45699.4462      5.0
 455  2724.89          3.015417                12741.944544   1622.3548      5.0
 456  2917.28          5.995087                25332.840100   3225.4774      5.0
 458  2917.52          1.814183                 7666.011717    976.0669      5.0
 459  2917.55          0.721756                 3049.852922    388.3193      5.0
 460  2960.87          0.035082                  148.243814     18.8750      5.0
 461  2961.00          0.476849                 2014.971547    256.5541      5.0
 462  2961.02          0.040159                  169.695221     21.6063      5.0
 465  2965.82          2.721641                11500.564530   1464.2974      5.0
 466  2967.00          2.784559                11766.433147   1498.1488      5.0
 467  2967.25          2.810028                11874.053558   1511.8515      5.0
 468  2975.28          0.023828                  100.688002     12.8200      5.0
 470  2975.53          2.552730                10786.817354   1373.4202      5.0
 471  2975.82          3.306159                13970.503589   1778.7798      5.0
 472  2996.43          0.367333                 1552.200346    197.6323      5.0
 474  2996.53          0.000899                    3.799305      0.4837      5.0
 475  2996.73          1.317248                 5566.163445    708.7059      5.0
 476  3000.19          1.061312                 4484.677879    571.0069      5.0
 478  3000.34          0.004039                   17.065748      2.1729      5.0
 479  3000.35          0.279408                 1180.664749    150.3269      5.0
 481  3000.96          0.004125                   17.432287      2.2195      5.0
 482  3000.98          0.026514                  112.035858     14.2648      5.0
 483  3001.00          0.559209                 2362.993523    300.8657      5.0
 484  3027.81          0.001786                    7.546168      0.9608      5.0
 486  3027.92          0.030719                  129.807417     16.5276      5.0
 487  3028.02          0.007020                   29.661890      3.7767      5.0
 488  3034.04          0.352279                 1488.590848    189.5333      5.0
 490  3034.33          0.033537                  141.715864     18.0438      5.0
 491  3034.38          0.026755                  113.057160     14.3949      5.0
 492  3045.02          0.047048                  198.806197     25.3128      5.0
 493  3045.08          0.030189                  127.568059     16.2425      5.0
 495  3045.26          0.113841                  481.044755     61.2485      5.0
 496  3057.78          0.185996                  785.943703    100.0695      5.0
 498  3057.83          0.244075                 1031.361571    131.3170      5.0
 499  3057.83          0.038976                  164.696591     20.9698      5.0
 500  3068.12          1.986361                 8393.567819   1068.7022      5.0
 501  3068.33          0.020254                   85.586897     10.8973      5.0
 503  3068.53          2.930195                12381.832809   1576.5039      5.0
 505  3069.89          1.387320                 5862.260113    746.4061      5.0
 506  3070.49          2.738337                11571.118412   1473.2806      5.0
 507  3070.54          0.003832                   16.191598      2.0616      5.0
 508  3071.78          0.286732                 1211.613995    154.2675      5.0
 509  3071.82          0.029010                  122.583457     15.6078      5.0
 510  3071.83          0.675674                 2855.125952    363.5259      5.0
 512  3078.30          1.379372                 5828.673077    742.1297      5.0
 514  3078.65          0.010424                   44.047035      5.6082      5.0
 515  3078.67          0.209577                  885.588649    112.7566      5.0
 516  3089.83          0.006070                   25.650331      3.2659      5.0
 518  3090.09          0.004297                   18.156354      2.3117      5.0
 519  3090.31          0.349600                 1477.270851    188.0920      5.0
 520  3098.23          0.201977                  853.472409    108.6675      5.0
 521  3098.24          0.214517                  906.464670    115.4147      5.0
 522  3098.28          0.799970                 3380.351801    430.3998      5.0
 525  3104.85          0.007539                   31.858188      4.0563      5.0
 526  3104.86          0.001139                    4.812265      0.6127      5.0
 527  3104.91          0.025420                  107.414271     13.6764      5.0
 528  3109.18          0.080236                  339.043564     43.1684      5.0
 529  3109.34          0.129979                  549.240010     69.9314      5.0
 530  3109.41          0.028265                  119.435409     15.2070      5.0
 532  3124.55          0.653476                 2761.326309    351.5830      5.0
 533  3124.78          0.210810                  890.799759    113.4201      5.0
 535  3125.38          0.194455                  821.687780    104.6205      5.0
 536  3135.58          0.004196                   17.732005      2.2577      5.0
 537  3136.21          0.015546                   65.690403      8.3640      5.0
 539  3137.37          0.085170                  359.892924     45.8230      5.0
 
 
Permittivity contribution from ionic displacements
            1.306377      -0.000000       0.000000
           -0.000000       0.776910      -0.000000
            0.000000      -0.000000       1.165286
 
Optical permittivity at zero frequency
            2.596309       0.000000       0.000000
            0.000000       2.662888       0.000000
            0.000000       0.000000       2.521611
 
Total permittivity
            3.902686      -0.000000       0.000000
           -0.000000       3.439798      -0.000000
            0.000000      -0.000000       3.686898
