The following methods will be used: maxwell bruggeman ap
Creating a csv file: command.csv
No plotting has been requested
The frequency increment is 0.20 cm-1
The default width factor (-sigma) has been set to 10.000000 cm-1
The permittivity of the medium (-dielectric) has been set to 3.0000
The density of the medium (-density) has been set to 2.2000 g/cc
Vmin is:   300.0 cm-1
Vmax is:   800.0 cm-1
All phonon modes will be considered
The number of processors (4) has been determined automatically

Program used to perform the phonon calculation was: experiment
The file containing the output is: data.expt
No projection of the dynamical matrix will be performed
The charge neutrality of the Born atomic charges will not be enforced
 
Shape depolarisation matrix: sphere   
            0.333333       0.000000       0.000000
            0.000000       0.333333       0.000000
            0.000000       0.000000       0.333333
 
Shape depolarisation matrix: needle [0,0,1] xyz=[0.000000,0.707107,0.707107]
            0.500000       0.000000       0.000000
            0.000000       0.250000      -0.250000
            0.000000      -0.250000       0.250000
 
Atomic masses will be defined using:  average
 
Old masses by atom types
  16.000000  24.300000
 
Old atomic mass list
  16.000000  24.300000
 
New masses by atom types
  15.999400  24.305000
 
New atomic mass list
  15.999400  24.305000

Volume of unit cell is    19.14971211 Angstrom^3
Total unit cell mass is:    40.30440000 g/mol
Crystal density is:   3.49494 g/cc


Concentration for unit volume fraction   86.7135 moles/Litre
Calculate mass weighted normal modes is not needed
Calculated Integrated IR band intensities (espilon_max assumes a fwhm line width)
Only IR active modes are shown

Mode Frequency Intensity         Integrated Molar Absorption Epsilon_max   FWHM  
     cm-1      Debye2/Angs2/amu   Coefficient L/mole/cm/cm    L/mole/cm    cm-1  
---- --------- ----------------  --------------------------- -----------   ----  
   0   388.28          9.290762                39259.045473   2499.3085     10.0
   1   388.28          9.290762                39259.045473   2499.3085     10.0
   2   388.28          9.290762                39259.045473   2499.3085     10.0
 
 
Permittivity contribution from ionic displacements
            6.863637       0.000000       0.000000
            0.000000       6.863637       0.000000
            0.000000       0.000000       6.863637
 
Optical permittivity at zero frequency
            3.139690       0.000000       0.000000
            0.000000       3.139690       0.000000
            0.000000       0.000000       3.139690
 
Total permittivity
           10.003327       0.000000       0.000000
            0.000000      10.003327       0.000000
            0.000000       0.000000      10.003327
