The following methods will be used: maxwell bruggeman ap
Creating a csv file: command.csv
No plotting has been requested
The frequency increment is 0.20 cm-1
The default width factor (-sigma) has been set to 5.000000 cm-1
The permittivity of the medium (-dielectric) has been set to 2.0000
The density of the medium (-density) has been set to 2.2000 g/cc
Vmin is:     0.0 cm-1
Vmax is:   300.0 cm-1
All phonon modes will be considered

Program used to perform the phonon calculation was: phonopy
The file containing the output is: VASP/OUTCAR
No projection of the dynamical matrix will be performed
The charge neutrality of the Born atomic charges will be enforced
 
Shape depolarisation matrix: needle [0,0,1] xyz=[-0.230678,-0.237479,0.943606]
            0.473394      -0.027391       0.108835
           -0.027391       0.471802       0.112043
            0.108835       0.112043       0.054804
 
Shape depolarisation matrix: ellipsoid [0,0,1] 0.5xyz=[-0.230678,-0.237479,0.943606]
            0.251874       0.015930      -0.063298
            0.015930       0.252800      -0.065164
           -0.063298      -0.065164       0.495326
 
Shape depolarisation matrix: plate (1,0,0) xyz=[0.956157,0.124489,0.265077]
            0.914237       0.119031       0.253455
            0.119031       0.015497       0.032999
            0.253455       0.032999       0.070266

Volume of unit cell is   151.88000000 Angstrom^3
Total unit cell mass is:   238.11200000 g/mol
Crystal density is:   2.60333 g/cc


Concentration for unit volume fraction   10.9332 moles/Litre
 
 
Transverse frequencies (cm-1)
     -0.51     -0.37     -0.21     91.41    105.49    111.13    114.46    120.90
    133.86    138.67    181.17    181.24    206.34    207.20    229.39    233.22
    249.84    337.67    379.33    402.52    444.74    526.06    530.45    532.71
    547.04    564.67    612.71    662.00    725.18    818.03    997.95   1028.26
   1188.43   1196.25   1203.90   1224.89
 
 
Longitudinal frequencies (cm-1) q->0 q(cart)=[ 0.5164, 0.5138, 0.6851] (1,1,1)
     -0.48     -0.37     -0.21     91.70    105.49    111.13    114.46    122.42
    134.74    138.67    181.17    183.45    206.34    229.39    232.52    243.51
    249.84    337.67    379.61    402.52    444.74    530.45    532.46    544.08
    547.04    566.47    612.71    692.27    725.18    818.03   1003.21   1028.26
   1195.93   1196.25   1224.89   1251.00
 
Calculated Integrated IR band intensities (espilon_max assumes a fwhm line width)
Only IR active modes are shown

Mode Frequency Intensity         Integrated Molar Absorption Epsilon_max   FWHM  
     cm-1      Debye2/Angs2/amu   Coefficient L/mole/cm/cm    L/mole/cm    cm-1  
---- --------- ----------------  --------------------------- -----------   ----  
   3    91.41          0.421805                 1782.378955    226.9395      5.0
   4   105.49          0.000000                    0.000428      0.0001      5.0
   5   111.13          0.000000                    0.000020      0.0000      5.0
   6   114.46          0.000000                    0.000955      0.0001      5.0
   7   120.90          1.509062                 6376.693660    811.9059      5.0
   8   133.86          2.947758                12456.045338   1585.9529      5.0
   9   138.67          0.000000                    0.000088      0.0000      5.0
  10   181.17          0.000000                    0.000188      0.0000      5.0
  11   181.24          0.454673                 1921.265083    244.6231      5.0
  12   206.34          0.000000                    0.000233      0.0000      5.0
  13   207.20          3.298142                13936.627144   1774.4665      5.0
  14   229.39          0.000000                    0.000444      0.0001      5.0
  15   233.22          3.568681                15079.818183   1920.0221      5.0
  16   249.84          0.000000                    0.000012      0.0000      5.0
  17   337.67          0.000000                    0.000051      0.0000      5.0
  18   379.33          0.111460                  470.986398     59.9679      5.0
  19   402.52          0.000000                    0.000052      0.0000      5.0
  20   444.74          0.218708                  924.170650    117.6691      5.0
  21   526.06          6.065993                25632.458133   3263.6259      5.0
  22   530.45          0.000000                    0.000100      0.0000      5.0
  23   532.71          3.603181                15225.602834   1938.5840      5.0
  24   547.04          0.000000                    0.000553      0.0001      5.0
  25   564.67          1.903482                 8043.352056   1024.1114      5.0
  26   612.71          0.000000                    0.000016      0.0000      5.0
  27   662.00         20.389967                86159.843039  10970.2119      5.0
  28   725.18          0.000000                    0.000718      0.0001      5.0
  29   818.03          0.000000                    0.000085      0.0000      5.0
  30   997.95          7.988970                33758.192538   4298.2266      5.0
  31  1028.26          0.000000                    0.000139      0.0000      5.0
  32  1188.43         26.889595               113624.673476  14467.1428      5.0
  33  1196.25          0.000000                    0.001195      0.0002      5.0
  34  1203.90         23.303446                98471.040071  12537.7222      5.0
  35  1224.89          0.000000                    0.001524      0.0002      5.0
 
 
Permittivity contribution from ionic displacements
            3.521716      -0.897671      -0.592024
           -0.897671       2.718584       0.425824
           -0.592024       0.425824       2.278728
 
Optical permittivity at zero frequency
            2.441540      -0.046145      -0.239451
           -0.046145       2.289335       0.087339
           -0.239452       0.087340       2.573718
 
Total permittivity
            5.963256      -0.943816      -0.831475
           -0.943816       5.007919       0.513163
           -0.831476       0.513164       4.852446
