The following methods will be used: ap maxwell
Creating a csv file: command.csv
No plotting has been requested
The frequency increment is 0.20 cm-1
The default width factor (-sigma) has been set to 5.000000 cm-1
The permittivity of the medium (-dielectric) has been set to 2.0000
The density of the medium (-density) has been set to 2.2000 g/cc
Vmin is:     0.0 cm-1
Vmax is:   300.0 cm-1
All phonon modes will be considered
The number of processors (4) has been determined automatically

Program used to perform the phonon calculation was: abinit
The file containing the output is: Na2SO42.out
No projection of the dynamical matrix will be performed
The charge neutrality of the Born atomic charges will not be enforced
 
Shape depolarisation matrix: plate (0,0,1) xyz=[0.000000,0.000000,1.000000]
            0.000000       0.000000       0.000000
            0.000000       0.000000       0.000000
            0.000000       0.000000       1.000000
 
Shape depolarisation matrix: ellipsoid [0,0,1] 0.5xyz=[-0.230678,-0.237479,0.943606]
            0.251874       0.015930      -0.063298
            0.015930       0.252800      -0.065164
           -0.063298      -0.065164       0.495326
 
Shape depolarisation matrix: plate (1,0,0) xyz=[0.956157,0.124489,0.265077]
            0.914237       0.119031       0.253455
            0.119031       0.015497       0.032999
            0.253455       0.032999       0.070266
 
Atomic masses will be defined using:  average
 
Old masses by atom types
  32.066000  22.989768  15.999400
 
Old atomic mass list
  32.066000  32.066000  22.989768  22.989768  15.999400  15.999400  15.999400  15.999400
  15.999400  15.999400  15.999400  15.999400
 
New masses by atom types
  32.065000  22.989769  15.999400
 
New atomic mass list
  32.065000  32.065000  22.989769  22.989769  15.999400  15.999400  15.999400  15.999400
  15.999400  15.999400  15.999400  15.999400

Volume of unit cell is   151.88041980 Angstrom^3
Total unit cell mass is:   238.10473856 g/mol
Crystal density is:   2.60325 g/cc


Concentration for unit volume fraction   10.9332 moles/Litre
 
 
Transverse frequencies (cm-1)
    -16.52    -10.72      4.80     85.20     93.46    104.82    106.11    107.62
    169.65    170.29    181.55    193.25    215.43    270.30    291.09    310.24
    321.24    356.69    387.96    404.71    452.70    532.53    535.74    541.06
    560.29    572.94    615.21    655.44    681.06    812.62   1033.63   1060.84
   1230.28   1244.38   1251.07   1265.69
 
 
Longitudinal frequencies (cm-1) q->0 q(cart)=[ 0.9562, 0.1245, 0.2651] (1,0,0)
    -16.51    -10.72      4.80     85.30     93.46    104.82    106.11    108.94
    169.65    181.55    183.95    208.29    215.43    290.86    291.09    311.00
    321.24    356.69    387.99    404.71    453.24    534.65    535.74    547.17
    560.29    573.23    615.21    656.80    681.06    812.62   1034.81   1060.84
   1234.83   1244.38   1265.69   1306.36
 
 
Longitudinal frequencies (cm-1) q->0 q(cart)=[ 0.0000, 0.9698, 0.2441] (0,1,0)
    -16.51    -10.68      4.84     88.74     93.46    104.82    106.11    120.75
    169.65    172.38    181.55    193.30    215.43    280.41    291.09    315.11
    321.24    356.69    388.84    404.71    452.73    535.74    536.18    550.63
    560.29    579.55    615.21    681.06    710.24    812.62   1045.18   1060.84
   1234.52   1244.38   1265.69   1281.17
 
 
Longitudinal frequencies (cm-1) q->0 q(cart)=[ 0.0000, 0.0000, 1.0000] (0,0,1)
    -16.49    -10.58      4.86     88.73     93.46    104.82    106.11    109.97
    169.65    171.83    181.55    193.48    215.43    273.57    291.09    320.44
    321.24    356.69    387.99    404.71    452.89    535.74    538.87    553.20
    560.29    574.05    615.21    681.06    701.75    812.62   1042.77   1060.84
   1244.38   1249.85   1265.61   1265.69
 
 
Longitudinal frequencies (cm-1) q->0 q(cart)=[ 1.0000, 0.0000, 0.0000] 
    -16.52    -10.71      4.80     85.23     93.46    104.82    106.11    110.83
    169.65    181.55    186.34    213.17    215.43    283.25    291.09    310.24
    321.24    356.69    388.09    404.71    453.47    532.56    535.74    550.01
    560.29    573.10    615.21    670.00    681.06    812.62   1038.86   1060.84
   1233.70   1244.38   1265.69   1293.63
 
 
Longitudinal frequencies (cm-1) q->0 q(cart)=[ 0.0000, 1.0000, 0.0000] 
    -16.51    -10.64      4.88     90.93     93.46    104.82    106.11    121.24
    169.65    171.74    181.55    193.26    215.43    277.82    291.09    320.70
    321.24    356.69    388.97    404.71    452.70    534.94    535.74    547.31
    560.29    581.61    615.21    681.06    690.24    812.62   1040.36   1060.84
   1238.53   1244.38   1265.69   1288.35
 
 
Longitudinal frequencies (cm-1) q->0 q(cart)=[ 0.0000, 0.0000, 1.0000] 
    -16.49    -10.58      4.86     88.73     93.46    104.82    106.11    109.97
    169.65    171.83    181.55    193.48    215.43    273.57    291.09    320.44
    321.24    356.69    387.99    404.71    452.89    535.74    538.87    553.20
    560.29    574.05    615.21    681.06    701.75    812.62   1042.77   1060.84
   1244.38   1249.85   1265.61   1265.69
 
Calculated Integrated IR band intensities (espilon_max assumes a fwhm line width)
Only IR active modes are shown

Mode Frequency Intensity         Integrated Molar Absorption Epsilon_max   FWHM  
     cm-1      Debye2/Angs2/amu   Coefficient L/mole/cm/cm    L/mole/cm    cm-1  
---- --------- ----------------  --------------------------- -----------   ----  
   3    85.20          0.604913                 2556.119055    325.4552      5.0
   4    93.46          0.000000                    0.000002      0.0000      5.0
   5   104.82          0.000000                    0.000015      0.0000      5.0
   6   106.11          0.000000                    0.000096      0.0000      5.0
   7   107.62          0.974362                 4117.262731    524.2262      5.0
   8   169.65          0.000000                    0.000022      0.0000      5.0
   9   170.29          2.772131                11713.915871   1491.4621      5.0
  10   181.55          0.000000                    0.000019      0.0000      5.0
  11   193.25          0.624387                 2638.409275    335.9327      5.0
  12   215.43          0.000000                    0.000001      0.0000      5.0
  13   270.30          2.578097                10894.006775   1387.0680      5.0
  15   310.24          2.623786                11087.068458   1411.6494      5.0
  17   356.69          0.000000                    0.000002      0.0000      5.0
  18   387.96          0.167583                  708.140656     90.1633      5.0
  19   404.71          0.000000                    0.000001      0.0000      5.0
  20   452.70          0.190638                  805.558381    102.5669      5.0
  21   532.53          5.767675                24371.888749   3103.1253      5.0
  22   535.74          0.000000                    0.000001      0.0000      5.0
  23   541.06          4.249280                17955.755665   2286.1978      5.0
  24   560.29          0.000000                    0.000002      0.0000      5.0
  25   572.94          2.081734                 8796.574935   1120.0147      5.0
  27   655.44         20.297456                85768.929732  10920.4393      5.0
  28   681.06          0.000000                    0.000001      0.0000      5.0
  30  1033.63          8.108230                34262.135258   4362.3905      5.0
  32  1230.28         25.520433               107839.141133  13730.5059      5.0
  33  1244.38          0.000000                    0.000001      0.0000      5.0
  34  1251.07         23.002629                97199.911202  12375.8771      5.0
  35  1265.69          0.000000                    0.000002      0.0000      5.0
 
 
Permittivity contribution from ionic displacements
            2.381341      -0.784612      -0.483447
           -0.784612       2.540328       0.173957
           -0.483447       0.173957       1.706061
 
Optical permittivity at zero frequency
            2.379257      -0.052571      -0.266504
           -0.052571       2.220460       0.091491
           -0.266504       0.091491       2.530833
 
Total permittivity
            4.760599      -0.837183      -0.749950
           -0.837183       4.760789       0.265448
           -0.749950       0.265448       4.236893
