App: Initialising
App: About to open the notebook
App: Program is 
App: Filename is 
App: Spreadsheet is 
App: Script is test.py
App: The default scenario is powder
App: No. of cpus is 0
App: Threading is False
NoteBook: Initialising
MainTab Initialising    
NoteBook: Initialising the first scenario
PowderScenarioTab: In the initialiser
PowderScenarioTab: Unset on volume fraction line edit changed 10.0
PowderScenarioTab: Unset Update_mf_sb
PowderScenarioTab: Unset rho 1 1.0
PowderScenarioTab: Unset rho 2 2.2
PowderScenarioTab: Unset mf 1  0.04807692307692308
PowderScenarioTab: Unset on legend change Scenario 1
NoteBook: Finished adding the first scenario
PlottingTab Plotting tab initialisation
NoteBook: Initialising the viewer tab
NoteBook: Initialising the fitter tab
FitterTab: Initialising
FitterTab: redraw_sigmas_tw
NoteBook: Adding all tabs to the notebook
NoteBook: Tab index changed 0
NoteBook: Exiting on_tabs_currentChanged without refreshing
NoteBook: Exiting initialisation 
App: About to call setCentralWidget
App: Finished call setCentralWidget
App: Processing script test.py
App: readScript starting
NoteBook: switch for scenario 1
NoteBook: Current scenario type Powder Powder
PowderScenarioTab: In the initialiser
PowderScenarioTab: Unset on volume fraction line edit changed 10.0
PowderScenarioTab: Unset Update_mf_sb
PowderScenarioTab: Unset rho 1 1.0
PowderScenarioTab: Unset rho 2 2.2
PowderScenarioTab: Unset mf 1  0.04807692307692308
NoteBook: Current scenario type now Powder
PowderScenarioTab: Unset on legend change Scenario 1
NoteBook: Tab index changed 2
NoteBook: Exiting on_tabs_currentChanged without refreshing
PowderScenarioTab: Scenario 1 refresh, force = True
PowderScenarioTab: Scenario 1 Update_mf_sb
PowderScenarioTab: Scenario 1 rho 1 1.0
PowderScenarioTab: Scenario 1 rho 2 2.2
PowderScenarioTab: Scenario 1 mf 1  0.04807692307692308
PowderScenarioTab: Scenario 1 Update_vf_sb
PowderScenarioTab: Scenario 1 rho 1 1.0
PowderScenarioTab: Scenario 1 rho 2 2.2
PowderScenarioTab: Scenario 1 vf 1  0.10000000000000002
SettingsTab: requestRefresh
SettingsTab: refresh  False
SettingsTab: createIntensityTable
SettingsTab: createIntensityTable aborting as now reader available
PlottingTab requestRefresh
FitterTab: requestRefresh
FitterTab: requestRefresh
PlottingTab requestRefresh
App: readScript finished reading script
App: readScript notebook scripting set to False
App: readScript notebook refresh
NoteBook: Notebook refresh changed False
MainTab refresh False
MainTab on_calculation_button_clicked called from MainTab.refresh()
MainTab Calculation button clicked
MainTab Read output file - clear list widgets
_read_output_file(phonon.castep): Match found energy_cutoff
_read_output_file(phonon.castep): Match found nelect
_read_output_file(phonon.castep): Match found spin
_read_output_file(phonon.castep): Match found nbands
_read_output_file(phonon.castep): Match found cellcontents
_read_output_file(phonon.castep): Match found masses
_read_output_file(phonon.castep): Match found pspots
_read_output_file(phonon.castep): Match found kpoint_grid
_read_output_file(phonon.castep): Match found kpoints
_read_output_file(phonon.castep): Match found finalenergy2
_read_output_file(phonon.castep): Match found finalenergy3
_read_output_file(phonon.castep): Match found finalenergy2
_read_output_file(phonon.castep): Match found finalenergy3
_read_output_file(phonon.castep): Match found finalenergy2
_read_output_file(phonon.castep): Match found finalenergy3
_read_output_file(phonon.castep): Match found opticalDielectric
_read_output_file(phonon.castep): Match found bornCharges
_read_output_file(phonon.castep): Match found pressure
_read_output_file(phonon.phonon): Match found nbranches
_read_output_file(phonon.phonon): Match found frequency

Summary of information contained in the QM/MM Reader

Number of atoms:    32

Number of species:     4
 
Species:
 H         C         N         O        
 
Number of atoms for each species:
        14         8         2         8
 
Mass of each species:
   1.007940  12.010700  14.006740  15.999400
 
Atom type list:
         0         0         0         0         0         0         0         0
         0         0         0         0         0         0         1         1
         1         1         1         1         1         1         2         2
         3         3         3         3         3         3         3         3

Number of kpoints:     2

Kpoint grid      :     2     2     2

Energy cutoff (eV): 1000.000000

 
Frequencies (cm-1):
     -0.06     -0.05     -0.03     50.02     77.00     84.52    101.27    104.72
    106.03    115.29    119.82    137.27    142.30    150.99    153.25    165.88
    180.00    196.13    216.76    225.87    291.88    293.34    371.13    374.41
    385.31    414.89    455.49    474.59    544.88    546.92    560.63    561.86
    609.74    610.10    668.79    678.28    761.04    769.71    787.32    793.59
    867.67    875.55    893.76    896.08    941.38    941.59    998.58    999.92
   1071.29   1074.89   1127.70   1128.39   1144.29   1147.30   1157.20   1165.08
   1252.35   1252.87   1265.59   1269.11   1287.34   1289.95   1336.37   1340.62
   1351.73   1352.90   1385.68   1397.65   1422.35   1423.03   1473.96   1475.94
   1507.13   1509.14   1558.65   1578.30   1613.33   1623.82   1638.70   1642.02
   1655.64   1666.65   2288.49   2307.02   2945.93   2947.30   2960.71   2979.80
   3018.24   3018.76   3039.83   3053.67   3074.47   3075.11   3088.73   3089.65
 
Masses (amu):
   1.007940   1.007940   1.007940   1.007940   1.007940   1.007940   1.007940   1.007940
   1.007940   1.007940   1.007940   1.007940   1.007940   1.007940  12.010700  12.010700
  12.010700  12.010700  12.010700  12.010700  12.010700  12.010700  14.006740  14.006740
  15.999400  15.999400  15.999400  15.999400  15.999400  15.999400  15.999400  15.999400
 
Born Charges for Atom 0
            2.207150       0.184320      -0.234200
            0.275260       0.395820      -0.065420
            0.307310       0.002890       0.222690
 
Born Charges for Atom 1
            2.207150      -0.184320      -0.234200
           -0.275260       0.395820       0.065420
            0.307310      -0.002890       0.222690
 
Born Charges for Atom 2
            0.096990      -0.002840      -0.019020
            0.010930       0.168290       0.016080
            0.034960      -0.014630       0.092020
 
Born Charges for Atom 3
            0.096990       0.002840      -0.019020
           -0.010930       0.168290      -0.016080
            0.034960       0.014630       0.092020
 
Born Charges for Atom 4
            0.015870       0.024350      -0.043750
            0.016440       0.092760      -0.069200
           -0.032770      -0.053580       0.091870
 
Born Charges for Atom 5
            0.015870      -0.024350      -0.043750
           -0.016440       0.092760       0.069200
           -0.032770       0.053580       0.091870
 
Born Charges for Atom 6
            0.315630       0.067610       0.140790
            0.075820       0.403200       0.270900
            0.175700       0.362730       0.990050
 
Born Charges for Atom 7
            0.315630      -0.067610       0.140790
           -0.075820       0.403200      -0.270900
            0.175700      -0.362730       0.990050
 
Born Charges for Atom 8
            0.559060      -0.400880      -0.192110
           -0.403430       0.794140       0.248960
           -0.294980       0.345500       0.450660
 
Born Charges for Atom 9
            0.559060       0.400880      -0.192110
            0.403430       0.794140      -0.248960
           -0.294980      -0.345500       0.450660
 
Born Charges for Atom 10
            1.035930       0.313340      -0.247300
            0.434430       0.436860      -0.136480
           -0.446180      -0.167260       0.415760
 
Born Charges for Atom 11
            1.035930      -0.313340      -0.247300
           -0.434430       0.436860       0.136480
           -0.446180       0.167260       0.415760
 
Born Charges for Atom 12
            0.087630      -0.033200      -0.009420
           -0.016000       0.036390       0.005940
           -0.036980       0.015520      -0.033820
 
Born Charges for Atom 13
            0.087630       0.033200      -0.009420
            0.016000       0.036390      -0.005940
           -0.036980      -0.015520      -0.033820
 
Born Charges for Atom 14
            1.841780       0.322080       0.377520
            0.142540       0.224100      -0.188750
            0.099520      -0.267270       2.726290
 
Born Charges for Atom 15
            1.841780      -0.322080       0.377520
           -0.142540       0.224100       0.188750
            0.099520       0.267270       2.726290
 
Born Charges for Atom 16
           -0.262580      -0.083300       0.032910
           -0.100210       0.591530      -0.256190
            0.131260      -0.291480       0.419110
 
Born Charges for Atom 17
           -0.262580       0.083300       0.032910
            0.100210       0.591530       0.256190
            0.131260       0.291480       0.419110
 
Born Charges for Atom 18
           -0.461580      -0.147030       0.274310
            0.001020      -0.074130       0.026470
            0.139310       0.137590      -0.121830
 
Born Charges for Atom 19
           -0.461580       0.147030       0.274310
           -0.001020      -0.074130      -0.026470
            0.139310      -0.137590      -0.121830
 
Born Charges for Atom 20
            2.002080       0.389910       0.036810
            0.163750       0.785740       0.970570
            0.039530       0.844100       2.156290
 
Born Charges for Atom 21
            2.002080      -0.389910       0.036810
           -0.163750       0.785740      -0.970570
            0.039530      -0.844100       2.156290
 
Born Charges for Atom 22
           -0.838770       0.059660       0.145740
           -0.025610      -0.843730       0.009900
            0.320090      -0.090040      -0.861840
 
Born Charges for Atom 23
           -0.838770      -0.059660       0.145740
            0.025610      -0.843730      -0.009900
            0.320090       0.090040      -0.861840
 
Born Charges for Atom 24
           -2.156400      -0.246270      -0.398590
           -0.153710      -0.593010       0.035840
           -0.731920      -0.054990      -1.462910
 
Born Charges for Atom 25
           -2.156400       0.246270      -0.398590
            0.153710      -0.593010      -0.035840
           -0.731920       0.054990      -1.462910
 
Born Charges for Atom 26
           -0.960290      -0.279540       0.035790
           -0.261680      -0.856500       0.154610
            0.436770       0.211840      -2.423420
 
Born Charges for Atom 27
           -0.960290       0.279540       0.035790
            0.261680      -0.856500      -0.154610
            0.436770      -0.211840      -2.423420
 
Born Charges for Atom 28
           -1.320870       0.200000       0.345220
            0.424240      -0.795530      -0.658870
            0.598750      -0.537250      -1.579180
 
Born Charges for Atom 29
           -1.320870      -0.200000       0.345220
           -0.424240      -0.795530       0.658870
            0.598750       0.537250      -1.579180
 
Born Charges for Atom 30
           -2.161630      -0.361570      -0.244720
           -0.506920      -0.765950      -0.378570
           -0.740370      -0.417100      -1.081730
 
Born Charges for Atom 31
           -2.161630       0.361570      -0.244720
            0.506920      -0.765950       0.378570
           -0.740370       0.417100      -1.081730
 
Epsilon inf: 
            2.683590       0.000000      -0.058960
            0.000000       2.201700       0.000000
           -0.058960       0.000000       2.562930
 
Unit cell: 
            7.596643       0.000000       0.072735
            0.000000       7.028251       0.000000
           -0.828027       0.000000       5.045194
 
Volume of cell: 269.791814
Total mass is: 266.205440 g/mol
Density is: 1.638465 g/cc
 
MainTab processing a return in reading the output file
MainTab about to refresh settings
SettingsTab: requestRefresh
SettingsTab: refresh  False
SettingsTab: set masses
SettingsTab: masses_dictionary {'H': 1.00794, 'C': 12.0107, 'N': 14.0067, 'O': 15.9994}
SettingsTab: masses [1.00794, 12.0107, 14.0067, 15.9994]
SettingsTab: set_masses_tw average 0 1.00794 H
SettingsTab: average 1.00794
SettingsTab: set_masses_tw average 1 12.0107 C
SettingsTab: average 12.0107
SettingsTab: set_masses_tw average 2 14.0067 N
SettingsTab: average 14.0067
SettingsTab: set_masses_tw average 3 15.9994 O
SettingsTab: average 15.9994
SettingsTab: set_optical_permittivity_tw
SettingsTab: refresh_optical_permittivity
SettingsTab: refresh  False
SettingsTab: set masses
SettingsTab: masses_dictionary {'H': 1.00794, 'C': 12.0107, 'N': 14.0067, 'O': 15.9994}
SettingsTab: masses [1.00794, 12.0107, 14.0067, 15.9994]
SettingsTab: set_masses_tw average 0 1.00794 H
SettingsTab: average 1.00794
SettingsTab: set_masses_tw average 1 12.0107 C
SettingsTab: average 12.0107
SettingsTab: set_masses_tw average 2 14.0067 N
SettingsTab: average 14.0067
SettingsTab: set_masses_tw average 3 15.9994 O
SettingsTab: average 15.9994
SettingsTab: refresh_optical_permittivity
SettingsTab: createIntensityTable
Re setting mass dictionary to the program values
Setting program mass dictionary
changing masses {'H': 1.00794, 'C': 12.0107, 'N': 14.00674, 'O': 15.9994}
new masses [1.00794, 1.00794, 1.00794, 1.00794, 1.00794, 1.00794, 1.00794, 1.00794, 1.00794, 1.00794, 1.00794, 1.00794, 1.00794, 1.00794, 12.0107, 12.0107, 12.0107, 12.0107, 12.0107, 12.0107, 12.0107, 12.0107, 14.0067, 14.0067, 15.9994, 15.9994, 15.9994, 15.9994, 15.9994, 15.9994, 15.9994, 15.9994]
calculate mass weighted normal modes
frequencies_a [-2.73566925e-07 -2.24467856e-07 -1.58100277e-07  2.27890297e-04
  3.50853552e-04  3.85089951e-04  4.61412972e-04  4.77137774e-04
  4.83129550e-04  5.25299199e-04  5.45934167e-04  6.25434079e-04
  6.48351867e-04  6.87942725e-04  6.98244790e-04  7.55819317e-04
  8.20144851e-04  8.93648786e-04  9.87644342e-04  1.02913271e-03
  1.32992211e-03  1.33654210e-03  1.69098548e-03  1.70594363e-03
  1.75561635e-03  1.89038866e-03  2.07537544e-03  2.16239849e-03
  2.48265143e-03  2.49195430e-03  2.55443604e-03  2.56004316e-03
  2.77820121e-03  2.77983048e-03  3.04724142e-03  3.09046607e-03
  3.46753641e-03  3.50703803e-03  3.58731325e-03  3.61587827e-03
  3.95340800e-03  3.98929851e-03  4.07229154e-03  4.08285061e-03
  4.28924466e-03  4.29021124e-03  4.54988315e-03  4.55594916e-03
  4.88117743e-03  4.89755103e-03  5.13816019e-03  5.14133117e-03
  5.21375263e-03  5.22749172e-03  5.27258239e-03  5.30850058e-03
  5.70611020e-03  5.70847855e-03  5.76645420e-03  5.78247539e-03
  5.86553472e-03  5.87746679e-03  6.08895085e-03  6.10833169e-03
  6.15893709e-03  6.16426314e-03  6.31363565e-03  6.36816552e-03
  6.48072139e-03  6.48378077e-03  6.71586567e-03  6.72489279e-03
  6.86698133e-03  6.87613498e-03  7.10172071e-03  7.19127163e-03
  7.35088889e-03  7.39868630e-03  7.46645822e-03  7.48157880e-03
  7.54365526e-03  7.59382171e-03  1.04271200e-02  1.05115629e-02
  1.34226379e-02  1.34288708e-02  1.34899702e-02  1.35769806e-02
  1.37520945e-02  1.37544622e-02  1.38504986e-02  1.39135307e-02
  1.40083117e-02  1.40112105e-02  1.40733042e-02  1.40774784e-02]
hessian was not set
Orthogonalisation iteration:  2.5204313968063592e-09
Orthogonalisation iteration:  3.3820163318081524e-13
Orthogonalisation iteration:  1.681759164440566e-13
new mass_dictionary {'H': 1.00794, 'C': 12.0107, 'N': 14.0067, 'O': 15.9994}
current mass dictionary {'H': 1.00794, 'C': 12.0107, 'N': 14.0067, 'O': 15.9994}
program mass dictionary {'H': 1.00794, 'C': 12.0107, 'N': 14.00674, 'O': 15.9994}
changing masses {'H': 1.00794, 'C': 12.0107, 'N': 14.00674, 'O': 15.9994}
new masses [1.00794, 1.00794, 1.00794, 1.00794, 1.00794, 1.00794, 1.00794, 1.00794, 1.00794, 1.00794, 1.00794, 1.00794, 1.00794, 1.00794, 12.0107, 12.0107, 12.0107, 12.0107, 12.0107, 12.0107, 12.0107, 12.0107, 14.00674, 14.00674, 15.9994, 15.9994, 15.9994, 15.9994, 15.9994, 15.9994, 15.9994, 15.9994]
changing masses {'H': 1.00794, 'C': 12.0107, 'N': 14.00674, 'O': 15.9994}
new masses [1.00794, 1.00794, 1.00794, 1.00794, 1.00794, 1.00794, 1.00794, 1.00794, 1.00794, 1.00794, 1.00794, 1.00794, 1.00794, 1.00794, 12.0107, 12.0107, 12.0107, 12.0107, 12.0107, 12.0107, 12.0107, 12.0107, 14.0067, 14.0067, 15.9994, 15.9994, 15.9994, 15.9994, 15.9994, 15.9994, 15.9994, 15.9994]
non mass weighted hessian [ 1.69282608e-01  1.12622722e-02 -3.51630965e-02 -2.76968654e-03
 -3.43048166e-04 -1.15944396e-04 -3.43605775e-04 -3.73549558e-04
  7.47881660e-04  1.72090396e-03  9.06680877e-04  2.45144042e-04
  1.58565732e-03  3.02949346e-04  1.82796279e-04  3.08076253e-04
 -5.12514615e-04 -5.62366008e-05 -2.71755015e-03 -2.20899912e-03
 -2.16481298e-03 -1.46737450e-05  6.00154460e-04  7.60002395e-04
 -4.50504553e-04 -1.61463807e-03  2.42450541e-04  3.14752279e-03
  4.22850459e-03 -9.31996879e-04 -3.15088515e-03 -1.04458305e-04
  1.51109291e-04  6.33022114e-03 -1.92100782e-03 -6.49792193e-04
  1.13001697e-03  1.08336801e-03 -2.62971142e-04  1.03552017e-03
 -7.12474334e-04 -2.49421572e-04 -2.69959877e-02 -1.63865873e-03
 -4.48332081e-02  1.11189070e-03 -1.15862358e-04 -3.10879506e-03
  5.14572269e-03  2.54196173e-03  4.47599359e-03 -2.85575056e-04
  9.29466075e-06  8.44341512e-04  7.01383124e-03  2.67386389e-03
  7.05619565e-04 -8.79124891e-04 -4.67162296e-04  5.48979989e-04
 -4.07711136e-02 -2.68391139e-02 -3.55235363e-02  2.27322737e-03
  2.61946655e-04 -1.08441808e-03  3.44019402e-03  7.91639289e-04
  1.55392093e-03 -3.77420972e-03 -1.30330431e-03  2.92882318e-04
  4.09269547e-02  3.24572157e-03  1.65927712e-02  9.82221535e-04
  4.48604879e-04  5.57815024e-04  2.69902528e-03 -2.91039813e-03
  2.07403694e-02 -6.17783529e-04  1.19087569e-03  1.65118514e-03
  8.95096061e-04  1.26914448e-02  1.85834234e-02 -2.04927318e-04
 -6.18428196e-04  8.35534966e-04 -1.66922040e-01 -1.49042941e-03
  5.37115521e-02  8.46321554e-04  9.28384962e-04  7.01752867e-04]
masses [ 1837.36222012  1837.36222012  1837.36222012  1837.36222012
  1837.36222012  1837.36222012  1837.36222012  1837.36222012
  1837.36222012  1837.36222012  1837.36222012  1837.36222012
  1837.36222012  1837.36222012 21894.16673329 21894.16673329
 21894.16673329 21894.16673329 21894.16673329 21894.16673329
 21894.16673329 21894.16673329 25532.65215043 25532.65215043
 29165.12203556 29165.12203556 29165.12203556 29165.12203556
 29165.12203556 29165.12203556 29165.12203556 29165.12203556]
non mass weighted hessian [ 1.69282608e-01  1.12622722e-02 -3.51630965e-02 -2.76968654e-03
 -3.43048166e-04 -1.15944396e-04 -3.43605775e-04 -3.73549558e-04
  7.47881660e-04  1.72090396e-03  9.06680877e-04  2.45144042e-04
  1.58565732e-03  3.02949346e-04  1.82796279e-04  3.08076253e-04
 -5.12514615e-04 -5.62366008e-05 -2.71755015e-03 -2.20899912e-03
 -2.16481298e-03 -1.46737450e-05  6.00154460e-04  7.60002395e-04
 -4.50504553e-04 -1.61463807e-03  2.42450541e-04  3.14752279e-03
  4.22850459e-03 -9.31996879e-04 -3.15088515e-03 -1.04458305e-04
  1.51109291e-04  6.33022114e-03 -1.92100782e-03 -6.49792193e-04
  1.13001697e-03  1.08336801e-03 -2.62971142e-04  1.03552017e-03
 -7.12474334e-04 -2.49421572e-04 -2.69959877e-02 -1.63865873e-03
 -4.48332081e-02  1.11189070e-03 -1.15862358e-04 -3.10879506e-03
  5.14572269e-03  2.54196173e-03  4.47599359e-03 -2.85575056e-04
  9.29466075e-06  8.44341512e-04  7.01383124e-03  2.67386389e-03
  7.05619565e-04 -8.79124891e-04 -4.67162296e-04  5.48979989e-04
 -4.07711136e-02 -2.68391139e-02 -3.55235363e-02  2.27322737e-03
  2.61946655e-04 -1.08441808e-03  3.44019402e-03  7.91639289e-04
  1.55392093e-03 -3.77420972e-03 -1.30330431e-03  2.92882318e-04
  4.09269547e-02  3.24572157e-03  1.65927712e-02  9.82221535e-04
  4.48604879e-04  5.57815024e-04  2.69902528e-03 -2.91039813e-03
  2.07403694e-02 -6.17783529e-04  1.19087569e-03  1.65118514e-03
  8.95096061e-04  1.26914448e-02  1.85834234e-02 -2.04927318e-04
 -6.18428196e-04  8.35534966e-04 -1.66922040e-01 -1.49042941e-03
  5.37115521e-02  8.46321554e-04  9.28384962e-04  7.01752867e-04]
mass weighted hessian [ 9.21334978e-05  6.12958733e-06 -1.91378141e-05 -1.50742543e-06
 -1.86706879e-07 -6.31037228e-08 -1.87010363e-07 -2.03307521e-07
  4.07040948e-07  9.36616604e-07  4.93468771e-07  1.33421728e-07
  8.63007468e-07  1.64882756e-07  9.94884281e-08  1.67673119e-07
 -2.78940434e-07 -3.06072478e-08 -1.47904976e-06 -1.20226654e-06
 -1.17821786e-06 -7.98631041e-09  3.26639164e-07  4.13637761e-07
 -2.45190931e-07 -8.78780489e-07  1.31955767e-07  1.71306602e-06
  2.30139955e-06 -5.07247220e-07 -1.71489601e-06 -5.68523198e-08
  8.22425154e-08  3.44527664e-06 -1.04552483e-06 -3.53654922e-07
  6.15021339e-07  5.89632244e-07 -1.43124278e-07  5.63590654e-07
 -3.87770210e-07 -1.35749810e-07 -4.25635281e-06 -2.58360975e-07
 -7.06867826e-06  1.75307501e-07 -1.82675691e-08 -4.90151676e-07
  8.11306165e-07  4.00781261e-07  7.05712572e-07 -4.50255129e-08
  1.46545316e-09  1.33124056e-07  1.10584360e-06  4.21577762e-07
  1.11252304e-07 -1.38608216e-07 -7.36556697e-08  8.65555485e-08
 -6.42822355e-06 -4.23161913e-06 -5.60085838e-06  3.58410954e-07
  4.13001145e-08 -1.70975999e-07  5.02270396e-07  1.15579812e-07
  2.26873390e-07 -5.51036889e-07 -1.90283214e-07  4.27609945e-08
  5.59087961e-06  4.43385995e-07  2.26667698e-06  1.34177644e-07
  6.12822501e-08  7.62010432e-08  3.68703842e-07 -3.97578704e-07
  2.83326500e-06 -8.43931184e-08  1.62681115e-07  2.25562283e-07
  1.22275756e-07  1.73373124e-06  2.53861261e-06 -2.79943615e-08
 -8.44811841e-08  1.14139335e-07 -2.28026014e-05 -2.03602038e-07
  7.33733608e-06  1.15612851e-07  1.26823229e-07  9.58638585e-08]
projected hessian [ 9.21335921e-05  6.12959746e-06 -1.91377565e-05 -1.50733119e-06
 -1.86690714e-07 -6.30462100e-08 -1.86762358e-07 -2.03279196e-07
  4.07083929e-07  9.36864608e-07  4.93466740e-07  1.33464709e-07
  8.63229811e-07  1.64913339e-07  9.95662179e-08  1.67895462e-07
 -2.78944724e-07 -3.05294579e-08 -1.47895736e-06 -1.20224094e-06
 -1.17816707e-06 -7.89391400e-09  3.26639852e-07  4.13688553e-07
 -2.45072572e-07 -8.78767729e-07  1.31988105e-07  1.71318438e-06
  2.30141308e-06 -5.07214883e-07 -1.71486459e-06 -5.68453032e-08
  8.23141036e-08  3.44530806e-06 -1.04550555e-06 -3.53583334e-07
  6.15163864e-07  5.89640347e-07 -1.43124467e-07  5.63733178e-07
 -3.87752019e-07 -1.35749998e-07 -4.25591716e-06 -2.58288320e-07
 -7.06846098e-06  1.75743158e-07 -1.82494578e-08 -4.89934401e-07
  8.10341974e-07  4.00764613e-07  7.05435493e-07 -4.59897038e-08
  1.57286726e-09  1.32846976e-07  1.10651228e-06  4.21890444e-07
  1.11526849e-07 -1.37939537e-07 -7.38775849e-08  8.68300943e-08
 -6.42814638e-06 -4.23181172e-06 -5.60075114e-06  3.58488131e-07
  4.15834680e-08 -1.70868761e-07  5.02273097e-07  1.15551078e-07
  2.27046607e-07 -5.51034188e-07 -1.90156461e-07  4.29342118e-08
  5.59124092e-06  4.43416068e-07  2.26688017e-06  1.34538953e-07
  6.13569361e-08  7.64042299e-08  3.68747815e-07 -3.97539650e-07
  2.83339941e-06 -8.43491447e-08  1.62746820e-07  2.25696696e-07
  1.22719875e-07  1.73374594e-06  2.53878341e-06 -2.75502419e-08
 -8.43911311e-08  1.14310133e-07 -2.28023324e-05 -2.03526444e-07
  7.33758062e-06  1.15881846e-07  1.26852395e-07  9.61084009e-08]
calculated frequencies [-1.651019677001972e-05, -1.0572874859351656e-05, -5.7484863165148385e-06, 50.00363742834575, 76.9598440087333, 84.51516837265696, 101.26543018364814, 104.71827411439594, 105.9626943183109, 115.28792779655052, 119.8149096679662, 137.26683510436803, 142.2967363552708, 150.9796770892821, 153.24560086246302, 165.87721697894742, 179.9968730484865, 196.13325223066704, 216.76159866020592, 225.8686072275304, 291.8841474876033, 293.3334777247446, 371.128457314526, 374.41107504650387, 385.3130851558718, 414.892526242453, 455.49210363851427, 474.59164008193164, 544.8790228386282, 546.9207987212415, 560.6339104310431, 561.8646254190231, 609.7445920135881, 610.1020640963447, 668.7918467325144, 678.2787906200479, 761.0362905839806, 769.7056575911977, 787.3242410683156, 793.5935085233418, 867.6729389343574, 875.5497047113065, 893.7645137885463, 896.082190828386, 941.3799572033245, 941.5925201860143, 998.5838417137004, 999.915012122817, 1071.294495352406, 1074.8883556960113, 1127.6958566436008, 1128.3917963589486, 1144.2864837634459, 1147.3018645920627, 1157.1981238233825, 1165.0812832038034, 1252.3464067598175, 1252.8662780875527, 1265.5905052149997, 1269.1067166239857, 1287.3360666838414, 1289.9548588683713, 1336.3702992166814, 1340.6238501480311, 1351.7304663486907, 1352.8994554970004, 1385.6828918091603, 1397.6507744923924, 1422.353936500595, 1423.0253957254292, 1473.962142901442, 1475.9433678010696, 1507.1282543954478, 1509.1372890817859, 1558.6477367028342, 1578.3018382516764, 1613.3336698028384, 1623.8239934917049, 1638.698166835308, 1642.016780899714, 1655.640993542183, 1666.6512386512743, 2288.4883127188305, 2307.021393680985, 2945.928904957949, 2947.296791379173, 2960.706533983703, 2979.802944002826, 3018.235869048319, 3018.755532951609, 3039.833350859534, 3053.667334087347, 3074.4690758778456, 3075.1053111495403, 3088.733246392377, 3089.6493841350257]
SettingsTab: createIntensityTable finished
PlottingTab requestRefresh
FitterTab: requestRefresh
SettingsTab: createIntensityTable
Re setting mass dictionary to the program values
changing masses {'H': 1.00794, 'C': 12.0107, 'N': 14.00674, 'O': 15.9994}
new masses [1.00794, 1.00794, 1.00794, 1.00794, 1.00794, 1.00794, 1.00794, 1.00794, 1.00794, 1.00794, 1.00794, 1.00794, 1.00794, 1.00794, 12.0107, 12.0107, 12.0107, 12.0107, 12.0107, 12.0107, 12.0107, 12.0107, 14.00674, 14.00674, 15.9994, 15.9994, 15.9994, 15.9994, 15.9994, 15.9994, 15.9994, 15.9994]
changing masses {'H': 1.00794, 'C': 12.0107, 'N': 14.00674, 'O': 15.9994}
new masses [1.00794, 1.00794, 1.00794, 1.00794, 1.00794, 1.00794, 1.00794, 1.00794, 1.00794, 1.00794, 1.00794, 1.00794, 1.00794, 1.00794, 12.0107, 12.0107, 12.0107, 12.0107, 12.0107, 12.0107, 12.0107, 12.0107, 14.0067, 14.0067, 15.9994, 15.9994, 15.9994, 15.9994, 15.9994, 15.9994, 15.9994, 15.9994]
calculate mass weighted normal modes
frequencies_a [-7.52259915e-11 -4.81735624e-11 -2.61920308e-11  2.27833336e-04
  3.50654850e-04  3.85079441e-04  4.61399249e-04  4.77131564e-04
  4.82801559e-04  5.25290449e-04  5.45916897e-04  6.25433720e-04
  6.48351636e-04  6.87914025e-04  6.98238333e-04  7.55792211e-04
  8.20126098e-04  8.93648851e-04  9.87638513e-04  1.02913310e-03
  1.32992203e-03  1.33652566e-03  1.69098567e-03  1.70594238e-03
  1.75561559e-03  1.89038944e-03  2.07537473e-03  2.16239862e-03
  2.48265150e-03  2.49195451e-03  2.55443605e-03  2.56004360e-03
  2.77820078e-03  2.77982954e-03  3.04723987e-03  3.09046556e-03
  3.46753648e-03  3.50703702e-03  3.58731319e-03  3.61587808e-03
  3.95340880e-03  3.98929798e-03  4.07229076e-03  4.08285087e-03
  4.28924268e-03  4.29021119e-03  4.54988276e-03  4.55594802e-03
  4.88117687e-03  4.89755171e-03  5.13816038e-03  5.14133132e-03
  5.21375284e-03  5.22749193e-03  5.27258260e-03  5.30850092e-03
  5.70611008e-03  5.70847879e-03  5.76645463e-03  5.78247567e-03
  5.86553470e-03  5.87746680e-03  6.08895110e-03  6.10833171e-03
  6.15893717e-03  6.16426348e-03  6.31363581e-03  6.36816549e-03
  6.48072138e-03  6.48378077e-03  6.71586567e-03  6.72489280e-03
  6.86698159e-03  6.87613543e-03  7.10172163e-03  7.19127230e-03
  7.35088907e-03  7.39868650e-03  7.46645822e-03  7.48157894e-03
  7.54365542e-03  7.59382179e-03  1.04271200e-02  1.05115629e-02
  1.34226397e-02  1.34288723e-02  1.34899715e-02  1.35769812e-02
  1.37520945e-02  1.37544622e-02  1.38504999e-02  1.39135321e-02
  1.40083118e-02  1.40112107e-02  1.40733042e-02  1.40774784e-02]
masses [ 1837.36222012  1837.36222012  1837.36222012  1837.36222012
  1837.36222012  1837.36222012  1837.36222012  1837.36222012
  1837.36222012  1837.36222012  1837.36222012  1837.36222012
  1837.36222012  1837.36222012 21894.16673329 21894.16673329
 21894.16673329 21894.16673329 21894.16673329 21894.16673329
 21894.16673329 21894.16673329 25532.65215043 25532.65215043
 29165.12203556 29165.12203556 29165.12203556 29165.12203556
 29165.12203556 29165.12203556 29165.12203556 29165.12203556]
non mass weighted hessian [ 1.69282608e-01  1.12622722e-02 -3.51630965e-02 -2.76968654e-03
 -3.43048166e-04 -1.15944396e-04 -3.43605775e-04 -3.73549558e-04
  7.47881660e-04  1.72090396e-03  9.06680877e-04  2.45144042e-04
  1.58565732e-03  3.02949346e-04  1.82796279e-04  3.08076253e-04
 -5.12514615e-04 -5.62366008e-05 -2.71755015e-03 -2.20899912e-03
 -2.16481298e-03 -1.46737450e-05  6.00154460e-04  7.60002395e-04
 -4.50504553e-04 -1.61463807e-03  2.42450541e-04  3.14752279e-03
  4.22850459e-03 -9.31996879e-04 -3.15088515e-03 -1.04458305e-04
  1.51109291e-04  6.33022114e-03 -1.92100782e-03 -6.49792193e-04
  1.13001697e-03  1.08336801e-03 -2.62971142e-04  1.03552017e-03
 -7.12474334e-04 -2.49421572e-04 -2.69959877e-02 -1.63865873e-03
 -4.48332081e-02  1.11189070e-03 -1.15862358e-04 -3.10879506e-03
  5.14572269e-03  2.54196173e-03  4.47599359e-03 -2.85575056e-04
  9.29466075e-06  8.44341512e-04  7.01383124e-03  2.67386389e-03
  7.05619565e-04 -8.79124891e-04 -4.67162296e-04  5.48979989e-04
 -4.07711136e-02 -2.68391139e-02 -3.55235363e-02  2.27322737e-03
  2.61946655e-04 -1.08441808e-03  3.44019402e-03  7.91639289e-04
  1.55392093e-03 -3.77420972e-03 -1.30330431e-03  2.92882318e-04
  4.09269547e-02  3.24572157e-03  1.65927712e-02  9.82221535e-04
  4.48604879e-04  5.57815024e-04  2.69902528e-03 -2.91039813e-03
  2.07403694e-02 -6.17783529e-04  1.19087569e-03  1.65118514e-03
  8.95096061e-04  1.26914448e-02  1.85834234e-02 -2.04927318e-04
 -6.18428196e-04  8.35534966e-04 -1.66922040e-01 -1.49042941e-03
  5.37115521e-02  8.46321554e-04  9.28384962e-04  7.01752867e-04]
mass weighted hessian [ 9.21334978e-05  6.12958733e-06 -1.91378141e-05 -1.50742543e-06
 -1.86706879e-07 -6.31037228e-08 -1.87010363e-07 -2.03307521e-07
  4.07040948e-07  9.36616604e-07  4.93468771e-07  1.33421728e-07
  8.63007468e-07  1.64882756e-07  9.94884281e-08  1.67673119e-07
 -2.78940434e-07 -3.06072478e-08 -1.47904976e-06 -1.20226654e-06
 -1.17821786e-06 -7.98631041e-09  3.26639164e-07  4.13637761e-07
 -2.45190931e-07 -8.78780489e-07  1.31955767e-07  1.71306602e-06
  2.30139955e-06 -5.07247220e-07 -1.71489601e-06 -5.68523198e-08
  8.22425154e-08  3.44527664e-06 -1.04552483e-06 -3.53654922e-07
  6.15021339e-07  5.89632244e-07 -1.43124278e-07  5.63590654e-07
 -3.87770210e-07 -1.35749810e-07 -4.25635281e-06 -2.58360975e-07
 -7.06867826e-06  1.75307501e-07 -1.82675691e-08 -4.90151676e-07
  8.11306165e-07  4.00781261e-07  7.05712572e-07 -4.50255129e-08
  1.46545316e-09  1.33124056e-07  1.10584360e-06  4.21577762e-07
  1.11252304e-07 -1.38608216e-07 -7.36556697e-08  8.65555485e-08
 -6.42822355e-06 -4.23161913e-06 -5.60085838e-06  3.58410954e-07
  4.13001145e-08 -1.70975999e-07  5.02270396e-07  1.15579812e-07
  2.26873390e-07 -5.51036889e-07 -1.90283214e-07  4.27609945e-08
  5.59087961e-06  4.43385995e-07  2.26667698e-06  1.34177644e-07
  6.12822501e-08  7.62010432e-08  3.68703842e-07 -3.97578704e-07
  2.83326500e-06 -8.43931184e-08  1.62681115e-07  2.25562283e-07
  1.22275756e-07  1.73373124e-06  2.53861261e-06 -2.79943615e-08
 -8.44811841e-08  1.14139335e-07 -2.28026014e-05 -2.03602038e-07
  7.33733608e-06  1.15612851e-07  1.26823229e-07  9.58638585e-08]
projected hessian [ 9.21335921e-05  6.12959746e-06 -1.91377565e-05 -1.50733119e-06
 -1.86690714e-07 -6.30462100e-08 -1.86762358e-07 -2.03279196e-07
  4.07083929e-07  9.36864608e-07  4.93466740e-07  1.33464709e-07
  8.63229811e-07  1.64913339e-07  9.95662179e-08  1.67895462e-07
 -2.78944724e-07 -3.05294579e-08 -1.47895736e-06 -1.20224094e-06
 -1.17816707e-06 -7.89391400e-09  3.26639852e-07  4.13688553e-07
 -2.45072572e-07 -8.78767729e-07  1.31988105e-07  1.71318438e-06
  2.30141308e-06 -5.07214883e-07 -1.71486459e-06 -5.68453032e-08
  8.23141036e-08  3.44530806e-06 -1.04550555e-06 -3.53583334e-07
  6.15163864e-07  5.89640347e-07 -1.43124467e-07  5.63733178e-07
 -3.87752019e-07 -1.35749998e-07 -4.25591716e-06 -2.58288320e-07
 -7.06846098e-06  1.75743158e-07 -1.82494578e-08 -4.89934401e-07
  8.10341974e-07  4.00764613e-07  7.05435493e-07 -4.59897038e-08
  1.57286726e-09  1.32846976e-07  1.10651228e-06  4.21890444e-07
  1.11526849e-07 -1.37939537e-07 -7.38775849e-08  8.68300943e-08
 -6.42814638e-06 -4.23181172e-06 -5.60075114e-06  3.58488131e-07
  4.15834680e-08 -1.70868761e-07  5.02273097e-07  1.15551078e-07
  2.27046607e-07 -5.51034188e-07 -1.90156461e-07  4.29342118e-08
  5.59124092e-06  4.43416068e-07  2.26688017e-06  1.34538953e-07
  6.13569361e-08  7.64042299e-08  3.68747815e-07 -3.97539650e-07
  2.83339941e-06 -8.43491447e-08  1.62746820e-07  2.25696696e-07
  1.22719875e-07  1.73374594e-06  2.53878341e-06 -2.75502419e-08
 -8.43911311e-08  1.14310133e-07 -2.28023324e-05 -2.03526444e-07
  7.33758062e-06  1.15881846e-07  1.26852395e-07  9.61084009e-08]
calculated frequencies [-1.651019677001972e-05, -1.0572874859351656e-05, -5.7484863165148385e-06, 50.00363742834575, 76.9598440087333, 84.51516837265696, 101.26543018364814, 104.71827411439594, 105.9626943183109, 115.28792779655052, 119.8149096679662, 137.26683510436803, 142.2967363552708, 150.9796770892821, 153.24560086246302, 165.87721697894742, 179.9968730484865, 196.13325223066704, 216.76159866020592, 225.8686072275304, 291.8841474876033, 293.3334777247446, 371.128457314526, 374.41107504650387, 385.3130851558718, 414.892526242453, 455.49210363851427, 474.59164008193164, 544.8790228386282, 546.9207987212415, 560.6339104310431, 561.8646254190231, 609.7445920135881, 610.1020640963447, 668.7918467325144, 678.2787906200479, 761.0362905839806, 769.7056575911977, 787.3242410683156, 793.5935085233418, 867.6729389343574, 875.5497047113065, 893.7645137885463, 896.082190828386, 941.3799572033245, 941.5925201860143, 998.5838417137004, 999.915012122817, 1071.294495352406, 1074.8883556960113, 1127.6958566436008, 1128.3917963589486, 1144.2864837634459, 1147.3018645920627, 1157.1981238233825, 1165.0812832038034, 1252.3464067598175, 1252.8662780875527, 1265.5905052149997, 1269.1067166239857, 1287.3360666838414, 1289.9548588683713, 1336.3702992166814, 1340.6238501480311, 1351.7304663486907, 1352.8994554970004, 1385.6828918091603, 1397.6507744923924, 1422.353936500595, 1423.0253957254292, 1473.962142901442, 1475.9433678010696, 1507.1282543954478, 1509.1372890817859, 1558.6477367028342, 1578.3018382516764, 1613.3336698028384, 1623.8239934917049, 1638.698166835308, 1642.016780899714, 1655.640993542183, 1666.6512386512743, 2288.4883127188305, 2307.021393680985, 2945.928904957949, 2947.296791379173, 2960.706533983703, 2979.802944002826, 3018.235869048319, 3018.755532951609, 3039.833350859534, 3053.667334087347, 3074.4690758778456, 3075.1053111495403, 3088.733246392377, 3089.6493841350257]
SettingsTab: createIntensityTable finished
PlottingTab requestRefresh
FitterTab: requestRefresh
MainTab about to refresh scenarios
MainTab notebook has 1 scenarios
MainTab about to refresh plottingtab
PlottingTab requestRefresh
MainTab about to refresh analysisTab
MainTab about to refresh viewerTab
MainTab about to refresh fitterTab
FitterTab: requestRefresh
SettingsTab: refresh  False
SettingsTab: refresh not required False
PowderScenarioTab: Scenario 1 refresh, force = False
PowderScenarioTab: Scenario 1 Update_mf_sb
PowderScenarioTab: Scenario 1 rho 1 1.6384645553619186
PowderScenarioTab: Scenario 1 rho 2 2.2
PowderScenarioTab: Scenario 1 mf 1  0.07642639476958847
PowderScenarioTab: Scenario 1 Update_vf_sb
PowderScenarioTab: Scenario 1 rho 1 1.6384645553619186
PowderScenarioTab: Scenario 1 rho 2 2.2
PowderScenarioTab: Scenario 1 vf 1  0.10000000000000009
PlottingTab refreshing widget False
PlottingTab calling plot from refresh
PlottingTab plot
PowderScenarioTab: Scenario 1 get_result
PowderScenarioTab: Scenario 1 get_results 10001
PowderScenarioTab: Scenario 1 get_results recalculating
PowderScenarioTab: Scenario 1 refresh aborted False False
PowderScenarioTab: Scenario 1 calculate - number of frequencies 10001
SettingsTab: get_crystal_permittivity False
SettingsTab: get_crystal_permittivity refreshing and recalculating
SettingsTab: refresh  False
SettingsTab: refresh not required False
SettingsTab: calculate 
SettingsTab: get_pool ncpus =  8
SettingsTab: get_pool threading =  False
SettingsTab: get_pool initializer =  None
SettingsTab: About to calculate settings crystal dielectric using pool
SettingsTab: calculate finished 
PowderScenarioTab: get_pool ncpus =  8
PowderScenarioTab: get_pool threading =  False
PowderScenarioTab: get_pool initializer =  <function initWorkers at 0x7f333b18a550>
PowderScenarioTab: About to use the pool to calculate effective medium equations
PowderScenarioTab: Extracting results
PowderScenarioTab: Scenario 1 calculate finished
PowderScenarioTab: Finished calculate
NoteBook: Tab index changed 3
NoteBook: Number of tabs 7
NoteBook: Calling plottingTab refresh
PlottingTab refreshing widget False
PlottingTab calling plot from refresh
PlottingTab plot
PowderScenarioTab: Scenario 1 get_result
PowderScenarioTab: Scenario 1 get_results 10001
PowderScenarioTab: Scenario 1 get_results no need for recalculation
NoteBook: Exiting on_tabs_currentChanged()
AnalysisTab Refreshing widget
AnalysisTab calculate
NoteBook: Tab index changed 4
NoteBook: Number of tabs 7
NoteBook: Calling analysisTab refresh
AnalysisTab return with no refresh False False
NoteBook: Exiting on_tabs_currentChanged()
ViewerTab refresh
ViewerTab refresh widget False
ViewerTab refresh - species  ['H', 'C', 'N', 'O']
ViewerTab initialising element colours widget
ViewerTab calculate
ViewerTab calculate program file name castep phonon.castep
ViewerTab calculatePhasePositions
OpenGLWidget deleteSpheres
OpenGLWidget deleteCylinders
OpenGLWidget createArrays
ViewerTab calculatePhasePositions - adding spheres and cylinders
ViewerTab calculatePhasePositions - exiting
OpenGLWidget deleteArrows
OpenGLWidget set rotation centre [3.75406649 1.82778088 1.97707455]
OpenGLWidget setImageSize 6.02280527426957
ViewerTab plot
ViewerTab plot_arrows
OpenGLWidget show arrows True
OpenGLWidget stopAnimation
NoteBook: Tab index changed 5
NoteBook: Number of tabs 7
NoteBook: Calling viewerTab refresh
ViewerTab refresh
ViewerTab refresh aborted False False
NoteBook: Exiting on_tabs_currentChanged()
FitterTab: refresh False
SettingsTab: requestRefresh
SettingsTab: refresh  False
SettingsTab: set masses
SettingsTab: masses_dictionary {'H': 1.00794, 'C': 12.0107, 'N': 14.0067, 'O': 15.9994}
SettingsTab: masses [1.00794, 12.0107, 14.0067, 15.9994]
SettingsTab: set_masses_tw average 0 1.00794 H
SettingsTab: average 1.00794
SettingsTab: set_masses_tw average 1 12.0107 C
SettingsTab: average 12.0107
SettingsTab: set_masses_tw average 2 14.0067 N
SettingsTab: average 14.0067
SettingsTab: set_masses_tw average 3 15.9994 O
SettingsTab: average 15.9994
SettingsTab: refresh_optical_permittivity
SettingsTab: createIntensityTable
Re setting mass dictionary to the program values
changing masses {'H': 1.00794, 'C': 12.0107, 'N': 14.00674, 'O': 15.9994}
new masses [1.00794, 1.00794, 1.00794, 1.00794, 1.00794, 1.00794, 1.00794, 1.00794, 1.00794, 1.00794, 1.00794, 1.00794, 1.00794, 1.00794, 12.0107, 12.0107, 12.0107, 12.0107, 12.0107, 12.0107, 12.0107, 12.0107, 14.00674, 14.00674, 15.9994, 15.9994, 15.9994, 15.9994, 15.9994, 15.9994, 15.9994, 15.9994]
changing masses {'H': 1.00794, 'C': 12.0107, 'N': 14.00674, 'O': 15.9994}
new masses [1.00794, 1.00794, 1.00794, 1.00794, 1.00794, 1.00794, 1.00794, 1.00794, 1.00794, 1.00794, 1.00794, 1.00794, 1.00794, 1.00794, 12.0107, 12.0107, 12.0107, 12.0107, 12.0107, 12.0107, 12.0107, 12.0107, 14.0067, 14.0067, 15.9994, 15.9994, 15.9994, 15.9994, 15.9994, 15.9994, 15.9994, 15.9994]
calculate mass weighted normal modes
frequencies_a [-7.52259915e-11 -4.81735624e-11 -2.61920308e-11  2.27833336e-04
  3.50654850e-04  3.85079441e-04  4.61399249e-04  4.77131564e-04
  4.82801559e-04  5.25290449e-04  5.45916897e-04  6.25433720e-04
  6.48351636e-04  6.87914025e-04  6.98238333e-04  7.55792211e-04
  8.20126098e-04  8.93648851e-04  9.87638513e-04  1.02913310e-03
  1.32992203e-03  1.33652566e-03  1.69098567e-03  1.70594238e-03
  1.75561559e-03  1.89038944e-03  2.07537473e-03  2.16239862e-03
  2.48265150e-03  2.49195451e-03  2.55443605e-03  2.56004360e-03
  2.77820078e-03  2.77982954e-03  3.04723987e-03  3.09046556e-03
  3.46753648e-03  3.50703702e-03  3.58731319e-03  3.61587808e-03
  3.95340880e-03  3.98929798e-03  4.07229076e-03  4.08285087e-03
  4.28924268e-03  4.29021119e-03  4.54988276e-03  4.55594802e-03
  4.88117687e-03  4.89755171e-03  5.13816038e-03  5.14133132e-03
  5.21375284e-03  5.22749193e-03  5.27258260e-03  5.30850092e-03
  5.70611008e-03  5.70847879e-03  5.76645463e-03  5.78247567e-03
  5.86553470e-03  5.87746680e-03  6.08895110e-03  6.10833171e-03
  6.15893717e-03  6.16426348e-03  6.31363581e-03  6.36816549e-03
  6.48072138e-03  6.48378077e-03  6.71586567e-03  6.72489280e-03
  6.86698159e-03  6.87613543e-03  7.10172163e-03  7.19127230e-03
  7.35088907e-03  7.39868650e-03  7.46645822e-03  7.48157894e-03
  7.54365542e-03  7.59382179e-03  1.04271200e-02  1.05115629e-02
  1.34226397e-02  1.34288723e-02  1.34899715e-02  1.35769812e-02
  1.37520945e-02  1.37544622e-02  1.38504999e-02  1.39135321e-02
  1.40083118e-02  1.40112107e-02  1.40733042e-02  1.40774784e-02]
masses [ 1837.36222012  1837.36222012  1837.36222012  1837.36222012
  1837.36222012  1837.36222012  1837.36222012  1837.36222012
  1837.36222012  1837.36222012  1837.36222012  1837.36222012
  1837.36222012  1837.36222012 21894.16673329 21894.16673329
 21894.16673329 21894.16673329 21894.16673329 21894.16673329
 21894.16673329 21894.16673329 25532.65215043 25532.65215043
 29165.12203556 29165.12203556 29165.12203556 29165.12203556
 29165.12203556 29165.12203556 29165.12203556 29165.12203556]
non mass weighted hessian [ 1.69282608e-01  1.12622722e-02 -3.51630965e-02 -2.76968654e-03
 -3.43048166e-04 -1.15944396e-04 -3.43605775e-04 -3.73549558e-04
  7.47881660e-04  1.72090396e-03  9.06680877e-04  2.45144042e-04
  1.58565732e-03  3.02949346e-04  1.82796279e-04  3.08076253e-04
 -5.12514615e-04 -5.62366008e-05 -2.71755015e-03 -2.20899912e-03
 -2.16481298e-03 -1.46737450e-05  6.00154460e-04  7.60002395e-04
 -4.50504553e-04 -1.61463807e-03  2.42450541e-04  3.14752279e-03
  4.22850459e-03 -9.31996879e-04 -3.15088515e-03 -1.04458305e-04
  1.51109291e-04  6.33022114e-03 -1.92100782e-03 -6.49792193e-04
  1.13001697e-03  1.08336801e-03 -2.62971142e-04  1.03552017e-03
 -7.12474334e-04 -2.49421572e-04 -2.69959877e-02 -1.63865873e-03
 -4.48332081e-02  1.11189070e-03 -1.15862358e-04 -3.10879506e-03
  5.14572269e-03  2.54196173e-03  4.47599359e-03 -2.85575056e-04
  9.29466075e-06  8.44341512e-04  7.01383124e-03  2.67386389e-03
  7.05619565e-04 -8.79124891e-04 -4.67162296e-04  5.48979989e-04
 -4.07711136e-02 -2.68391139e-02 -3.55235363e-02  2.27322737e-03
  2.61946655e-04 -1.08441808e-03  3.44019402e-03  7.91639289e-04
  1.55392093e-03 -3.77420972e-03 -1.30330431e-03  2.92882318e-04
  4.09269547e-02  3.24572157e-03  1.65927712e-02  9.82221535e-04
  4.48604879e-04  5.57815024e-04  2.69902528e-03 -2.91039813e-03
  2.07403694e-02 -6.17783529e-04  1.19087569e-03  1.65118514e-03
  8.95096061e-04  1.26914448e-02  1.85834234e-02 -2.04927318e-04
 -6.18428196e-04  8.35534966e-04 -1.66922040e-01 -1.49042941e-03
  5.37115521e-02  8.46321554e-04  9.28384962e-04  7.01752867e-04]
mass weighted hessian [ 9.21334978e-05  6.12958733e-06 -1.91378141e-05 -1.50742543e-06
 -1.86706879e-07 -6.31037228e-08 -1.87010363e-07 -2.03307521e-07
  4.07040948e-07  9.36616604e-07  4.93468771e-07  1.33421728e-07
  8.63007468e-07  1.64882756e-07  9.94884281e-08  1.67673119e-07
 -2.78940434e-07 -3.06072478e-08 -1.47904976e-06 -1.20226654e-06
 -1.17821786e-06 -7.98631041e-09  3.26639164e-07  4.13637761e-07
 -2.45190931e-07 -8.78780489e-07  1.31955767e-07  1.71306602e-06
  2.30139955e-06 -5.07247220e-07 -1.71489601e-06 -5.68523198e-08
  8.22425154e-08  3.44527664e-06 -1.04552483e-06 -3.53654922e-07
  6.15021339e-07  5.89632244e-07 -1.43124278e-07  5.63590654e-07
 -3.87770210e-07 -1.35749810e-07 -4.25635281e-06 -2.58360975e-07
 -7.06867826e-06  1.75307501e-07 -1.82675691e-08 -4.90151676e-07
  8.11306165e-07  4.00781261e-07  7.05712572e-07 -4.50255129e-08
  1.46545316e-09  1.33124056e-07  1.10584360e-06  4.21577762e-07
  1.11252304e-07 -1.38608216e-07 -7.36556697e-08  8.65555485e-08
 -6.42822355e-06 -4.23161913e-06 -5.60085838e-06  3.58410954e-07
  4.13001145e-08 -1.70975999e-07  5.02270396e-07  1.15579812e-07
  2.26873390e-07 -5.51036889e-07 -1.90283214e-07  4.27609945e-08
  5.59087961e-06  4.43385995e-07  2.26667698e-06  1.34177644e-07
  6.12822501e-08  7.62010432e-08  3.68703842e-07 -3.97578704e-07
  2.83326500e-06 -8.43931184e-08  1.62681115e-07  2.25562283e-07
  1.22275756e-07  1.73373124e-06  2.53861261e-06 -2.79943615e-08
 -8.44811841e-08  1.14139335e-07 -2.28026014e-05 -2.03602038e-07
  7.33733608e-06  1.15612851e-07  1.26823229e-07  9.58638585e-08]
projected hessian [ 9.21335921e-05  6.12959746e-06 -1.91377565e-05 -1.50733119e-06
 -1.86690714e-07 -6.30462100e-08 -1.86762358e-07 -2.03279196e-07
  4.07083929e-07  9.36864608e-07  4.93466740e-07  1.33464709e-07
  8.63229811e-07  1.64913339e-07  9.95662179e-08  1.67895462e-07
 -2.78944724e-07 -3.05294579e-08 -1.47895736e-06 -1.20224094e-06
 -1.17816707e-06 -7.89391400e-09  3.26639852e-07  4.13688553e-07
 -2.45072572e-07 -8.78767729e-07  1.31988105e-07  1.71318438e-06
  2.30141308e-06 -5.07214883e-07 -1.71486459e-06 -5.68453032e-08
  8.23141036e-08  3.44530806e-06 -1.04550555e-06 -3.53583334e-07
  6.15163864e-07  5.89640347e-07 -1.43124467e-07  5.63733178e-07
 -3.87752019e-07 -1.35749998e-07 -4.25591716e-06 -2.58288320e-07
 -7.06846098e-06  1.75743158e-07 -1.82494578e-08 -4.89934401e-07
  8.10341974e-07  4.00764613e-07  7.05435493e-07 -4.59897038e-08
  1.57286726e-09  1.32846976e-07  1.10651228e-06  4.21890444e-07
  1.11526849e-07 -1.37939537e-07 -7.38775849e-08  8.68300943e-08
 -6.42814638e-06 -4.23181172e-06 -5.60075114e-06  3.58488131e-07
  4.15834680e-08 -1.70868761e-07  5.02273097e-07  1.15551078e-07
  2.27046607e-07 -5.51034188e-07 -1.90156461e-07  4.29342118e-08
  5.59124092e-06  4.43416068e-07  2.26688017e-06  1.34538953e-07
  6.13569361e-08  7.64042299e-08  3.68747815e-07 -3.97539650e-07
  2.83339941e-06 -8.43491447e-08  1.62746820e-07  2.25696696e-07
  1.22719875e-07  1.73374594e-06  2.53878341e-06 -2.75502419e-08
 -8.43911311e-08  1.14310133e-07 -2.28023324e-05 -2.03526444e-07
  7.33758062e-06  1.15881846e-07  1.26852395e-07  9.61084009e-08]
calculated frequencies [-1.651019677001972e-05, -1.0572874859351656e-05, -5.7484863165148385e-06, 50.00363742834575, 76.9598440087333, 84.51516837265696, 101.26543018364814, 104.71827411439594, 105.9626943183109, 115.28792779655052, 119.8149096679662, 137.26683510436803, 142.2967363552708, 150.9796770892821, 153.24560086246302, 165.87721697894742, 179.9968730484865, 196.13325223066704, 216.76159866020592, 225.8686072275304, 291.8841474876033, 293.3334777247446, 371.128457314526, 374.41107504650387, 385.3130851558718, 414.892526242453, 455.49210363851427, 474.59164008193164, 544.8790228386282, 546.9207987212415, 560.6339104310431, 561.8646254190231, 609.7445920135881, 610.1020640963447, 668.7918467325144, 678.2787906200479, 761.0362905839806, 769.7056575911977, 787.3242410683156, 793.5935085233418, 867.6729389343574, 875.5497047113065, 893.7645137885463, 896.082190828386, 941.3799572033245, 941.5925201860143, 998.5838417137004, 999.915012122817, 1071.294495352406, 1074.8883556960113, 1127.6958566436008, 1128.3917963589486, 1144.2864837634459, 1147.3018645920627, 1157.1981238233825, 1165.0812832038034, 1252.3464067598175, 1252.8662780875527, 1265.5905052149997, 1269.1067166239857, 1287.3360666838414, 1289.9548588683713, 1336.3702992166814, 1340.6238501480311, 1351.7304663486907, 1352.8994554970004, 1385.6828918091603, 1397.6507744923924, 1422.353936500595, 1423.0253957254292, 1473.962142901442, 1475.9433678010696, 1507.1282543954478, 1509.1372890817859, 1558.6477367028342, 1578.3018382516764, 1613.3336698028384, 1623.8239934917049, 1638.698166835308, 1642.016780899714, 1655.640993542183, 1666.6512386512743, 2288.4883127188305, 2307.021393680985, 2945.928904957949, 2947.296791379173, 2960.706533983703, 2979.802944002826, 3018.235869048319, 3018.755532951609, 3039.833350859534, 3053.667334087347, 3074.4690758778456, 3075.1053111495403, 3088.733246392377, 3089.6493841350257]
SettingsTab: createIntensityTable finished
PlottingTab requestRefresh
FitterTab: requestRefresh
PlottingTab refreshing widget False
PlottingTab calling plot from refresh
PlottingTab plot
PowderScenarioTab: Scenario 1 get_result
PowderScenarioTab: Scenario 1 get_results 10001
PowderScenarioTab: Scenario 1 get_results recalculating
PowderScenarioTab: Scenario 1 refresh, force = False
PowderScenarioTab: Scenario 1 Update_mf_sb
PowderScenarioTab: Scenario 1 rho 1 1.6384645553619186
PowderScenarioTab: Scenario 1 rho 2 2.2
PowderScenarioTab: Scenario 1 mf 1  0.07642639476958848
PowderScenarioTab: Scenario 1 Update_vf_sb
PowderScenarioTab: Scenario 1 rho 1 1.6384645553619186
PowderScenarioTab: Scenario 1 rho 2 2.2
PowderScenarioTab: Scenario 1 vf 1  0.10000000000000012
PowderScenarioTab: Scenario 1 calculate - number of frequencies 10001
SettingsTab: get_crystal_permittivity False
SettingsTab: get_crystal_permittivity refreshing and recalculating
SettingsTab: refresh  False
SettingsTab: refresh not required False
SettingsTab: calculate 
SettingsTab: get_pool ncpus =  8
SettingsTab: get_pool threading =  False
SettingsTab: get_pool initializer =  None
SettingsTab: About to calculate settings crystal dielectric using pool
SettingsTab: calculate finished 
PowderScenarioTab: get_pool ncpus =  8
PowderScenarioTab: get_pool threading =  False
PowderScenarioTab: get_pool initializer =  <function initWorkers at 0x7f333b18a550>
PowderScenarioTab: About to use the pool to calculate effective medium equations
PowderScenarioTab: Extracting results
PowderScenarioTab: Scenario 1 calculate finished
PowderScenarioTab: Finished calculate
FitterTab: read_excel_file
PowderScenarioTab: Scenario 1 get_result
PowderScenarioTab: Scenario 1 get_results 10001
PowderScenarioTab: Scenario 1 get_results no need for recalculation
FitterTab: refresh scenario index 0
FitterTab: redraw_sigmas_tw
FitterTab: calculateCrossCorrelation 1.0
FitterTab: calculateCrossCorrelation experimental_spectrum is not defined
FitterTab: calculateSpectralDifference 1.0
FitterTab: replot
FitterTab: plot
NoteBook: Tab index changed 6
NoteBook: Number of tabs 7
NoteBook: Calling fitterTab refresh
FitterTab: refresh aborted False False
NoteBook: Exiting on_tabs_currentChanged()
NoteBook: Tab index changed 3
NoteBook: Number of tabs 7
NoteBook: Calling plottingTab refresh
PlottingTab refreshing widget False
PlottingTab calling plot from refresh
PlottingTab plot
PowderScenarioTab: Scenario 1 get_result
PowderScenarioTab: Scenario 1 get_results 10001
PowderScenarioTab: Scenario 1 get_results no need for recalculation
NoteBook: Exiting on_tabs_currentChanged()
App: readScript exiting
App: Exiting with sys.exit call
