appending to names  Na2SO42.dynG
The following methods will be used:  ['maxwell']
Creating a csv file:  command.csv
No plotting requested
The frequency increment is  0.2  cm-1
The default width factor (-sigma) has been set to  5.0  cm-1
Permittivity of the medium (-dielectric) has been set to  2.0
Density of the medium (-density) has been set to  2.2
Vmin is:  0.0
Vmax is:  300.0
Considering all modes
Program specified is:  qe
Output file:  Na2SO42.dynG
The translational modes will be projected from the Dynamical matrix where possible
The charge neutrality of the Born atomic charges will not be enforced
MASSES: [32.06749997754607, 32.06749997754607, 22.988999983902858, 22.988999983902858, 15.998999988797308, 15.998999988797308, 15.998999988797308, 15.998999988797308, 15.998999988797308, 15.998999988797308, 15.998999988797308, 15.998999988797308]
FREQS:  [  7.86297723e-06   1.16949146e-05   1.58301771e-05   9.33764248e+01
   1.04702266e+02   1.12248405e+02   1.14320265e+02   1.20600257e+02
   1.36861009e+02   1.41479639e+02   1.81473970e+02   1.83219461e+02
   2.06073979e+02   2.08287677e+02   2.30326600e+02   2.35014800e+02
   2.52167194e+02   3.37205019e+02   3.78128360e+02   4.00263970e+02
   4.42375382e+02   5.22030736e+02   5.27228825e+02   5.29607667e+02
   5.44079295e+02   5.60992107e+02   6.08477391e+02   6.65079785e+02
   7.29433556e+02   8.19251688e+02   9.97609916e+02   1.02710329e+03
   1.17842968e+03   1.18677922e+03   1.19433319e+03   1.21533623e+03]
Shape depolarisation matrix:  needle [0,0,1] 
The miller direction  [0,0,1] is  [-0.23067814 -0.23747863  0.94360558] in xyz
[[ 0.4733938  -0.02739056  0.10883459]
 [-0.02739056  0.47180195  0.11204308]
 [ 0.10883459  0.11204308  0.05480425]]

Shape depolarisation matrix:  ellipsoid [0,0,1] 0.5
The miller direction  [0,0,1] is  [-0.23067814 -0.23747863  0.94360558] in xyz
[[ 0.25187405  0.01593038 -0.06329829]
 [ 0.01593038  0.25279987 -0.06516435]
 [-0.06329829 -0.06516435  0.49532608]]

Shape depolarisation matrix:  plate (1,0,0) 
The miller indices for the surface  (1,0,0) has a normal [ 0.95615734  0.12448862  0.26507684] in xyz
[[ 0.91423685  0.11903071  0.25345516]
 [ 0.11903071  0.01549742  0.03299905]
 [ 0.25345516  0.03299905  0.07026573]]

Volume of unit cell is  151.880426938  Angstrom^3
Total unit cell mass is:  238.104999833  g/mol
Crystal density is:  2.60324911287  g/cc
Orthogonalisation iteration:  1.83276926002e-13
Orthogonalisation iteration:  4.68932846361e-14
Orthogonalisation iteration:  3.3814719995e-14
Complete mode list is:  [0, 1, 2, 3, 4, 5, 6, 7, 8, 9, 10, 11, 12, 13, 14, 15, 16, 17, 18, 19, 20, 21, 22, 23, 24, 25, 26, 27, 28, 29, 30, 31, 32, 33, 34, 35]
Sigmas are  :  [5.0, 5.0, 5.0, 5.0, 5.0, 5.0, 5.0, 5.0, 5.0, 5.0, 5.0, 5.0, 5.0, 5.0, 5.0, 5.0, 5.0, 5.0, 5.0, 5.0, 5.0, 5.0, 5.0, 5.0, 5.0, 5.0, 5.0, 5.0, 5.0, 5.0, 5.0, 5.0, 5.0, 5.0, 5.0, 5.0]
The miller indices for the surface  (1,1,1) has a normal [ 0.5164462   0.51377738  0.68506652] in xyz
 
Transverse frequencies (cm-1)
[  1.89614611e-06   1.29978251e-05   1.46455232e-05   9.33764248e+01
   1.04702266e+02   1.12248405e+02   1.14320265e+02   1.20600257e+02
   1.36861009e+02   1.41479639e+02   1.81473970e+02   1.83219461e+02
   2.06073979e+02   2.08287677e+02   2.30326600e+02   2.35014800e+02
   2.52167194e+02   3.37205019e+02   3.78128360e+02   4.00263970e+02
   4.42375382e+02   5.22030736e+02   5.27228825e+02   5.29607667e+02
   5.44079295e+02   5.60992107e+02   6.08477391e+02   6.65079785e+02
   7.29433556e+02   8.19251688e+02   9.97609916e+02   1.02710329e+03
   1.17842968e+03   1.18677922e+03   1.19433319e+03   1.21533623e+03]
Longitudinal frequencies (cm-1) for q->0 along cartesian  [ 0.5164462   0.51377738  0.68506652]  (1,1,1)
[  1.26245090e-05   1.71045391e-05   2.21057736e+00   9.35843062e+01
   1.04702266e+02   1.12248405e+02   1.14320265e+02   1.22173254e+02
   1.38004254e+02   1.41479639e+02   1.81473970e+02   1.85540495e+02
   2.06073979e+02   2.30326600e+02   2.33521550e+02   2.43470568e+02
   2.52167194e+02   3.37205019e+02   3.78433443e+02   4.00263970e+02
   4.42375442e+02   5.27228825e+02   5.29326623e+02   5.41079608e+02
   5.44079295e+02   5.62547433e+02   6.08477391e+02   6.94047405e+02
   7.29433556e+02   8.19251688e+02   1.00263415e+03   1.02710329e+03
   1.18574129e+03   1.18677922e+03   1.21533623e+03   1.24193879e+03]
Selected mode list is:  [3, 7, 8, 11, 13, 15, 18, 20, 21, 23, 25, 27, 30, 32, 34]
Calculated Integrated IR band intensities (espilon_max assumes a fwhm line width)
mode,Freq(cm-1),Intensity(Debye2/Angstrom2/amu),Integrated_Molar_Absorption_Coefficient(L/mole/cm/cm),epsilon_max(L/mole/cm), FWHM(cm-1)
3 , 93.3764248381 , 0.41290645756 , 1744.77752706 , 222.151974422 , 5.0
7 , 120.600256524 , 1.39094648684 , 5877.5834748 , 748.35717076 , 5.0
8 , 136.861008944 , 3.00571496405 , 12700.9491521 , 1617.13507161 , 5.0
11 , 183.219461028 , 0.476813704938 , 2014.82399159 , 256.535358177 , 5.0
13 , 208.287676614 , 3.11157321542 , 13148.2637791 , 1674.08893881 , 5.0
15 , 235.014799715 , 3.50654929084 , 14817.2746834 , 1886.59400721 , 5.0
18 , 378.128360001 , 0.120969680968 , 511.169483899 , 65.0841200962 , 5.0
20 , 442.375382137 , 0.206738676839 , 873.594952851 , 111.229564005 , 5.0
21 , 522.030735956 , 6.49097059825 , 27428.2453599 , 3492.2726635 , 5.0
23 , 529.607667203 , 3.59028415244 , 15171.1047146 , 1931.64504599 , 5.0
25 , 560.992107097 , 1.77512151269 , 7500.95346402 , 955.05105736 , 5.0
27 , 665.079785454 , 19.947432697 , 84289.8716046 , 10732.1197748 , 5.0
30 , 997.609915685 , 7.98213685896 , 33729.3175112 , 4294.55008722 , 5.0
32 , 1178.42967632 , 27.1378416235 , 114673.663564 , 14600.704319 , 5.0
34 , 1194.33319162 , 23.7217187115 , 100238.494587 , 12762.7615213 , 5.0
Permittivity contribution from ionic displacements
[[ 3.38442817 -0.81033581 -0.57086261]
 [-0.81033581  2.63730095  0.40725976]
 [-0.57086261  0.40725976  2.21196278]]
Optical permittivity at zero frequency
[[ 2.46602415 -0.04562912 -0.24263705]
 [-0.04562884  2.31382907  0.08757977]
 [-0.24263713  0.08757984  2.60121592]]
Total permittivity
[[ 5.85045232 -0.85596493 -0.81349966]
 [-0.85596465  4.95113002  0.49483953]
 [-0.81349974  0.4948396   4.8131787 ]]
Concentration for unit volume fraction in moles / Litre 10.9331980206
