     diagonalizing the dynamical matrix ...

 q =       0.0000      0.0000      0.0000
 **************************************************************************
     freq (    1) =      -0.000000 [THz] =      -0.000011 [cm-1]
 ( -0.001854   0.000000    -0.123560   0.000000    -0.099501   0.000000   )
 (  0.030237   0.000000     0.090720   0.000000     0.074054   0.000000   )
 ( -0.001803   0.000000     0.712782   0.000000     0.445002   0.000000   )
 (  0.030825   0.000000    -0.428674   0.000000    -0.263442   0.000000   )
     freq (    2) =      -0.000000 [THz] =      -0.000004 [cm-1]
 ( -0.187051   0.000000    -0.342188   0.000000    -0.129029   0.000000   )
 ( -0.441716   0.000000     0.420675   0.000000    -0.084261   0.000000   )
 ( -0.186786   0.000000     0.009320   0.000000    -0.415104   0.000000   )
 ( -0.441730   0.000000     0.202656   0.000000     0.092784   0.000000   )
     freq (    3) =      -0.000000 [THz] =      -0.000003 [cm-1]
 (  0.276286   0.000000    -0.636366   0.000000    -0.093284   0.000000   )
 (  0.188084   0.000000    -0.153721   0.000000     0.048318   0.000000   )
 (  0.276381   0.000000    -0.484890   0.000000    -0.175236   0.000000   )
 (  0.188099   0.000000    -0.247609   0.000000     0.098779   0.000000   )
     freq (    4) =       0.000000 [THz] =       0.000003 [cm-1]
 ( -0.364087   0.000000    -0.045828   0.000000    -0.289389   0.000000   )
 ( -0.142077   0.000000    -0.478528   0.000000    -0.194287   0.000000   )
 ( -0.364306   0.000000    -0.226466   0.000000     0.032602   0.000000   )
 ( -0.141980   0.000000    -0.366506   0.000000    -0.393850   0.000000   )
     freq (    5) =       0.000000 [THz] =       0.000004 [cm-1]
 ( -0.061451   0.000000    -0.143777   0.000000     0.588551   0.000000   )
 ( -0.301389   0.000000    -0.242892   0.000000     0.158590   0.000000   )
 ( -0.061211   0.000000     0.091817   0.000000     0.263975   0.000000   )
 ( -0.301467   0.000000    -0.389270   0.000000     0.360422   0.000000   )
     freq (    6) =       0.000000 [THz] =       0.000007 [cm-1]
 ( -0.296451   0.000000    -0.048144   0.000000    -0.126409   0.000000   )
 (  0.100401   0.000000     0.059593   0.000000     0.552295   0.000000   )
 ( -0.296846   0.000000    -0.413036   0.000000     0.424749   0.000000   )
 (  0.100546   0.000000     0.286286   0.000000     0.209670   0.000000   )
     freq (    7) =       1.516075 [THz] =      50.570816 [cm-1]
 (  0.056320   0.000000     0.053111   0.000000     0.050625   0.000000   )
 ( -0.057644   0.000000    -0.025609   0.000000     0.273690   0.000000   )
 (  0.077192   0.000000     0.016576   0.000000    -0.610428   0.000000   )
 ( -0.071778   0.000000    -0.129012   0.000000    -0.715477   0.000000   )
     freq (    8) =       3.209989 [THz] =     107.073716 [cm-1]
 ( -0.012847   0.000000     0.107209   0.000000     0.024703   0.000000   )
 (  0.011907   0.000000     0.220685   0.000000    -0.043181   0.000000   )
 ( -0.000643   0.000000    -0.568685   0.000000     0.124352   0.000000   )
 (  0.004486   0.000000    -0.771851   0.000000    -0.048811   0.000000   )
     freq (    9) =       4.748229 [THz] =     158.383869 [cm-1]
 ( -0.274261   0.000000    -0.185518   0.000000     0.341113   0.000000   )
 (  0.273935   0.000000     0.134403   0.000000    -0.201533   0.000000   )
 ( -0.261657   0.000000    -0.083986   0.000000     0.066073   0.000000   )
 (  0.262990   0.000000     0.292962   0.000000    -0.636720   0.000000   )
     freq (   10) =       6.456531 [THz] =     215.366694 [cm-1]
 ( -0.194381   0.000000    -0.000319   0.000000    -0.000548   0.000000   )
 ( -0.138813   0.000000    -0.000944   0.000000    -0.000444   0.000000   )
 (  0.765072   0.000000     0.013003   0.000000    -0.018068   0.000000   )
 (  0.597130   0.000000    -0.007839   0.000000     0.022123   0.000000   )
     freq (   11) =       8.294295 [THz] =     276.667903 [cm-1]
 ( -0.214222   0.000000     0.002297   0.000000     0.010941   0.000000   )
 (  0.238629   0.000000     0.002017   0.000000     0.020880   0.000000   )
 ( -0.028972   0.000000     0.331137   0.000000    -0.635569   0.000000   )
 ( -0.070809   0.000000    -0.348778   0.000000     0.505472   0.000000   )
     freq (   12) =      10.121161 [THz] =     337.605604 [cm-1]
 (  0.086546   0.000000     0.001350   0.000000     0.006727   0.000000   )
 ( -0.123872   0.000000     0.003448   0.000000     0.008400   0.000000   )
 ( -0.596300   0.000000     0.080263   0.000000    -0.176318   0.000000   )
 (  0.748900   0.000000    -0.099879   0.000000     0.114476   0.000000   )
 **************************************************************************
