The following methods will be used: maxwell
Creating a csv file: command.csv
No plotting has been requested
The frequency increment is 0.20 cm-1
The default width factor (-sigma) has been set to 5.000000 cm-1
The permittivity of the medium (-dielectric) has been set to 2.1550
The density of the medium (-density) has been set to 0.8380 g/cc
Vmin is:     0.0 cm-1
Vmax is:  3500.0 cm-1
All phonon modes will be considered
The number of processors has been set to 4 
The translational modes will be projected from the Dynamical matrix where possible
The charge neutrality of the Born atomic charges will be enforced
 
Shape depolarisation matrix: sphere   
            0.333333       0.000000       0.000000
            0.000000       0.333333       0.000000
            0.000000       0.000000       0.333333
 
Shape depolarisation matrix: plate (1,0,0) xyz=[0.962122,0.000000,0.272620]
            0.925678       0.000000       0.262294
            0.000000       0.000000       0.000000
            0.262294       0.000000       0.074322
 
Shape depolarisation matrix: plate (0,1,0) xyz=[0.000000,1.000000,0.000000]
            0.000000       0.000000       0.000000
            0.000000       1.000000       0.000000
            0.000000       0.000000       0.000000
 
Shape depolarisation matrix: plate (0,0,1) xyz=[0.001920,0.000000,0.999998]
            0.000004       0.000000       0.001920
            0.000000       0.000000       0.000000
            0.001920       0.000000       0.999996
 
Atomic masses will be defined using:  program
 
Masses by atom types
   1.007940  12.010700  15.999400
 
Atomic mass list
   1.007940   1.007940   1.007940   1.007940   1.007940   1.007940   1.007940   1.007940
   1.007940   1.007940   1.007940   1.007940   1.007940   1.007940   1.007940   1.007940
   1.007940   1.007940   1.007940   1.007940   1.007940   1.007940   1.007940   1.007940
   1.007940   1.007940   1.007940   1.007940   1.007940   1.007940   1.007940   1.007940
   1.007940   1.007940   1.007940   1.007940   1.007940   1.007940   1.007940   1.007940
   1.007940   1.007940   1.007940   1.007940   1.007940   1.007940   1.007940   1.007940
  12.010700  12.010700  12.010700  12.010700  12.010700  12.010700  12.010700  12.010700
  12.010700  12.010700  12.010700  12.010700  12.010700  12.010700  12.010700  12.010700
  12.010700  12.010700  12.010700  12.010700  12.010700  12.010700  12.010700  12.010700
  15.999400  15.999400  15.999400  15.999400  15.999400  15.999400  15.999400  15.999400
  15.999400  15.999400  15.999400  15.999400  15.999400  15.999400  15.999400  15.999400
  15.999400  15.999400  15.999400  15.999400  15.999400  15.999400  15.999400  15.999400

Volume of unit cell is   761.74698600 Angstrom^3
Total unit cell mass is:   720.62352000 g/mol
Crystal density is:   1.57089 g/cc

The density of the supporting matrix is    0.8380 g/cc
Converting the following mass fractions to volume fractions:
   The equivalent volume fraction for mass fraction  0.1000 is  0.055956

Concentration for unit volume fraction    2.1799 moles/Litre
Calculated Integrated IR band intensities (espilon_max assumes a fwhm line width)
Only IR active modes are shown

Mode Frequency Intensity         Integrated Molar Absorption Epsilon_max   FWHM  
     cm-1      Debye2/Angs2/amu   Coefficient L/mole/cm/cm    L/mole/cm    cm-1  
---- --------- ----------------  --------------------------- -----------   ----  
   0    -0.00          0.000000                    0.000000      0.0000      5.0
   3    31.66          0.008261                   34.909280      4.4448      5.0
   4    37.19          0.018806                   79.466435     10.1180      5.0
   5    55.10          0.000902                    3.811749      0.4853      5.0
   6    57.10          0.050012                  211.330499     26.9074      5.0
   7    58.94          0.009948                   42.034322      5.3520      5.0
   8    67.45          0.011890                   50.242099      6.3970      5.0
   9    73.67          0.021844                   92.304807     11.7526      5.0
  10    90.01          0.008680                   36.676943      4.6699      5.0
  11    90.68          0.032778                  138.508149     17.6354      5.0
  12    93.20          0.010623                   44.888328      5.7154      5.0
  13    98.12          0.099508                  420.482109     53.5374      5.0
  14   111.63          0.016435                   69.449117      8.8425      5.0
  15   111.77          0.087335                  369.042561     46.9880      5.0
  16   114.16          0.218456                  923.106934    117.5336      5.0
  17   122.37          0.065811                  278.091536     35.4077      5.0
  18   125.24          0.045484                  192.195903     24.4711      5.0
  19   125.48          0.031153                  131.640067     16.7609      5.0
  20   140.31          0.022850                   96.556030     12.2939      5.0
  21   141.54          0.117363                  495.927043     63.1434      5.0
  22   144.70          0.013645                   57.659746      7.3415      5.0
  23   149.05          0.569908                 2408.201426    306.6217      5.0
  24   151.98          0.077852                  328.969912     41.8858      5.0
  25   160.12          0.520095                 2197.711386    279.8213      5.0
  26   166.24          0.146825                  620.423214     78.9947      5.0
  27   166.30          0.126891                  536.191928     68.2701      5.0
  28   179.73          0.208927                  882.842527    112.4070      5.0
  29   187.69          0.010142                   42.857686      5.4568      5.0
  30   191.86          0.010765                   45.490242      5.7920      5.0
  31   192.39          0.096939                  409.623870     52.1549      5.0
  32   195.69          0.642745                 2715.981864    345.8096      5.0
  33   197.37          0.002556                   10.798523      1.3749      5.0
  34   206.67          0.593003                 2505.792592    319.0474      5.0
  35   209.58          0.002330                    9.844051      1.2534      5.0
  36   215.55          0.252454                 1066.769448    135.8253      5.0
  37   219.27          0.806996                 3410.043982    434.1803      5.0
  38   236.00          0.178515                  754.332871     96.0446      5.0
  39   236.82          0.450487                 1903.576756    242.3709      5.0
  40   250.67          0.263922                 1115.229524    141.9954      5.0
  41   254.16          0.053244                  224.988555     28.6464      5.0
  42   271.14          0.002553                   10.788131      1.3736      5.0
  43   275.25          1.826018                 7716.020383    982.4342      5.0
  44   280.73          0.000084                    0.353047      0.0450      5.0
  45   281.04          0.529361                 2236.866374    284.8067      5.0
  46   287.62          0.640464                 2706.343340    344.5823      5.0
  47   294.60          0.246093                 1039.891776    132.4031      5.0
  48   297.35          0.338190                 1429.054835    181.9529      5.0
  49   301.72          0.625505                 2643.132571    336.5341      5.0
  50   315.59          1.266369                 5351.170890    681.3322      5.0
  51   323.23          1.976136                 8350.361744   1063.2011      5.0
  52   338.60          0.595926                 2518.146028    320.6203      5.0
  53   342.27          0.046055                  194.609739     24.7785      5.0
  54   348.72          0.042230                  178.445784     22.7204      5.0
  55   350.13          0.457922                 1934.996886    246.3715      5.0
  56   359.38          0.462503                 1954.353287    248.8360      5.0
  57   361.10          0.001179                    4.980253      0.6341      5.0
  58   361.58          0.105963                  447.756582     57.0101      5.0
  59   364.15          1.722305                 7277.773126    926.6349      5.0
  60   368.00          1.562435                 6602.226938    840.6216      5.0
  61   374.29          1.448955                 6122.706204    779.5672      5.0
  62   376.23          0.005384                   22.749930      2.8966      5.0
  63   376.25          1.069032                 4517.300410    575.1606      5.0
  64   392.57          0.008840                   37.356355      4.7564      5.0
  65   394.63          0.671552                 2837.711316    361.3086      5.0
  66   401.73          1.596423                 6745.844858    858.9076      5.0
  67   402.54          0.429344                 1814.234568    230.9955      5.0
  68   421.10          0.029837                  126.080502     16.0531      5.0
  69   421.31          0.034808                  147.086154     18.7276      5.0
  70   431.70          0.193600                  818.077032    104.1608      5.0
  71   432.87          0.652726                 2758.157052    351.1795      5.0
  72   446.18          0.070010                  295.835955     37.6670      5.0
  73   446.59          0.920583                 3890.014887    495.2921      5.0
  74   459.69          0.326844                 1381.110603    175.8485      5.0
  75   461.98          0.034711                  146.673383     18.6750      5.0
  76   469.65          0.156660                  661.983996     84.2864      5.0
  77   471.86          0.182927                  772.977586     98.4186      5.0
  78   534.26          0.019163                   80.974752     10.3100      5.0
  79   537.09          2.333018                 9858.401054   1255.2106      5.0
  80   541.87          0.395124                 1669.636867    212.5848      5.0
  81   547.92          1.625226                 6867.554371    874.4042      5.0
  82   554.77          0.041137                  173.827887     22.1325      5.0
  83   557.04          0.869343                 3673.496092    467.7240      5.0
  84   573.59          0.570053                 2408.815696    306.6999      5.0
  85   574.78          0.000416                    1.759581      0.2240      5.0
  86   597.64          0.027255                  115.170421     14.6640      5.0
  87   598.48          0.623384                 2634.171757    335.3932      5.0
  88   609.10          0.129284                  546.301142     69.5572      5.0
  89   612.26          1.783417                 7536.008486    959.5144      5.0
  90   615.84          1.749563                 7392.953985    941.3001      5.0
  91   618.09          0.006449                   27.250319      3.4696      5.0
  92   633.26          0.177608                  750.501147     95.5568      5.0
  93   634.54          0.744467                 3145.817835    400.5380      5.0
  94   683.86          9.073329                38340.257488   4881.6332      5.0
  95   683.96          0.009100                   38.453016      4.8960      5.0
  96   694.75          3.738949                15799.305006   2011.6300      5.0
  97   695.76          0.000016                    0.065550      0.0083      5.0
  98   719.45          0.329283                 1391.418654    177.1609      5.0
  99   722.48          6.900136                29157.214176   3712.4118      5.0
 100   728.98          0.913705                 3860.953304    491.5918      5.0
 101   729.35          1.236036                 5222.992479    665.0121      5.0
 102   752.78          5.436475                22972.368186   2924.9328      5.0
 103   754.89          0.958080                 4048.462521    515.4663      5.0
 104   769.18          1.630049                 6887.935058    876.9991      5.0
 105   769.96          3.027963                12794.959375   1629.1048      5.0
 106   800.95         10.783526                45566.866252   5801.7536      5.0
 107   806.34          0.059429                  251.123436     31.9740      5.0
 108   828.03          0.099582                  420.792758     53.5770      5.0
 109   828.25          0.190633                  805.537407    102.5642      5.0
 110   846.12          6.563646                27735.341406   3531.3733      5.0
 111   849.02          0.779821                 3295.212068    419.5594      5.0
 112   849.69          0.085993                  363.370691     46.2658      5.0
 113   850.59          0.786023                 3321.420211    422.8964      5.0
 114   862.61          3.356888                14184.864038   1806.0730      5.0
 115   864.90          5.317199                22468.357212   2860.7601      5.0
 116   880.02          2.758357                11655.713003   1484.0515      5.0
 117   880.52          0.224768                  949.780310    120.9298      5.0
 118   893.34          0.622061                 2628.581322    334.6814      5.0
 119   893.70          2.284963                 9655.338436   1229.3559      5.0
 120   898.34          2.358674                 9966.811611   1269.0139      5.0
 121   901.28          1.126585                 4760.497333    606.1253      5.0
 122   910.04          2.363753                 9988.275228   1271.7467      5.0
 123   910.31          2.260938                 9553.819929   1216.4301      5.0
 124   937.07          2.012776                 8505.185276   1082.9138      5.0
 125   937.97          0.009614                   40.624968      5.1725      5.0
 126   940.29          0.199795                  844.254398    107.4938      5.0
 127   940.98          0.842218                 3558.877880    453.1304      5.0
 128   965.31          3.196087                13505.386219   1719.5592      5.0
 129   967.10          1.221468                 5161.435402    657.1744      5.0
 130   978.84          7.916698                33452.799207   4259.3427      5.0
 131   978.90          0.491213                 2075.667944    264.2823      5.0
 132   982.62          6.519047                27546.886240   3507.3785      5.0
 133   988.10         29.207045               123417.289050  15713.9773      5.0
 134   991.35          1.007786                 4258.501168    542.2092      5.0
 135   992.81          8.929846                37733.956286   4804.4365      5.0
 136  1004.19          3.708269                15669.662405   1995.1234      5.0
 137  1006.68          0.292943                 1237.859847    157.6092      5.0
 138  1021.87          0.506059                 2138.404553    272.2701      5.0
 139  1022.11          1.630626                 6890.373460    877.3096      5.0
 140  1026.41          0.297335                 1256.417730    159.9721      5.0
 141  1027.42          0.684035                 2890.458995    368.0247      5.0
 142  1034.03          5.420530                22904.993395   2916.3543      5.0
 143  1036.04          1.024717                 4330.044354    551.3184      5.0
 144  1041.93          4.570204                19311.854689   2458.8617      5.0
 145  1043.72         10.990754                46442.529918   5913.2466      5.0
 146  1050.66          3.437123                14523.905384   1849.2411      5.0
 147  1051.59          0.734017                 3101.663195    394.9160      5.0
 148  1058.02          0.038868                  164.241796     20.9119      5.0
 149  1058.51          0.504271                 2130.849146    271.3081      5.0
 150  1062.34          4.555413                19249.351874   2450.9036      5.0
 151  1065.27          0.935812                 3954.366742    503.4856      5.0
 152  1072.10          1.251783                 5289.535376    673.4846      5.0
 153  1074.46          2.847181                12031.047893   1531.8406      5.0
 154  1077.14          0.006242                   26.374343      3.3581      5.0
 155  1077.25          2.617108                11058.852788   1408.0569      5.0
 156  1089.31          2.323549                 9818.390137   1250.1163      5.0
 157  1089.60          0.447997                 1893.056231    241.0314      5.0
 158  1094.02          4.643784                19622.775508   2498.4494      5.0
 159  1097.46          3.631485                15345.202270   1953.8118      5.0
 160  1108.02          1.440814                 6088.301568    775.1866      5.0
 161  1110.46          0.498577                 2106.787540    268.2445      5.0
 162  1111.53          0.091355                  386.029259     49.1508      5.0
 163  1111.88          0.075778                  320.207049     40.7700      5.0
 164  1115.38         14.021089                59247.513119   7543.6277      5.0
 165  1115.49          0.241753                 1021.549687    130.0677      5.0
 166  1120.50          0.010250                   43.314052      5.5149      5.0
 167  1120.89          0.029609                  125.117720     15.9305      5.0
 168  1135.72          3.226520                13633.984774   1735.9329      5.0
 169  1137.54          1.629329                 6884.891625    876.6116      5.0
 170  1189.39          2.072799                 8758.817982   1115.2073      5.0
 171  1189.92          0.000735                    3.107314      0.3956      5.0
 172  1203.22          0.541322                 2287.410437    291.2421      5.0
 173  1203.87          0.000311                    1.313702      0.1673      5.0
 174  1206.53          0.025565                  108.026259     13.7543      5.0
 175  1206.70          0.090948                  384.311044     48.9320      5.0
 176  1227.86          0.332451                 1404.803454    178.8651      5.0
 177  1227.93          0.002119                    8.953202      1.1400      5.0
 178  1241.19          0.163402                  690.470785     87.9135      5.0
 179  1241.25          0.291237                 1230.651766    156.6914      5.0
 180  1245.61          0.238331                 1007.090132    128.2267      5.0
 181  1245.82          1.456983                 6156.627428    783.8862      5.0
 182  1248.62          0.598258                 2528.001114    321.8751      5.0
 183  1250.76          0.874543                 3695.467414    470.5215      5.0
 184  1258.31          0.611393                 2583.502759    328.9418      5.0
 185  1260.93          0.156374                  660.774441     84.1324      5.0
 186  1268.52          0.063745                  269.360344     34.2960      5.0
 187  1269.07          0.100426                  424.359999     54.0312      5.0
 188  1272.99          0.918917                 3882.974901    494.3957      5.0
 189  1273.96          0.312097                 1318.796561    167.9144      5.0
 190  1276.40          0.185003                  781.748616     99.5353      5.0
 191  1277.04          0.000217                    0.916592      0.1167      5.0
 192  1296.01          0.144075                  608.804288     77.5154      5.0
 193  1296.16          0.216979                  916.868487    116.7393      5.0
 194  1305.40          0.168789                  713.236378     90.8121      5.0
 195  1306.54          0.557733                 2356.757924    300.0717      5.0
 196  1313.51          0.701497                 2964.244008    377.4193      5.0
 197  1314.50          0.015539                   65.662568      8.3604      5.0
 198  1319.01          0.060464                  255.498186     32.5310      5.0
 199  1319.48          0.000221                    0.935370      0.1191      5.0
 200  1320.99          0.125534                  530.458158     67.5400      5.0
 201  1321.20          0.361155                 1526.096119    194.3086      5.0
 202  1323.68          2.733403                11550.267347   1470.6257      5.0
 203  1324.35          1.929832                 8154.697599   1038.2883      5.0
 204  1328.37          0.342246                 1446.193713    184.1351      5.0
 205  1328.88          0.764823                 3231.836448    411.4902      5.0
 206  1334.58          0.003131                   13.230270      1.6845      5.0
 207  1335.66          1.809355                 7645.611917    973.4695      5.0
 208  1339.87          0.715298                 3022.562958    384.8447      5.0
 209  1340.40          0.353272                 1492.785465    190.0673      5.0
 210  1348.22          0.384311                 1623.942982    206.7668      5.0
 211  1350.12          0.075709                  319.915512     40.7329      5.0
 212  1361.27          0.764864                 3232.007580    411.5120      5.0
 213  1361.95          0.049988                  211.227410     26.8943      5.0
 214  1363.77          0.475008                 2007.193799    255.5639      5.0
 215  1364.17          1.651319                 6977.812267    888.4427      5.0
 216  1374.56          0.000003                    0.012366      0.0016      5.0
 217  1375.06          1.638408                 6923.256722    881.4964      5.0
 218  1382.98          0.221221                  934.791470    119.0213      5.0
 219  1383.06          0.054106                  228.628610     29.1099      5.0
 220  1406.60          2.350340                 9931.597213   1264.5302      5.0
 221  1406.90          0.481025                 2032.618318    258.8010      5.0
 222  1411.44          2.602185                10995.793442   1400.0279      5.0
 223  1411.57          0.949214                 4010.998417    510.6962      5.0
 224  1427.89          3.529128                14912.682836   1898.7418      5.0
 225  1428.21          0.027808                  117.507101     14.9615      5.0
 226  1431.16          1.931783                 8162.944291   1039.3383      5.0
 227  1431.97          0.111296                  470.292739     59.8795      5.0
 228  1433.50          3.106274                13125.871297   1671.2378      5.0
 229  1433.57          0.205500                  868.359598    110.5630      5.0
 230  1437.45          0.002720                   11.493206      1.4634      5.0
 231  1438.57          0.515905                 2180.007827    277.5672      5.0
 232  1450.74          0.352218                 1488.333579    189.5005      5.0
 233  1450.86          0.177180                  748.692211     95.3265      5.0
 234  1471.33          4.244312                17934.765030   2283.5252      5.0
 235  1472.68          0.005025                   21.232439      2.7034      5.0
 236  1473.95          0.015171                   64.106920      8.1623      5.0
 237  1474.78          5.490760                23201.756412   2954.1394      5.0
 238  1632.39          7.475661                31589.152001   4022.0558      5.0
 239  1632.44          0.147293                  622.401215     79.2466      5.0
 240  2881.44          1.487358                 6284.980839    800.2286      5.0
 241  2881.44          0.085425                  360.970640     45.9602      5.0
 242  2922.69          1.341172                 5667.258506    721.5778      5.0
 243  2922.70          0.043920                  185.590273     23.6301      5.0
 244  2923.75          0.351769                 1486.435885    189.2589      5.0
 245  2923.77          0.009342                   39.474343      5.0260      5.0
 246  2927.16          0.331668                 1401.496403    178.4441      5.0
 247  2927.21          0.171379                  724.179739     92.2054      5.0
 248  2946.35          0.942965                 3984.594706    507.3344      5.0
 249  2946.48          3.867514                16342.567285   2080.8003      5.0
 250  2947.17          0.133949                  566.012792     72.0670      5.0
 251  2947.18          2.648632                11192.059147   1425.0172      5.0
 252  2951.93          1.120866                 4736.332553    603.0486      5.0
 253  2952.09         14.642935                61875.185690   7878.1933      5.0
 254  2961.83          0.156503                  661.318182     84.2016      5.0
 255  2961.87          0.190762                  806.085586    102.6340      5.0
 256  2963.80          0.866171                 3660.093470    466.0176      5.0
 257  2963.82          0.332782                 1406.204368    179.0435      5.0
 258  2967.44          1.853818                 7833.494863    997.3915      5.0
 259  2967.61         98.967903               418198.770845  53246.7213      5.0
 260  2970.34          4.522711                19111.167973   2433.3095      5.0
 261  2970.98          4.876073                20604.333903   2623.4253      5.0
 262  2985.37          0.470148                 1986.656513    252.9490      5.0
 263  2985.39         12.694570                53642.175311   6829.9339      5.0
 264  2992.70         26.949485               113877.745522  14499.3649      5.0
 265  2997.25         67.609157               285689.253512  36375.0855      5.0
 266  3022.88          4.865196                20558.372720   2617.5733      5.0
 267  3023.79         11.024866                46586.675180   5931.5997      5.0
 268  3038.87          0.780039                 3296.131732    419.6765      5.0
 269  3038.98        116.285502               491376.016252  62563.9375      5.0
 270  3040.50          0.059914                  253.174016     32.2351      5.0
 271  3040.56          0.002803                   11.843690      1.5080      5.0
 272  3058.45          0.241539                 1020.645478    129.9526      5.0
 273  3058.50          0.151043                  638.246894     81.2641      5.0
 274  3181.08         52.359547               221250.503490  28170.4890      5.0
 275  3188.58         31.528281               133225.903254  16962.8488      5.0
 276  3207.63          0.956584                 4042.142768    514.6616      5.0
 277  3208.18         79.089794               334201.831824  42551.8988      5.0
 278  3222.97         13.889457                58691.288834   7472.8070      5.0
 279  3224.61        105.904255               447509.018587  56978.6179      5.0
 280  3267.27          0.235069                  993.307567    126.4718      5.0
 281  3267.56          5.707686                24118.397380   3070.8497      5.0
 282  3305.62        120.227377               508032.805577  64684.7458      5.0
 283  3328.60          6.674025                28201.761468   3590.7598      5.0
 284  3330.95          1.047455                 4426.123897    563.5516      5.0
 285  3331.43          0.008756                   36.998134      4.7107      5.0
 286  3518.83         15.181174                64149.570556   8167.7770      5.0
 287  3521.60         13.159906                55608.499996   7080.2941      5.0
 
 
Permittivity contribution from ionic displacements
           58.102080     -61.794408      93.601056
          -61.794408      67.224079    -100.746541
           93.601056    -100.746541     153.547724
 
Optical permittivity at zero frequency
            2.413420       0.000000       0.011380
            0.000000       2.515470       0.000000
            0.011380       0.000000       2.520790
 
Total permittivity
           60.515500     -61.794408      93.612436
          -61.794408      69.739549    -100.746541
           93.612436    -100.746541     156.068514
