appending to names  .
The following methods will be used:  ['ap', 'maxwell']
Creating a csv file:  command.csv
No plotting requested
The frequency increment is  0.2  cm-1
The default width factor (-sigma) has been set to  2.0  cm-1
Permittivity of the medium (-dielectric) has been set to  2.0
Density of the medium (-density) has been set to  2.2
Vmin is:  900.0
Vmax is:  1100.0
Considering all modes
Analysing VASP directory:  .
Shape depolarisation matrix:  sphere   
[[ 0.33333333  0.          0.        ]
 [ 0.          0.33333333  0.        ]
 [ 0.          0.          0.33333333]]

Shape depolarisation matrix:  plate (1,0,0) 
The miller indices for the surface  (1,0,0) has a normal [  1.00000000e+00   1.05857699e-10   0.00000000e+00] in xyz
[[  1.00000000e+00   1.05857699e-10   0.00000000e+00]
 [  1.05857699e-10   1.12058524e-20   0.00000000e+00]
 [  0.00000000e+00   0.00000000e+00   0.00000000e+00]]

Shape depolarisation matrix:  plate (-1,1,0) 
The miller indices for the surface  (-1,1,0) has a normal [-0.5        0.8660254  0.       ] in xyz
[[ 0.25      -0.4330127 -0.       ]
 [-0.4330127  0.75       0.       ]
 [-0.         0.         0.       ]]

Shape depolarisation matrix:  needle [0,0,1] 
The miller direction  [0,0,1] is  [ 0.  0.  1.] in xyz
[[ 0.5  0.   0. ]
 [ 0.   0.5  0. ]
 [ 0.   0.   0. ]]

Shape depolarisation matrix:  ellipsoid [0,0,1] 2.0
The miller direction  [0,0,1] is  [ 0.  0.  1.] in xyz
[[ 0.413218  0.        0.      ]
 [ 0.        0.413218  0.      ]
 [ 0.        0.        0.173564]]

Volume of unit cell is  535.25  Angstrom^3
Total unit cell mass is:  1008.62  g/mol
Crystal density is:  3.12910346095  g/cc
Complete mode list is:  [0, 1, 2, 3, 4, 5, 6, 7, 8, 9, 10, 11, 12, 13, 14, 15, 16, 17, 18, 19, 20, 21, 22, 23, 24, 25, 26, 27, 28, 29, 30, 31, 32, 33, 34, 35, 36, 37, 38, 39, 40, 41, 42, 43, 44, 45, 46, 47, 48, 49, 50, 51, 52, 53, 54, 55, 56, 57, 58, 59, 60, 61, 62, 63, 64, 65, 66, 67, 68, 69, 70, 71, 72, 73, 74, 75, 76, 77, 78, 79, 80, 81, 82, 83, 84, 85, 86, 87, 88, 89, 90, 91, 92, 93, 94, 95, 96, 97, 98, 99, 100, 101, 102, 103, 104, 105, 106, 107, 108, 109, 110, 111, 112, 113, 114, 115, 116, 117, 118, 119, 120, 121, 122, 123, 124, 125]
Sigmas are  :  [2.0, 2.0, 2.0, 2.0, 2.0, 2.0, 2.0, 2.0, 2.0, 2.0, 2.0, 2.0, 2.0, 2.0, 2.0, 2.0, 2.0, 2.0, 2.0, 2.0, 2.0, 2.0, 2.0, 2.0, 2.0, 2.0, 2.0, 2.0, 2.0, 2.0, 2.0, 2.0, 2.0, 2.0, 2.0, 2.0, 2.0, 2.0, 2.0, 2.0, 2.0, 2.0, 2.0, 2.0, 2.0, 2.0, 2.0, 2.0, 2.0, 2.0, 2.0, 2.0, 2.0, 2.0, 2.0, 2.0, 2.0, 2.0, 2.0, 2.0, 2.0, 2.0, 2.0, 2.0, 2.0, 2.0, 2.0, 2.0, 2.0, 2.0, 2.0, 2.0, 2.0, 2.0, 2.0, 2.0, 2.0, 2.0, 2.0, 2.0, 2.0, 2.0, 2.0, 2.0, 2.0, 2.0, 2.0, 2.0, 2.0, 2.0, 2.0, 2.0, 2.0, 2.0, 2.0, 2.0, 2.0, 2.0, 2.0, 2.0, 2.0, 2.0, 2.0, 2.0, 2.0, 2.0, 2.0, 2.0, 2.0, 2.0, 2.0, 2.0, 2.0, 2.0, 2.0, 2.0, 2.0, 2.0, 2.0, 2.0, 2.0, 2.0, 2.0, 2.0, 2.0, 2.0]
Selected mode list is:  [1, 2, 3, 5, 6, 7, 9, 10, 13, 14, 15, 16, 17, 18, 19, 20, 21, 22, 23, 24, 25, 27, 29, 30, 33, 35, 36, 37, 38, 41, 43, 44, 45, 46, 47, 48, 49, 55, 56, 57, 58, 59, 60, 65, 66, 67, 68, 69, 70, 72, 73, 74, 75, 76, 77, 78, 81, 85, 86, 87, 88, 89, 90, 91, 92, 93, 94, 95, 98, 100, 101, 102, 104, 105, 107, 108, 109, 112, 113, 115, 116, 117, 118, 119]
Calculated Integrated IR band intensities (espilon_max assumes a fwhm line width)
mode,Freq(cm-1),Intensity(Debye2/Angstrom2/amu),Integrated_Molar_Absorption_Coefficient(L/mole/cm/cm),epsilon_max(L/mole/cm), FWHM(cm-1)
1 , 1038.124996 , 7.91566212225 , 33448.4218638 , 10646.9633565 , 2.0
2 , 1038.124996 , 7.91576253459 , 33448.8461662 , 10647.0984161 , 2.0
3 , 1032.471125 , 8.42121114383e-07 , 0.00355846698094 , 0.00113269521969 , 2.0
5 , 1011.90682 , 7.31104981165e-08 , 0.000308935720841 , 9.83372941391e-05 , 2.0
6 , 1011.90682 , 4.86840515507e-08 , 0.000205719328232 , 6.54824959555e-05 , 2.0
7 , 1002.952118 , 1.30985500914e-10 , 5.53492332661e-07 , 1.76182081413e-07 , 2.0
9 , 997.53853 , 2.0347379625e-06 , 0.00859798873435 , 0.00273682481544 , 2.0
10 , 996.153032 , 4.73303125675e-10 , 1.99998968785e-06 , 6.3661648991e-07 , 2.0
13 , 986.312121 , 101.026354971 , 426896.965566 , 135885.524521 , 2.0
14 , 986.312121 , 101.02660097 , 426898.005059 , 135885.855402 , 2.0
15 , 981.782362 , 112.613718979 , 475860.530918 , 151471.111436 , 2.0
16 , 980.071182 , 7.24844579081e-08 , 0.000306290325337 , 9.74952385971e-05 , 2.0
17 , 980.071182 , 2.99029361494e-08 , 0.000126357846993 , 4.02209518947e-05 , 2.0
18 , 913.695941 , 2.1259296282e-07 , 0.000898332823694 , 0.000285948218865 , 2.0
19 , 913.695941 , 6.5421645104e-07 , 0.00276445703551 , 0.000879954004334 , 2.0
20 , 912.162873 , 1.89847820468 , 8022.20950169 , 2553.54859342 , 2.0
21 , 912.162873 , 1.8984638382 , 8022.1487947 , 2553.52926979 , 2.0
22 , 910.871711 , 2.51408482318e-08 , 0.000106235168288 , 3.38157043266e-05 , 2.0
23 , 910.062105 , 2.31256045831e-10 , 9.77195547264e-07 , 3.11051003429e-07 , 2.0
24 , 584.992583 , 2.55960625843e-09 , 1.08158722056e-05 , 3.44279905075e-06 , 2.0
25 , 584.992583 , 3.68138613135e-09 , 1.55560652366e-05 , 4.95164935494e-06 , 2.0
27 , 575.884576 , 9.41759462483e-08 , 0.000397949878467 , 0.000126671380522 , 2.0
29 , 568.53699 , 11.9263244853 , 50395.8767451 , 16041.5057909 , 2.0
30 , 568.53699 , 11.9262376918 , 50395.5099906 , 16041.3890493 , 2.0
33 , 556.34836 , 6.89071990701e-07 , 0.0029117426039 , 0.000926836456845 , 2.0
35 , 547.171977 , 5.76064549734e-09 , 2.43421836136e-05 , 7.7483576955e-06 , 2.0
36 , 547.171977 , 1.39779793322e-08 , 5.90653494661e-05 , 1.8801084666e-05 , 2.0
37 , 543.030718 , 3.98934774705 , 16857.3878399 , 5365.87320469 , 2.0
38 , 543.030718 , 3.98922947792 , 16856.8880819 , 5365.71412676 , 2.0
41 , 532.975451 , 23.0966558497 , 97597.2289585 , 31066.1628416 , 2.0
43 , 447.515872 , 0.990896359955 , 4187.13165863 , 1332.80540169 , 2.0
44 , 437.727912 , 0.0583336830261 , 246.494810995 , 78.4617352327 , 2.0
45 , 437.727912 , 0.0583342214456 , 246.497086141 , 78.4624594341 , 2.0
46 , 426.395582 , 7.75296689693e-08 , 0.000327609369196 , 0.000104281301022 , 2.0
47 , 420.800853 , 3.77391712606e-09 , 1.59470642079e-05 , 5.07610819298e-06 , 2.0
48 , 420.800853 , 1.88770516452e-08 , 7.9766869432e-05 , 2.53905831301e-05 , 2.0
49 , 407.706042 , 1.08758140664e-10 , 4.5956839919e-07 , 1.4628516484e-07 , 2.0
55 , 298.245098 , 13.5998124965 , 57467.3676851 , 18292.4312671 , 2.0
56 , 298.245098 , 13.5998044885 , 57467.3338465 , 18292.420496 , 2.0
57 , 294.27744 , 2.10243723083e-09 , 8.88405876261e-06 , 2.82788373358e-06 , 2.0
58 , 294.27744 , 2.96037792214e-09 , 1.25093729478e-05 , 3.98185707925e-06 , 2.0
59 , 283.252981 , 1.070720914e-08 , 4.52443829421e-05 , 1.44017343848e-05 , 2.0
60 , 271.825041 , 3.95846300014 , 16726.8812534 , 5324.33166797 , 2.0
65 , 264.700995 , 2.70223831831e-10 , 1.14185782379e-06 , 3.63464633927e-07 , 2.0
66 , 262.541362 , 1.91143038268e-09 , 8.07694022504e-06 , 2.57096992375e-06 , 2.0
67 , 262.541362 , 3.74241846625e-09 , 1.5813963471e-05 , 5.03374091256e-06 , 2.0
68 , 257.310647 , 5.19144145686e-09 , 2.19369550201e-05 , 6.98274965567e-06 , 2.0
69 , 255.587877 , 10.395384119 , 43926.7351332 , 13982.3140607 , 2.0
70 , 255.587877 , 10.3956057108 , 43927.6714916 , 13982.6121128 , 2.0
72 , 251.412627 , 3.39050755255e-10 , 1.43269287141e-06 , 4.56040304834e-07 , 2.0
73 , 241.576406 , 51.1723907192 , 216234.054223 , 68829.4371888 , 2.0
74 , 231.227613 , 0.996806440681 , 4212.10529574 , 1340.75475728 , 2.0
75 , 231.227613 , 0.996809718827 , 4212.11914788 , 1340.75916655 , 2.0
76 , 225.394939 , 6.52998224459e-08 , 0.000275930929728 , 8.78315428362e-05 , 2.0
77 , 225.394939 , 1.38733912894e-08 , 5.86234022325e-05 , 1.86604084923e-05 , 2.0
78 , 224.302128 , 5.81551964314e-07 , 0.0024574059804 , 0.00078221661793 , 2.0
81 , 222.841586 , 2.11225720028e-10 , 8.92555402549e-07 , 2.84109208598e-07 , 2.0
85 , 208.586788 , 1.03989456457e-07 , 0.000439417847206 , 0.000139871044931 , 2.0
86 , 206.791862 , 18.5369424029 , 78329.7038179 , 24933.1191071 , 2.0
87 , 206.791862 , 18.5371271671 , 78330.4845574 , 24933.3676242 , 2.0
88 , 200.348322 , 1.74330901671e-09 , 7.36652658099e-06 , 2.34483823757e-06 , 2.0
89 , 200.348322 , 1.15508657542e-08 , 4.88093383311e-05 , 1.55364949289e-05 , 2.0
90 , 196.108801 , 1.0265255125e-10 , 4.33768620563e-07 , 1.38072840242e-07 , 2.0
91 , 195.975904 , 1.92219620023e-10 , 8.12243226371e-07 , 2.5854504894e-07 , 2.0
92 , 195.975904 , 1.22625194009e-10 , 5.18165019803e-07 , 1.64937048478e-07 , 2.0
93 , 187.954875 , 1.71460563904e-10 , 7.24523758832e-07 , 2.30623075211e-07 , 2.0
94 , 180.18142 , 22.3838843087 , 94585.3415347 , 30107.4492986 , 2.0
95 , 180.18142 , 22.3836495981 , 94584.3497417 , 30107.133601 , 2.0
98 , 173.670815 , 1.53110231706 , 6469.82595097 , 2059.40956208 , 2.0
100 , 162.464851 , 5.74073307159e-08 , 0.000242580416673 , 7.72157448216e-05 , 2.0
101 , 162.464851 , 2.77452177229e-09 , 1.1724019201e-05 , 3.73187121748e-06 , 2.0
102 , 161.611991 , 2.19531471137e-07 , 0.000927652184436 , 0.000295280861246 , 2.0
104 , 146.330179 , 2.7171039296e-07 , 0.00114813943649 , 0.000365464133353 , 2.0
105 , 142.522644 , 0.0961885164172 , 406.454194973 , 129.378388541 , 2.0
107 , 141.694548 , 1.67213361844e-10 , 7.06576781806e-07 , 2.24910374997e-07 , 2.0
108 , 133.790815 , 4.17293738712e-09 , 1.7633164223e-05 , 5.61281049689e-06 , 2.0
109 , 133.790815 , 1.69865844591e-08 , 7.17785112902e-05 , 2.28478097592e-05 , 2.0
112 , 129.326713 , 2.32984311792e-10 , 9.8449850791e-07 , 3.13375608001e-07 , 2.0
113 , 104.965893 , 1.38263328897e-10 , 5.84245522585e-07 , 1.85971125798e-07 , 2.0
115 , 97.301684 , 2.77601959054e-09 , 1.17303483818e-05 , 3.7338858583e-06 , 2.0
116 , 97.301684 , 6.52529515172e-09 , 2.75732871931e-05 , 8.77684990816e-06 , 2.0
117 , 91.895867 , 5.81213661661 , 24559.7644871 , 7817.6158386 , 2.0
118 , 91.895867 , 5.81223850956 , 24560.195046 , 7817.75288975 , 2.0
119 , 88.900287 , 2.39710306797 , 10129.198724 , 3224.22409297 , 2.0
Permittivity contribution from ionic displacements
[[  9.18925806e+00+0.j  -3.57173498e-06+0.j   5.07467868e-09+0.j]
 [ -3.57173498e-06+0.j   9.18912984e+00+0.j  -1.07485239e-08+0.j]
 [  5.07467868e-09+0.j  -1.07485239e-08+0.j   5.94654133e+00+0.j]]
Optical permittivity at zero frequency
[[  2.89145600e+00  -1.00000000e-06   0.00000000e+00]
 [  1.00000000e-06   2.89145600e+00   0.00000000e+00]
 [  0.00000000e+00  -0.00000000e+00   2.89414000e+00]]
Total permittivity
[[  1.20807141e+01+0.j  -4.57173498e-06+0.j   5.07467868e-09+0.j]
 [ -2.57173498e-06+0.j   1.20805858e+01+0.j  -1.07485239e-08+0.j]
 [  5.07467868e-09+0.j  -1.07485239e-08+0.j   8.84068133e+00+0.j]]
Concentration for unit volume fraction in moles / Litre 3.1023611082
