appending to names  Na2SO42.out
The following methods will be used:  ['maxwell']
Creating a csv file:  command.csv
No plotting requested
The frequency increment is  0.2  cm-1
The default width factor (-sigma) has been set to  5.0  cm-1
Permittivity of the medium (-dielectric) has been set to  2.0
Density of the medium (-density) has been set to  2.2
Vmin is:  0.0
Vmax is:  300.0
Considering all modes
Program specified is:  crystal
Output file:  Na2SO42.out
No projection of the dynamical matrix will be performed
The charge neutrality of the Born atomic charges will not be enforced
Reading Born charge tensor from BORN.DAT
Reading Hessian from HESSFREQ.DAT
FREQS:  [   -2.86609803    -2.38444752    -2.09003496    89.25810855    98.02582322
   118.10089976   119.73122145   123.14061608   145.8653366    147.63261278
   170.52379174   170.83771022   199.66221232   213.26922419   233.69029699
   244.82462681   250.69306521   308.5104754    320.65462943   343.38161438
   386.93031245   439.56937533   440.82992837   448.18536152   461.30778257
   481.28887157   528.77825461   618.77336393   710.58952281   787.24178404
   914.05434629   945.04795076  1111.11559124  1117.98832755  1129.17982257
  1155.60962285]
Shape depolarisation matrix:  needle [0,0,1] 
The miller direction  [0,0,1] is  [-0.2594077  -0.20570889  0.94360558] in xyz
[[ 0.46635382 -0.02668124  0.12238928]
 [-0.02668124  0.47884193  0.09705403]
 [ 0.12238928  0.09705403  0.05480425]]

Shape depolarisation matrix:  ellipsoid [0,0,1] 0.5
The miller direction  [0,0,1] is  [-0.2594077  -0.20570889  0.94360558] in xyz
[[ 0.2559685   0.01551783 -0.07118171]
 [ 0.01551783  0.24870541 -0.05644671]
 [-0.07118171 -0.05644671  0.49532608]]

Shape depolarisation matrix:  plate (1,0,0) 
The miller indices for the surface  (1,0,0) has a normal [ 0.96422729  0.          0.26507684] in xyz
[[ 0.92973427  0.          0.25559432]
 [ 0.          0.          0.        ]
 [ 0.25559432  0.          0.07026573]]

Volume of unit cell is  151.88042797  Angstrom^3
Total unit cell mass is:  237.883  g/mol
Crystal density is:  2.60082192705  g/cc
Orthogonalisation iteration:  1.8172811346e-13
Orthogonalisation iteration:  4.69303415573e-14
Orthogonalisation iteration:  3.33927763913e-14
Complete mode list is:  [0, 1, 2, 3, 4, 5, 6, 7, 8, 9, 10, 11, 12, 13, 14, 15, 16, 17, 18, 19, 20, 21, 22, 23, 24, 25, 26, 27, 28, 29, 30, 31, 32, 33, 34, 35]
Sigmas are  :  [5.0, 5.0, 5.0, 5.0, 5.0, 5.0, 5.0, 5.0, 5.0, 5.0, 5.0, 5.0, 5.0, 5.0, 5.0, 5.0, 5.0, 5.0, 5.0, 5.0, 5.0, 5.0, 5.0, 5.0, 5.0, 5.0, 5.0, 5.0, 5.0, 5.0, 5.0, 5.0, 5.0, 5.0, 5.0, 5.0]
The miller indices for the surface  (1,1,1) has a normal [ 0.5784562   0.44280051  0.68506652] in xyz
 
Transverse frequencies (cm-1)
[   -2.86609803    -2.38444752    -2.09003496    89.25810855    98.02582322
   118.10089976   119.73122145   123.14061608   145.8653366    147.63261278
   170.52379174   170.83771022   199.66221232   213.26922419   233.69029699
   244.82462681   250.69306521   308.5104754    320.65462943   343.38161438
   386.93031245   439.56937533   440.82992837   448.18536152   461.30778257
   481.28887157   528.77825461   618.77336393   710.58952281   787.24178404
   914.05434629   945.04795076  1111.11559124  1117.98832755  1129.17982257
  1155.60962285]
Longitudinal frequencies (cm-1) for q->0 along cartesian  [ 0.5784562   0.44280051  0.68506652]  (1,1,1)
[   -2.82635068    -2.24421151    -1.98290891    92.19208355    98.02582322
   119.73122145   123.14061608   124.98527895   147.61091647   147.63261278
   170.83771022   171.44820129   199.66221232   233.69029699   237.3514531
   245.03190007   250.69306521   308.5104754    325.75949823   343.38161438
   388.92977385   440.07655511   448.18536152   461.30778257   471.10038339
   482.11903979   528.77825461   662.75629541   710.58952281   787.24178404
   920.67977979   945.04795076  1117.98832755  1124.88396206  1155.60962285
  1166.62285507]
Selected mode list is:  [3, 5, 8, 10, 13, 15, 18, 20, 21, 22, 25, 27, 30, 32, 34]
Calculated Integrated IR band intensities (espilon_max assumes a fwhm line width)
mode,Freq(cm-1),Intensity(Debye2/Angstrom2/amu),Integrated_Molar_Absorption_Coefficient(L/mole/cm/cm),epsilon_max(L/mole/cm), FWHM(cm-1)
3 , 89.2581085457 , 0.694225413976 , 2933.5189093 , 373.507228055 , 5.0
5 , 118.100899761 , 1.06310206877 , 4492.2441018 , 571.970283501 , 5.0
8 , 145.865336599 , 4.10787543336 , 17358.2384312 , 2210.11955975 , 5.0
10 , 170.523791743 , 0.207425168936 , 876.495793855 , 111.598910553 , 5.0
13 , 213.26922419 , 2.92076871585 , 12342.0002857 , 1571.43228249 , 5.0
15 , 244.824626812 , 3.24095787382 , 13694.9915916 , 1743.70048592 , 5.0
18 , 320.654629433 , 0.884734695697 , 3738.53493014 , 476.005051242 , 5.0
20 , 386.930312453 , 0.61972486107 , 2618.70937294 , 333.424432979 , 5.0
21 , 439.569375328 , 2.78651826454 , 11774.7115787 , 1499.20284098 , 5.0
22 , 440.829928369 , 10.4454650049 , 44138.3569248 , 5619.87014763 , 5.0
25 , 481.288871567 , 1.53909667161 , 6503.60689554 , 828.064948282 , 5.0
27 , 618.773363932 , 21.3962245356 , 90411.8863977 , 11511.5989076 , 5.0
30 , 914.054346288 , 5.49950853491 , 23238.7232651 , 2958.84614303 , 5.0
32 , 1111.11559124 , 26.1477280917 , 110489.839824 , 14068.0033356 , 5.0
34 , 1129.17982257 , 23.7779801222 , 100476.232805 , 12793.0312913 , 5.0
Permittivity contribution from ionic displacements
[[ 3.36829087 -0.58938257  0.11594928]
 [-0.58938257  3.27092852  0.60827901]
 [ 0.11594928  0.60827901  2.79342031]]
Optical permittivity at zero frequency
[[ 2.4903 -0.0596 -0.2539]
 [-0.0596  2.3894  0.1297]
 [-0.2539  0.1297  2.6999]]
Total permittivity
[[ 5.85859087 -0.64898257 -0.13795072]
 [-0.64898257  5.66032852  0.73797901]
 [-0.13795072  0.73797901  5.49332031]]
Concentration for unit volume fraction in moles / Litre 10.9331979463
