appending to names  qua_hf_2d_f_ir-int.out
The following methods will be used:  ['maxwell']
Creating a csv file:  command.csv
No plotting requested
The frequency increment is  0.2  cm-1
The default width factor (-sigma) has been set to  5.0  cm-1
Permittivity of the medium (-dielectric) has been set to  2.0
Density of the medium (-density) has been set to  2.2
Optical permitivity tensor specified:  [[2.018, 0.0, 0.0], [0.0, 2.018, 0.0], [0.0, 0.0, 2.071]]
Vmin is:  0.0
Vmax is:  300.0
Considering all modes
Reading Born Charge Tensor from output file
WARNING! WARNING! WARNING! WARNING! WARNING!
The numerical precision of the input is limited
WARNING! WARNING! WARNING! WARNING! WARNING!
Reading Normal Modes from output file
WARNING! WARNING! WARNING! WARNING! WARNING!
The numerical precision of the input is limited
WARNING! WARNING! WARNING! WARNING! WARNING!
Shape depolarisation matrix:  needle [0,0,1] 
The miller direction  [0,0,1] is  [ 0.  0.  1.] in xyz
[[ 0.5  0.   0. ]
 [ 0.   0.5  0. ]
 [ 0.   0.   0. ]]

Shape depolarisation matrix:  ellipsoid [0,0,1] 0.5
The miller direction  [0,0,1] is  [ 0.  0.  1.] in xyz
[[ 0.23639986  0.          0.        ]
 [ 0.          0.23639986  0.        ]
 [ 0.          0.          0.52720028]]

Shape depolarisation matrix:  plate (1,0,0) 
The miller indices for the surface  (1,0,0) has a normal [ 1.  0.  0.] in xyz
[[ 1.  0.  0.]
 [ 0.  0.  0.]
 [ 0.  0.  0.]]

Volume of unit cell is  113.05444192  Angstrom^3
Total unit cell mass is:  179.9001  g/mol
Crystal density is:  2.64236493562  g/cc
Complete mode list is:  [0, 1, 2, 3, 4, 5, 6, 7, 8, 9, 10, 11, 12, 13, 14, 15, 16, 17, 18, 19, 20, 21, 22, 23, 24, 25, 26]
Sigmas are  :  [5.0, 5.0, 5.0, 5.0, 5.0, 5.0, 5.0, 5.0, 5.0, 5.0, 5.0, 5.0, 5.0, 5.0, 5.0, 5.0, 5.0, 5.0, 5.0, 5.0, 5.0, 5.0, 5.0, 5.0, 5.0, 5.0, 5.0]
Selected mode list is:  [3, 4, 5, 6, 7, 8, 9, 10, 11, 12, 13, 14, 15, 16, 17, 18, 19, 20, 21, 22, 23, 24, 25, 26]
Calculated Integrated IR band intensities (espilon_max assumes a fwhm line width)
mode,Freq(cm-1),Intensity(Debye2/Angstrom2/amu),Integrated_Molar_Absorption_Coefficient(L/mole/cm/cm),epsilon_max(L/mole/cm), FWHM(cm-1)
3 , 143.36 , 0.000152103273488 , 0.642727592451 , 0.0818346187202 , 5.0
4 , 143.36 , 0.000117363631375 , 0.495931760737 , 0.063143992926 , 5.0
5 , 219.76 , 2.57365795773e-06 , 0.0108752490662 , 0.00138467971699 , 5.0
6 , 285.8 , 0.219735228699 , 928.513182388 , 118.221970162 , 5.0
7 , 285.8 , 0.219089282759 , 925.783673225 , 117.874438262 , 5.0
8 , 383.15 , 2.28765156648e-07 , 0.000966670045934 , 0.000123080252919 , 5.0
9 , 395.26 , 5.33710913024 , 22552.4883408 , 2871.47199876 , 5.0
10 , 428.18 , 2.82819182949 , 11950.8073947 , 1521.62405664 , 5.0
11 , 428.18 , 2.82627208417 , 11942.6953189 , 1520.59119507 , 5.0
12 , 492.09 , 10.4618582799 , 44207.6283475 , 5628.69005909 , 5.0
13 , 492.09 , 10.4718633722 , 44249.9058654 , 5634.07299987 , 5.0
14 , 502.25 , 1.32868891515e-08 , 5.61450787988e-05 , 7.14861345689e-06 , 5.0
15 , 544.53 , 10.6594830448 , 45042.711554 , 5735.01615526 , 5.0
16 , 739.67 , 0.594029518848 , 2510.13113484 , 319.599822335 , 5.0
17 , 739.67 , 0.601127301602 , 2540.12352565 , 323.418572137 , 5.0
18 , 824.1 , 3.26329662148 , 13789.3862037 , 1755.71918122 , 5.0
19 , 847.31 , 4.95251571521 , 20927.3504062 , 2664.55301037 , 5.0
20 , 847.31 , 4.94832340608 , 20909.6353847 , 2662.29746378 , 5.0
21 , 1124.43 , 41.1918061519 , 174060.096076 , 22162.0197484 , 5.0
22 , 1124.43 , 41.1346876834 , 173818.736275 , 22131.2888641 , 5.0
23 , 1131.32 , 43.9282349347 , 185623.14954 , 23634.2734413 , 5.0
24 , 1139.5 , 2.62715034379e-05 , 0.111012864927 , 0.01413459696 , 5.0
25 , 1233.44 , 0.609044439573 , 2573.57818386 , 327.678151516 , 5.0
26 , 1233.44 , 0.611404032292 , 2583.54887885 , 328.947659831 , 5.0
Permittivity contribution from ionic displacements
[[  1.93102747e+00   6.24316158e-04  -2.51553647e-04]
 [  6.24316158e-04   1.92826026e+00   6.27282776e-04]
 [ -2.51553647e-04   6.27282776e-04   2.06086186e+00]]
Optical permittivity at zero frequency
[[ 2.018  0.     0.   ]
 [ 0.     2.018  0.   ]
 [ 0.     0.     2.071]]
Total permittivity
[[  3.94902747e+00   6.24316158e-04  -2.51553647e-04]
 [  6.24316158e-04   3.94626026e+00   6.27282776e-04]
 [ -2.51553647e-04   6.27282776e-04   4.13186186e+00]]
Concentration for unit volume fraction in moles / Litre 14.687957014
